#
# A fatal error has been detected by the Java Runtime Environment:
#
#  SIGSEGV (0xb) at pc=0x00007f9e3751b51f, pid=8854, tid=8883
#
# JRE version: Java(TM) SE Runtime Environment (11.0.1+13) (build 11.0.1+13-LTS)
# Java VM: Java HotSpot(TM) 64-Bit Server VM (11.0.1+13-LTS, mixed mode, tiered, compressed oops, g1 gc, linux-amd64)
# Problematic frame:
# C  [libX11.so.6+0x2e51f]  XInternAtom+0x3f
#
# Core dump will be written. Default location: Core dumps may be processed with "/usr/lib/systemd/systemd-coredump %P %u %g %s %t %c %h %e" (or dumping to /home/mauricioriva/Downloads/SistemaSolar/src/core.8854)
#
# If you would like to submit a bug report, please visit:
#   http://bugreport.java.com/bugreport/crash.jsp
# The crash happened outside the Java Virtual Machine in native code.
# See problematic frame for where to report the bug.
#

---------------  S U M M A R Y ------------

Command Line: --module-path=/home/mauricioriva/javafx/openjfx-11.0.1_linux-x64_bin-sdk/javafx-sdk-11.0.1/lib --add-modules=javafx.controls sistemasolar.SistemaSolar

Host: Intel(R) Core(TM) i3-5005U CPU @ 2.00GHz, 4 cores, 7G, Fedora release 28 (Twenty Eight)
Time: Wed Nov 14 10:47:08 2018 CST elapsed time: 0 seconds (0d 0h 0m 0s)

---------------  T H R E A D  ---------------

Current thread (0x00007f9e84451000):  JavaThread "GtkNativeMainLoopThread" [_thread_in_native, id=8883, stack(0x00007f9e5c647000,0x00007f9e5c748000)]

Stack: [0x00007f9e5c647000,0x00007f9e5c748000],  sp=0x00007f9e5c746020,  free space=1020k
Native frames: (J=compiled Java code, A=aot compiled Java code, j=interpreted, Vv=VM code, C=native code)
C  [libX11.so.6+0x2e51f]  XInternAtom+0x3f

Java frames: (J=compiled Java code, j=interpreted, Vv=VM code)
j  com.sun.glass.ui.gtk.GtkApplication.staticScreen_getScreens()[Lcom/sun/glass/ui/Screen;+0 javafx.graphics
j  com.sun.glass.ui.Screen.initScreens()V+6 javafx.graphics
j  com.sun.glass.ui.Application.lambda$run$1(Ljava/lang/Runnable;)V+0 javafx.graphics
j  com.sun.glass.ui.Application$$Lambda$93.run()V+4 javafx.graphics
v  ~StubRoutines::call_stub
j  com.sun.glass.ui.gtk.GtkApplication._runLoop(Ljava/lang/Runnable;Z)V+0 javafx.graphics
j  com.sun.glass.ui.gtk.GtkApplication.lambda$runLoop$11(Ljava/lang/Runnable;Z)V+7 javafx.graphics
j  com.sun.glass.ui.gtk.GtkApplication$$Lambda$97.run()V+12 javafx.graphics
j  java.lang.Thread.run()V+11 java.base@11.0.1
v  ~StubRoutines::call_stub

siginfo: si_signo: 11 (SIGSEGV), si_code: 1 (SEGV_MAPERR), si_addr: 0x0000000000000198

Register to memory mapping:

RAX=0x0000000000000198 is an unknown value
RBX=0x00007f9e843d0100 points into unknown readable memory
RCX=0x0000000000000001 is an unknown value
RDX=0x0000000000000001 is an unknown value
RSP=0x00007f9e5c746020 is pointing into the stack for thread: 0x00007f9e84451000
RBP=0x00007f9e066dee29: <offset 0x0000000000038e29> in /home/mauricioriva/javafx/openjfx-11.0.1_linux-x64_bin-sdk/javafx-sdk-11.0.1/lib/libglassgtk3.so at 0x00007f9e066a6000
RSI=0x00007f9e066dee29: <offset 0x0000000000038e29> in /home/mauricioriva/javafx/openjfx-11.0.1_linux-x64_bin-sdk/javafx-sdk-11.0.1/lib/libglassgtk3.so at 0x00007f9e066a6000
RDI=0x00007f9e843d0100 points into unknown readable memory
R8 =0x0000000000000001 is an unknown value
R9 =0x00007f9e84451000 is a thread
R10=0x0 is NULL
R11=0x00007f9e3751b4e0: XInternAtom+0x0000000000000000 in /lib64/libX11.so.6 at 0x00007f9e374ed000
R12=0x0000000000000001 is an unknown value
R13=0x00007f9e84451340 points into unknown readable memory
R14=0x00007f9e843d0100 points into unknown readable memory
R15=0x00007f9e843d0100 points into unknown readable memory


Registers:
RAX=0x0000000000000198, RBX=0x00007f9e843d0100, RCX=0x0000000000000001, RDX=0x0000000000000001
RSP=0x00007f9e5c746020, RBP=0x00007f9e066dee29, RSI=0x00007f9e066dee29, RDI=0x00007f9e843d0100
R8 =0x0000000000000001, R9 =0x00007f9e84451000, R10=0x0000000000000000, R11=0x00007f9e3751b4e0
R12=0x0000000000000001, R13=0x00007f9e84451340, R14=0x00007f9e843d0100, R15=0x00007f9e843d0100
RIP=0x00007f9e3751b51f, EFLAGS=0x0000000000010202, CSGSFS=0x002b000000000033, ERR=0x0000000000000004
  TRAPNO=0x000000000000000e

Top of Stack: (sp=0x00007f9e5c746020)
0x00007f9e5c746020:   0000000000000000 0000000000000000
0x00007f9e5c746030:   0000000000000000 0000000000000000
0x00007f9e5c746040:   0000000000000000 0000000000000000
0x00007f9e5c746050:   00000001000f1818 00007f9e84451000 

Instructions: (pc=0x00007f9e3751b51f)
0x00007f9e3751b4ff:   89 44 24 48 31 c0 48 8d 05 4c 83 08 00 48 85 f6
0x00007f9e3751b50f:   48 0f 44 e8 48 8b 87 68 09 00 00 48 85 c0 74 02
0x00007f9e3751b51f:   ff 10 48 8d 4c 24 18 4c 8d 4c 24 14 44 89 e2 48
0x00007f9e3751b52f:   89 ee 4c 8d 44 24 10 48 89 df e8 12 fa ff ff 48 


---------------  P R O C E S S  ---------------

Threads class SMR info:
_java_thread_list=0x00007f9e84451e60, length=12, elements={
0x00007f9e84011800, 0x00007f9e8414d800, 0x00007f9e84151800, 0x00007f9e84164800,
0x00007f9e84166800, 0x00007f9e84168800, 0x00007f9e8416a800, 0x00007f9e8420c800,
0x00007f9e842c1000, 0x00007f9e84373000, 0x00007f9e8444f000, 0x00007f9e84451000
}

Java Threads: ( => current thread )
  0x00007f9e84011800 JavaThread "main" [_thread_blocked, id=8855, stack(0x00007f9e8bcf9000,0x00007f9e8bdfa000)]
  0x00007f9e8414d800 JavaThread "Reference Handler" daemon [_thread_blocked, id=8862, stack(0x00007f9e5d176000,0x00007f9e5d277000)]
  0x00007f9e84151800 JavaThread "Finalizer" daemon [_thread_blocked, id=8863, stack(0x00007f9e5d075000,0x00007f9e5d176000)]
  0x00007f9e84164800 JavaThread "Signal Dispatcher" daemon [_thread_blocked, id=8869, stack(0x00007f9e5cf74000,0x00007f9e5d075000)]
  0x00007f9e84166800 JavaThread "C2 CompilerThread0" daemon [_thread_blocked, id=8870, stack(0x00007f9e5ce73000,0x00007f9e5cf74000)]
  0x00007f9e84168800 JavaThread "C1 CompilerThread0" daemon [_thread_blocked, id=8871, stack(0x00007f9e5cd72000,0x00007f9e5ce73000)]
  0x00007f9e8416a800 JavaThread "Sweeper thread" daemon [_thread_blocked, id=8872, stack(0x00007f9e5cc71000,0x00007f9e5cd72000)]
  0x00007f9e8420c800 JavaThread "Common-Cleaner" daemon [_thread_blocked, id=8873, stack(0x00007f9e5c748000,0x00007f9e5c849000)]
  0x00007f9e842c1000 JavaThread "Service Thread" daemon [_thread_blocked, id=8875, stack(0x00007f9e5c546000,0x00007f9e5c647000)]
  0x00007f9e84373000 JavaThread "QuantumRenderer-0" daemon [_thread_blocked, id=8878, stack(0x00007f9e5c343000,0x00007f9e5c444000)]
  0x00007f9e8444f000 JavaThread "InvokeLaterDispatcher" daemon [_thread_blocked, id=8882, stack(0x00007f9e34022000,0x00007f9e34123000)]
=>0x00007f9e84451000 JavaThread "GtkNativeMainLoopThread" [_thread_in_native, id=8883, stack(0x00007f9e5c647000,0x00007f9e5c748000)]

Other Threads:
  0x00007f9e84145800 VMThread "VM Thread" [stack: 0x00007f9e5d279000,0x00007f9e5d379000] [id=8861]
  0x00007f9e842c4000 WatcherThread [stack: 0x00007f9e5c446000,0x00007f9e5c546000] [id=8876]
  0x00007f9e84039000 GCTaskThread "GC Thread#0" [stack: 0x00007f9e88618000,0x00007f9e88718000] [id=8856]
  0x00007f9e50001000 GCTaskThread "GC Thread#1" [stack: 0x00007f9e0478e000,0x00007f9e0488e000] [id=8884]
  0x00007f9e50002800 GCTaskThread "GC Thread#2" [stack: 0x00007f9e0468c000,0x00007f9e0478c000] [id=8885]
  0x00007f9e50004000 GCTaskThread "GC Thread#3" [stack: 0x00007f9e0458a000,0x00007f9e0468a000] [id=8886]
  0x00007f9e8406a000 ConcurrentGCThread "G1 Main Marker" [stack: 0x00007f9e88112000,0x00007f9e88212000] [id=8857]
  0x00007f9e8406c000 ConcurrentGCThread "G1 Conc#0" [stack: 0x00007f9e88010000,0x00007f9e88110000] [id=8858]
  0x00007f9e840e4000 ConcurrentGCThread "G1 Refine#0" [stack: 0x00007f9e5dcfe000,0x00007f9e5ddfe000] [id=8859]
  0x00007f9e840e6000 ConcurrentGCThread "G1 Young RemSet Sampling" [stack: 0x00007f9e5dbfc000,0x00007f9e5dcfc000] [id=8860]

Threads with active compile tasks:

VM state:not at safepoint (normal execution)

VM Mutex/Monitor currently owned by a thread: None

Heap address: 0x0000000084a00000, size: 1974 MB, Compressed Oops mode: 32-bit
Narrow klass base: 0x0000000000000000, Narrow klass shift: 3
Compressed class space size: 1073741824 Address: 0x0000000100000000

Heap:
 garbage-first heap   total 126976K, used 1817K [0x0000000084a00000, 0x0000000100000000)
  region size 1024K, 3 young (3072K), 2 survivors (2048K)
 Metaspace       used 9003K, capacity 9320K, committed 9600K, reserved 1058816K
  class space    used 907K, capacity 1050K, committed 1152K, reserved 1048576K
Heap Regions: E=young(eden), S=young(survivor), O=old, HS=humongous(starts), HC=humongous(continues), CS=collection set, F=free, A=archive, TAMS=top-at-mark-start (previous, next)
|   0|0x0000000084a00000, 0x0000000084a00000, 0x0000000084b00000|  0%| F|  |TAMS 0x0000000084a00000, 0x0000000084a00000| Untracked 
|   1|0x0000000084b00000, 0x0000000084b00000, 0x0000000084c00000|  0%| F|  |TAMS 0x0000000084b00000, 0x0000000084b00000| Untracked 
|   2|0x0000000084c00000, 0x0000000084c00000, 0x0000000084d00000|  0%| F|  |TAMS 0x0000000084c00000, 0x0000000084c00000| Untracked 
|   3|0x0000000084d00000, 0x0000000084d00000, 0x0000000084e00000|  0%| F|  |TAMS 0x0000000084d00000, 0x0000000084d00000| Untracked 
|   4|0x0000000084e00000, 0x0000000084e00000, 0x0000000084f00000|  0%| F|  |TAMS 0x0000000084e00000, 0x0000000084e00000| Untracked 
|   5|0x0000000084f00000, 0x0000000084f00000, 0x0000000085000000|  0%| F|  |TAMS 0x0000000084f00000, 0x0000000084f00000| Untracked 
|   6|0x0000000085000000, 0x0000000085000000, 0x0000000085100000|  0%| F|  |TAMS 0x0000000085000000, 0x0000000085000000| Untracked 
|   7|0x0000000085100000, 0x0000000085100000, 0x0000000085200000|  0%| F|  |TAMS 0x0000000085100000, 0x0000000085100000| Untracked 
|   8|0x0000000085200000, 0x0000000085200000, 0x0000000085300000|  0%| F|  |TAMS 0x0000000085200000, 0x0000000085200000| Untracked 
|   9|0x0000000085300000, 0x0000000085300000, 0x0000000085400000|  0%| F|  |TAMS 0x0000000085300000, 0x0000000085300000| Untracked 
|  10|0x0000000085400000, 0x0000000085400000, 0x0000000085500000|  0%| F|  |TAMS 0x0000000085400000, 0x0000000085400000| Untracked 
|  11|0x0000000085500000, 0x0000000085500000, 0x0000000085600000|  0%| F|  |TAMS 0x0000000085500000, 0x0000000085500000| Untracked 
|  12|0x0000000085600000, 0x0000000085600000, 0x0000000085700000|  0%| F|  |TAMS 0x0000000085600000, 0x0000000085600000| Untracked 
|  13|0x0000000085700000, 0x0000000085700000, 0x0000000085800000|  0%| F|  |TAMS 0x0000000085700000, 0x0000000085700000| Untracked 
|  14|0x0000000085800000, 0x0000000085800000, 0x0000000085900000|  0%| F|  |TAMS 0x0000000085800000, 0x0000000085800000| Untracked 
|  15|0x0000000085900000, 0x0000000085900000, 0x0000000085a00000|  0%| F|  |TAMS 0x0000000085900000, 0x0000000085900000| Untracked 
|  16|0x0000000085a00000, 0x0000000085a00000, 0x0000000085b00000|  0%| F|  |TAMS 0x0000000085a00000, 0x0000000085a00000| Untracked 
|  17|0x0000000085b00000, 0x0000000085b00000, 0x0000000085c00000|  0%| F|  |TAMS 0x0000000085b00000, 0x0000000085b00000| Untracked 
|  18|0x0000000085c00000, 0x0000000085c00000, 0x0000000085d00000|  0%| F|  |TAMS 0x0000000085c00000, 0x0000000085c00000| Untracked 
|  19|0x0000000085d00000, 0x0000000085d00000, 0x0000000085e00000|  0%| F|  |TAMS 0x0000000085d00000, 0x0000000085d00000| Untracked 
|  20|0x0000000085e00000, 0x0000000085e00000, 0x0000000085f00000|  0%| F|  |TAMS 0x0000000085e00000, 0x0000000085e00000| Untracked 
|  21|0x0000000085f00000, 0x0000000085f00000, 0x0000000086000000|  0%| F|  |TAMS 0x0000000085f00000, 0x0000000085f00000| Untracked 
|  22|0x0000000086000000, 0x0000000086000000, 0x0000000086100000|  0%| F|  |TAMS 0x0000000086000000, 0x0000000086000000| Untracked 
|  23|0x0000000086100000, 0x0000000086100000, 0x0000000086200000|  0%| F|  |TAMS 0x0000000086100000, 0x0000000086100000| Untracked 
|  24|0x0000000086200000, 0x0000000086200000, 0x0000000086300000|  0%| F|  |TAMS 0x0000000086200000, 0x0000000086200000| Untracked 
|  25|0x0000000086300000, 0x0000000086300000, 0x0000000086400000|  0%| F|  |TAMS 0x0000000086300000, 0x0000000086300000| Untracked 
|  26|0x0000000086400000, 0x0000000086400000, 0x0000000086500000|  0%| F|  |TAMS 0x0000000086400000, 0x0000000086400000| Untracked 
|  27|0x0000000086500000, 0x0000000086500000, 0x0000000086600000|  0%| F|  |TAMS 0x0000000086500000, 0x0000000086500000| Untracked 
|  28|0x0000000086600000, 0x0000000086600000, 0x0000000086700000|  0%| F|  |TAMS 0x0000000086600000, 0x0000000086600000| Untracked 
|  29|0x0000000086700000, 0x0000000086700000, 0x0000000086800000|  0%| F|  |TAMS 0x0000000086700000, 0x0000000086700000| Untracked 
|  30|0x0000000086800000, 0x0000000086800000, 0x0000000086900000|  0%| F|  |TAMS 0x0000000086800000, 0x0000000086800000| Untracked 
|  31|0x0000000086900000, 0x0000000086900000, 0x0000000086a00000|  0%| F|  |TAMS 0x0000000086900000, 0x0000000086900000| Untracked 
|  32|0x0000000086a00000, 0x0000000086a00000, 0x0000000086b00000|  0%| F|  |TAMS 0x0000000086a00000, 0x0000000086a00000| Untracked 
|  33|0x0000000086b00000, 0x0000000086b00000, 0x0000000086c00000|  0%| F|  |TAMS 0x0000000086b00000, 0x0000000086b00000| Untracked 
|  34|0x0000000086c00000, 0x0000000086c00000, 0x0000000086d00000|  0%| F|  |TAMS 0x0000000086c00000, 0x0000000086c00000| Untracked 
|  35|0x0000000086d00000, 0x0000000086d00000, 0x0000000086e00000|  0%| F|  |TAMS 0x0000000086d00000, 0x0000000086d00000| Untracked 
|  36|0x0000000086e00000, 0x0000000086e00000, 0x0000000086f00000|  0%| F|  |TAMS 0x0000000086e00000, 0x0000000086e00000| Untracked 
|  37|0x0000000086f00000, 0x0000000086f00000, 0x0000000087000000|  0%| F|  |TAMS 0x0000000086f00000, 0x0000000086f00000| Untracked 
|  38|0x0000000087000000, 0x0000000087000000, 0x0000000087100000|  0%| F|  |TAMS 0x0000000087000000, 0x0000000087000000| Untracked 
|  39|0x0000000087100000, 0x0000000087100000, 0x0000000087200000|  0%| F|  |TAMS 0x0000000087100000, 0x0000000087100000| Untracked 
|  40|0x0000000087200000, 0x0000000087200000, 0x0000000087300000|  0%| F|  |TAMS 0x0000000087200000, 0x0000000087200000| Untracked 
|  41|0x0000000087300000, 0x0000000087300000, 0x0000000087400000|  0%| F|  |TAMS 0x0000000087300000, 0x0000000087300000| Untracked 
|  42|0x0000000087400000, 0x0000000087400000, 0x0000000087500000|  0%| F|  |TAMS 0x0000000087400000, 0x0000000087400000| Untracked 
|  43|0x0000000087500000, 0x0000000087500000, 0x0000000087600000|  0%| F|  |TAMS 0x0000000087500000, 0x0000000087500000| Untracked 
|  44|0x0000000087600000, 0x0000000087600000, 0x0000000087700000|  0%| F|  |TAMS 0x0000000087600000, 0x0000000087600000| Untracked 
|  45|0x0000000087700000, 0x0000000087700000, 0x0000000087800000|  0%| F|  |TAMS 0x0000000087700000, 0x0000000087700000| Untracked 
|  46|0x0000000087800000, 0x0000000087800000, 0x0000000087900000|  0%| F|  |TAMS 0x0000000087800000, 0x0000000087800000| Untracked 
|  47|0x0000000087900000, 0x0000000087900000, 0x0000000087a00000|  0%| F|  |TAMS 0x0000000087900000, 0x0000000087900000| Untracked 
|  48|0x0000000087a00000, 0x0000000087a00000, 0x0000000087b00000|  0%| F|  |TAMS 0x0000000087a00000, 0x0000000087a00000| Untracked 
|  49|0x0000000087b00000, 0x0000000087b00000, 0x0000000087c00000|  0%| F|  |TAMS 0x0000000087b00000, 0x0000000087b00000| Untracked 
|  50|0x0000000087c00000, 0x0000000087c00000, 0x0000000087d00000|  0%| F|  |TAMS 0x0000000087c00000, 0x0000000087c00000| Untracked 
|  51|0x0000000087d00000, 0x0000000087d00000, 0x0000000087e00000|  0%| F|  |TAMS 0x0000000087d00000, 0x0000000087d00000| Untracked 
|  52|0x0000000087e00000, 0x0000000087e00000, 0x0000000087f00000|  0%| F|  |TAMS 0x0000000087e00000, 0x0000000087e00000| Untracked 
|  53|0x0000000087f00000, 0x0000000087f00000, 0x0000000088000000|  0%| F|  |TAMS 0x0000000087f00000, 0x0000000087f00000| Untracked 
|  54|0x0000000088000000, 0x0000000088000000, 0x0000000088100000|  0%| F|  |TAMS 0x0000000088000000, 0x0000000088000000| Untracked 
|  55|0x0000000088100000, 0x0000000088100000, 0x0000000088200000|  0%| F|  |TAMS 0x0000000088100000, 0x0000000088100000| Untracked 
|  56|0x0000000088200000, 0x0000000088200000, 0x0000000088300000|  0%| F|  |TAMS 0x0000000088200000, 0x0000000088200000| Untracked 
|  57|0x0000000088300000, 0x0000000088300000, 0x0000000088400000|  0%| F|  |TAMS 0x0000000088300000, 0x0000000088300000| Untracked 
|  58|0x0000000088400000, 0x0000000088400000, 0x0000000088500000|  0%| F|  |TAMS 0x0000000088400000, 0x0000000088400000| Untracked 
|  59|0x0000000088500000, 0x0000000088500000, 0x0000000088600000|  0%| F|  |TAMS 0x0000000088500000, 0x0000000088500000| Untracked 
|  60|0x0000000088600000, 0x0000000088600000, 0x0000000088700000|  0%| F|  |TAMS 0x0000000088600000, 0x0000000088600000| Untracked 
|  61|0x0000000088700000, 0x0000000088700000, 0x0000000088800000|  0%| F|  |TAMS 0x0000000088700000, 0x0000000088700000| Untracked 
|  62|0x0000000088800000, 0x0000000088800000, 0x0000000088900000|  0%| F|  |TAMS 0x0000000088800000, 0x0000000088800000| Untracked 
|  63|0x0000000088900000, 0x0000000088900000, 0x0000000088a00000|  0%| F|  |TAMS 0x0000000088900000, 0x0000000088900000| Untracked 
|  64|0x0000000088a00000, 0x0000000088a00000, 0x0000000088b00000|  0%| F|  |TAMS 0x0000000088a00000, 0x0000000088a00000| Untracked 
|  65|0x0000000088b00000, 0x0000000088b00000, 0x0000000088c00000|  0%| F|  |TAMS 0x0000000088b00000, 0x0000000088b00000| Untracked 
|  66|0x0000000088c00000, 0x0000000088c00000, 0x0000000088d00000|  0%| F|  |TAMS 0x0000000088c00000, 0x0000000088c00000| Untracked 
|  67|0x0000000088d00000, 0x0000000088d00000, 0x0000000088e00000|  0%| F|  |TAMS 0x0000000088d00000, 0x0000000088d00000| Untracked 
|  68|0x0000000088e00000, 0x0000000088e00000, 0x0000000088f00000|  0%| F|  |TAMS 0x0000000088e00000, 0x0000000088e00000| Untracked 
|  69|0x0000000088f00000, 0x0000000088f00000, 0x0000000089000000|  0%| F|  |TAMS 0x0000000088f00000, 0x0000000088f00000| Untracked 
|  70|0x0000000089000000, 0x0000000089000000, 0x0000000089100000|  0%| F|  |TAMS 0x0000000089000000, 0x0000000089000000| Untracked 
|  71|0x0000000089100000, 0x0000000089100000, 0x0000000089200000|  0%| F|  |TAMS 0x0000000089100000, 0x0000000089100000| Untracked 
|  72|0x0000000089200000, 0x0000000089200000, 0x0000000089300000|  0%| F|  |TAMS 0x0000000089200000, 0x0000000089200000| Untracked 
|  73|0x0000000089300000, 0x0000000089300000, 0x0000000089400000|  0%| F|  |TAMS 0x0000000089300000, 0x0000000089300000| Untracked 
|  74|0x0000000089400000, 0x0000000089400000, 0x0000000089500000|  0%| F|  |TAMS 0x0000000089400000, 0x0000000089400000| Untracked 
|  75|0x0000000089500000, 0x0000000089500000, 0x0000000089600000|  0%| F|  |TAMS 0x0000000089500000, 0x0000000089500000| Untracked 
|  76|0x0000000089600000, 0x0000000089600000, 0x0000000089700000|  0%| F|  |TAMS 0x0000000089600000, 0x0000000089600000| Untracked 
|  77|0x0000000089700000, 0x0000000089700000, 0x0000000089800000|  0%| F|  |TAMS 0x0000000089700000, 0x0000000089700000| Untracked 
|  78|0x0000000089800000, 0x0000000089800000, 0x0000000089900000|  0%| F|  |TAMS 0x0000000089800000, 0x0000000089800000| Untracked 
|  79|0x0000000089900000, 0x0000000089900000, 0x0000000089a00000|  0%| F|  |TAMS 0x0000000089900000, 0x0000000089900000| Untracked 
|  80|0x0000000089a00000, 0x0000000089a00000, 0x0000000089b00000|  0%| F|  |TAMS 0x0000000089a00000, 0x0000000089a00000| Untracked 
|  81|0x0000000089b00000, 0x0000000089b00000, 0x0000000089c00000|  0%| F|  |TAMS 0x0000000089b00000, 0x0000000089b00000| Untracked 
|  82|0x0000000089c00000, 0x0000000089c00000, 0x0000000089d00000|  0%| F|  |TAMS 0x0000000089c00000, 0x0000000089c00000| Untracked 
|  83|0x0000000089d00000, 0x0000000089d00000, 0x0000000089e00000|  0%| F|  |TAMS 0x0000000089d00000, 0x0000000089d00000| Untracked 
|  84|0x0000000089e00000, 0x0000000089e00000, 0x0000000089f00000|  0%| F|  |TAMS 0x0000000089e00000, 0x0000000089e00000| Untracked 
|  85|0x0000000089f00000, 0x0000000089f00000, 0x000000008a000000|  0%| F|  |TAMS 0x0000000089f00000, 0x0000000089f00000| Untracked 
|  86|0x000000008a000000, 0x000000008a000000, 0x000000008a100000|  0%| F|  |TAMS 0x000000008a000000, 0x000000008a000000| Untracked 
|  87|0x000000008a100000, 0x000000008a100000, 0x000000008a200000|  0%| F|  |TAMS 0x000000008a100000, 0x000000008a100000| Untracked 
|  88|0x000000008a200000, 0x000000008a200000, 0x000000008a300000|  0%| F|  |TAMS 0x000000008a200000, 0x000000008a200000| Untracked 
|  89|0x000000008a300000, 0x000000008a300000, 0x000000008a400000|  0%| F|  |TAMS 0x000000008a300000, 0x000000008a300000| Untracked 
|  90|0x000000008a400000, 0x000000008a400000, 0x000000008a500000|  0%| F|  |TAMS 0x000000008a400000, 0x000000008a400000| Untracked 
|  91|0x000000008a500000, 0x000000008a500000, 0x000000008a600000|  0%| F|  |TAMS 0x000000008a500000, 0x000000008a500000| Untracked 
|  92|0x000000008a600000, 0x000000008a600000, 0x000000008a700000|  0%| F|  |TAMS 0x000000008a600000, 0x000000008a600000| Untracked 
|  93|0x000000008a700000, 0x000000008a700000, 0x000000008a800000|  0%| F|  |TAMS 0x000000008a700000, 0x000000008a700000| Untracked 
|  94|0x000000008a800000, 0x000000008a800000, 0x000000008a900000|  0%| F|  |TAMS 0x000000008a800000, 0x000000008a800000| Untracked 
|  95|0x000000008a900000, 0x000000008a900000, 0x000000008aa00000|  0%| F|  |TAMS 0x000000008a900000, 0x000000008a900000| Untracked 
|  96|0x000000008aa00000, 0x000000008aa00000, 0x000000008ab00000|  0%| F|  |TAMS 0x000000008aa00000, 0x000000008aa00000| Untracked 
|  97|0x000000008ab00000, 0x000000008ab00000, 0x000000008ac00000|  0%| F|  |TAMS 0x000000008ab00000, 0x000000008ab00000| Untracked 
|  98|0x000000008ac00000, 0x000000008ac00000, 0x000000008ad00000|  0%| F|  |TAMS 0x000000008ac00000, 0x000000008ac00000| Untracked 
|  99|0x000000008ad00000, 0x000000008ad00000, 0x000000008ae00000|  0%| F|  |TAMS 0x000000008ad00000, 0x000000008ad00000| Untracked 
| 100|0x000000008ae00000, 0x000000008ae00000, 0x000000008af00000|  0%| F|  |TAMS 0x000000008ae00000, 0x000000008ae00000| Untracked 
| 101|0x000000008af00000, 0x000000008af00000, 0x000000008b000000|  0%| F|  |TAMS 0x000000008af00000, 0x000000008af00000| Untracked 
| 102|0x000000008b000000, 0x000000008b000000, 0x000000008b100000|  0%| F|  |TAMS 0x000000008b000000, 0x000000008b000000| Untracked 
| 103|0x000000008b100000, 0x000000008b100000, 0x000000008b200000|  0%| F|  |TAMS 0x000000008b100000, 0x000000008b100000| Untracked 
| 104|0x000000008b200000, 0x000000008b200000, 0x000000008b300000|  0%| F|  |TAMS 0x000000008b200000, 0x000000008b200000| Untracked 
| 105|0x000000008b300000, 0x000000008b300000, 0x000000008b400000|  0%| F|  |TAMS 0x000000008b300000, 0x000000008b300000| Untracked 
| 106|0x000000008b400000, 0x000000008b400000, 0x000000008b500000|  0%| F|  |TAMS 0x000000008b400000, 0x000000008b400000| Untracked 
| 107|0x000000008b500000, 0x000000008b500000, 0x000000008b600000|  0%| F|  |TAMS 0x000000008b500000, 0x000000008b500000| Untracked 
| 108|0x000000008b600000, 0x000000008b6c6528, 0x000000008b700000| 77%| S|CS|TAMS 0x000000008b600000, 0x000000008b600000| Complete 
| 109|0x000000008b700000, 0x000000008b800000, 0x000000008b800000|100%| S|CS|TAMS 0x000000008b700000, 0x000000008b700000| Complete 
| 110|0x000000008b800000, 0x000000008b800000, 0x000000008b900000|  0%| F|  |TAMS 0x000000008b800000, 0x000000008b800000| Untracked 
| 111|0x000000008b900000, 0x000000008b900000, 0x000000008ba00000|  0%| F|  |TAMS 0x000000008b900000, 0x000000008b900000| Untracked 
| 112|0x000000008ba00000, 0x000000008ba00000, 0x000000008bb00000|  0%| F|  |TAMS 0x000000008ba00000, 0x000000008ba00000| Untracked 
| 113|0x000000008bb00000, 0x000000008bb00000, 0x000000008bc00000|  0%| F|  |TAMS 0x000000008bb00000, 0x000000008bb00000| Untracked 
| 114|0x000000008bc00000, 0x000000008bc00000, 0x000000008bd00000|  0%| F|  |TAMS 0x000000008bc00000, 0x000000008bc00000| Untracked 
| 115|0x000000008bd00000, 0x000000008bd00000, 0x000000008be00000|  0%| F|  |TAMS 0x000000008bd00000, 0x000000008bd00000| Untracked 
| 116|0x000000008be00000, 0x000000008be00000, 0x000000008bf00000|  0%| F|  |TAMS 0x000000008be00000, 0x000000008be00000| Untracked 
| 117|0x000000008bf00000, 0x000000008bf00000, 0x000000008c000000|  0%| F|  |TAMS 0x000000008bf00000, 0x000000008bf00000| Untracked 
| 118|0x000000008c000000, 0x000000008c000000, 0x000000008c100000|  0%| F|  |TAMS 0x000000008c000000, 0x000000008c000000| Untracked 
| 119|0x000000008c100000, 0x000000008c100000, 0x000000008c200000|  0%| F|  |TAMS 0x000000008c100000, 0x000000008c100000| Untracked 
| 120|0x000000008c200000, 0x000000008c200000, 0x000000008c300000|  0%| F|  |TAMS 0x000000008c200000, 0x000000008c200000| Untracked 
| 121|0x000000008c300000, 0x000000008c300000, 0x000000008c400000|  0%| F|  |TAMS 0x000000008c300000, 0x000000008c300000| Untracked 
| 122|0x000000008c400000, 0x000000008c400000, 0x000000008c500000|  0%| F|  |TAMS 0x000000008c400000, 0x000000008c400000| Untracked 
| 123|0x000000008c500000, 0x000000008c580800, 0x000000008c600000| 50%| E|  |TAMS 0x000000008c500000, 0x000000008c500000| Complete 

Card table byte_map: [0x00007f9e6c48f000,0x00007f9e6c86a000] _byte_map_base: 0x00007f9e6c06a000

Marking Bits (Prev, Next): (CMBitMap*) 0x00007f9e840617d8, (CMBitMap*) 0x00007f9e84061810
 Prev Bits: [0x00007f9e66128000, 0x00007f9e68000000)
 Next Bits: [0x00007f9e64250000, 0x00007f9e66128000)

Polling page: 0x00007f9e8be16000

Metaspace:

Usage:
  Non-class:      8.08 MB capacity,     7.91 MB ( 98%) used,   146.64 KB (  2%) free+waste,    27.31 KB ( <1%) overhead. 
      Class:      1.03 MB capacity,   907.45 KB ( 86%) used,   128.48 KB ( 12%) free+waste,    14.06 KB (  1%) overhead. 
       Both:      9.10 MB capacity,     8.79 MB ( 97%) used,   275.12 KB (  3%) free+waste,    41.38 KB ( <1%) overhead. 

Virtual space:
  Non-class space:       10.00 MB reserved,       8.25 MB ( 82%) committed 
      Class space:        1.00 GB reserved,       1.12 MB ( <1%) committed 
             Both:        1.01 GB reserved,       9.38 MB ( <1%) committed 

Chunk freelists:
   Non-Class:  8.25 KB
       Class:  768 bytes
        Both:  9.00 KB

CodeHeap 'non-profiled nmethods': size=120032Kb used=252Kb max_used=252Kb free=119779Kb
 bounds [0x00007f9e7470d000, 0x00007f9e7497d000, 0x00007f9e7bc45000]
CodeHeap 'profiled nmethods': size=120032Kb used=1070Kb max_used=1070Kb free=118961Kb
 bounds [0x00007f9e6d1d5000, 0x00007f9e6d445000, 0x00007f9e7470d000]
CodeHeap 'non-nmethods': size=5696Kb used=1106Kb max_used=1106Kb free=4589Kb
 bounds [0x00007f9e6cc45000, 0x00007f9e6ceb5000, 0x00007f9e6d1d5000]
 total_blobs=1343 nmethods=736 adapters=342
 compilation: enabled
              stopped_count=0, restarted_count=0
 full_count=0

Compilation events (10 events):
Event: 0.773 Thread 0x00007f9e84168800 nmethod 728 0x00007f9e6d2dd490 code [0x00007f9e6d2dd660, 0x00007f9e6d2dd910]
Event: 0.773 Thread 0x00007f9e84168800  729       3       sun.invoke.util.Wrapper::isNumeric (16 bytes)
Event: 0.778 Thread 0x00007f9e84168800 nmethod 729 0x00007f9e6d2dd990 code [0x00007f9e6d2ddb40, 0x00007f9e6d2ddcf0]
Event: 0.778 Thread 0x00007f9e84168800  732   !   3       jdk.internal.ref.PhantomCleanable::remove (60 bytes)
Event: 0.779 Thread 0x00007f9e84168800 nmethod 732 0x00007f9e6d2ddd90 code [0x00007f9e6d2ddf60, 0x00007f9e6d2de470]
Event: 0.779 Thread 0x00007f9e84168800  733       3       java.lang.ref.Reference::clear (6 bytes)
Event: 0.779 Thread 0x00007f9e84168800 nmethod 733 0x00007f9e6d2de610 code [0x00007f9e6d2de7c0, 0x00007f9e6d2de930]
Event: 0.779 Thread 0x00007f9e84168800  734       3       jdk.internal.ref.PhantomCleanable::clean (16 bytes)
Event: 0.779 Thread 0x00007f9e84168800 nmethod 734 0x00007f9e6d2de990 code [0x00007f9e6d2deb60, 0x00007f9e6d2dee78]
Event: 0.779 Thread 0x00007f9e84168800  736       3       java.lang.invoke.TypeConvertingMethodAdapter::descriptorToName (36 bytes)

GC Heap History (2 events):
Event: 0.774 GC heap before
{Heap before GC invocations=0 (full 0):
 garbage-first heap   total 126976K, used 14336K [0x0000000084a00000, 0x0000000100000000)
  region size 1024K, 14 young (14336K), 0 survivors (0K)
 Metaspace       used 8998K, capacity 9317K, committed 9600K, reserved 1058816K
  class space    used 906K, capacity 1049K, committed 1152K, reserved 1048576K
}
Event: 0.778 GC heap after
{Heap after GC invocations=1 (full 0):
 garbage-first heap   total 126976K, used 1817K [0x0000000084a00000, 0x0000000100000000)
  region size 1024K, 2 young (2048K), 2 survivors (2048K)
 Metaspace       used 8998K, capacity 9317K, committed 9600K, reserved 1058816K
  class space    used 906K, capacity 1049K, committed 1152K, reserved 1048576K
}

Deoptimization events (2 events):
Event: 0.308 Thread 0x00007f9e84011800 Uncommon trap: reason=unstable_if action=reinterpret pc=0x00007f9e7471fc40 method=java.util.ImmutableCollections$SetN.probe(Ljava/lang/Object;)I @ 34 c2
Event: 0.364 Thread 0x00007f9e84011800 Uncommon trap: reason=unstable_if action=reinterpret pc=0x00007f9e74721c74 method=java.lang.String.substring(II)Ljava/lang/String; @ 22 c2

Classes redefined (0 events):
No events

Internal exceptions (9 events):
Event: 0.221 Thread 0x00007f9e84011800 Exception <a 'java/lang/NoSuchMethodError'{0x000000008c33e690}: java.lang.invoke.DirectMethodHandle$Holder.invokeSpecialIFC(Ljava/lang/Object;Ljava/lang/Object;I)I> (0x000000008c33e690) thrown at [/scratch/opt/mach5/mesos/work_dir/slaves/83bb4d84-382c-4ea
Event: 0.447 Thread 0x00007f9e84011800 Exception <a 'java/lang/NoSuchMethodError'{0x000000008bdce158}: java.lang.invoke.DirectMethodHandle$Holder.invokeStatic(Ljava/lang/Object;Ljava/lang/Object;Ljava/lang/Object;Ljava/lang/Object;Ljava/lang/Object;Ljava/lang/Object;Ljava/lang/Object;Ljava/lan
Event: 0.453 Thread 0x00007f9e84011800 Exception <a 'java/lang/NoSuchMethodError'{0x000000008bde97e0}: java.lang.invoke.DirectMethodHandle$Holder.invokeStatic(Ljava/lang/Object;Ljava/lang/Object;Ljava/lang/Object;Ljava/lang/Object;Ljava/lang/Object;Ljava/lang/Object;Ljava/lang/Object;Ljava/lan
Event: 0.459 Thread 0x00007f9e84011800 Exception <a 'java/lang/NoSuchMethodError'{0x000000008bc05080}: java.lang.invoke.DirectMethodHandle$Holder.invokeStatic(Ljava/lang/Object;Ljava/lang/Object;Ljava/lang/Object;Ljava/lang/Object;Ljava/lang/Object;Ljava/lang/Object;Ljava/lang/Object;Ljava/lan
Event: 0.670 Thread 0x00007f9e84011800 Exception <a 'java/lang/NoSuchMethodError'{0x000000008b9ebdd8}: java.lang.invoke.DirectMethodHandle$Holder.invokeStaticInit(Ljava/lang/Object;Ljava/lang/Object;Ljava/lang/Object;)I> (0x000000008b9ebdd8) thrown at [/scratch/opt/mach5/mesos/work_dir/slaves/
Event: 0.672 Thread 0x00007f9e84011800 Exception <a 'java/lang/NoSuchMethodError'{0x000000008b9f7700}: java.lang.invoke.DirectMethodHandle$Holder.invokeSpecial(Ljava/lang/Object;Ljava/lang/Object;)V> (0x000000008b9f7700) thrown at [/scratch/opt/mach5/mesos/work_dir/slaves/83bb4d84-382c-4ead-b5
Event: 0.772 Thread 0x00007f9e84011800 Exception <a 'java/lang/NoSuchMethodError'{0x000000008b8b9fa0}: java.lang.invoke.DirectMethodHandle$Holder.invokeStatic(Ljava/lang/Object;Ljava/lang/Object;Ljava/lang/Object;I)Ljava/lang/Object;> (0x000000008b8b9fa0) thrown at [/scratch/opt/mach5/mesos/wo
Event: 0.772 Thread 0x00007f9e84011800 Exception <a 'java/lang/NoSuchMethodError'{0x000000008b8bdc18}: java.lang.invoke.DirectMethodHandle$Holder.invokeSpecial(Ljava/lang/Object;Ljava/lang/Object;Ljava/lang/Object;Ljava/lang/Object;I)Ljava/lang/Object;> (0x000000008b8bdc18) thrown at [/scratch
Event: 0.772 Thread 0x00007f9e84011800 Exception <a 'java/lang/NoSuchMethodError'{0x000000008b8c10a8}: java.lang.invoke.Invokers$Holder.linkToTargetMethod(Ljava/lang/Object;Ljava/lang/Object;ILjava/lang/Object;)Ljava/lang/Object;> (0x000000008b8c10a8) thrown at [/scratch/opt/mach5/mesos/work_d

Events (10 events):
Event: 0.778 Executing VM operation: RevokeBias
Event: 0.778 Executing VM operation: RevokeBias done
Event: 0.779 Executing VM operation: RevokeBias
Event: 0.779 Executing VM operation: RevokeBias done
Event: 0.779 Executing VM operation: RevokeBias
Event: 0.779 Executing VM operation: RevokeBias done
Event: 0.779 Executing VM operation: RevokeBias
Event: 0.779 Executing VM operation: RevokeBias done
Event: 0.779 Executing VM operation: RevokeBias
Event: 0.779 Executing VM operation: RevokeBias done


Dynamic libraries:
00400000-00401000 r-xp 00000000 08:07 25209                              /usr/local/java/jdk-11.0.1/bin/java
00600000-00601000 r--p 00000000 08:07 25209                              /usr/local/java/jdk-11.0.1/bin/java
00601000-00602000 rw-p 00001000 08:07 25209                              /usr/local/java/jdk-11.0.1/bin/java
01c76000-01c97000 rw-p 00000000 00:00 0                                  [heap]
84a00000-8c600000 rw-p 00000000 00:00 0 
8c600000-100000000 ---p 00000000 00:00 0 
100000000-100120000 rw-p 00000000 00:00 0 
100120000-140000000 ---p 00000000 00:00 0 
7f9de8000000-7f9de8021000 rw-p 00000000 00:00 0 
7f9de8021000-7f9dec000000 ---p 00000000 00:00 0 
7f9dec000000-7f9dec021000 rw-p 00000000 00:00 0 
7f9dec021000-7f9df0000000 ---p 00000000 00:00 0 
7f9df0000000-7f9df0021000 rw-p 00000000 00:00 0 
7f9df0021000-7f9df4000000 ---p 00000000 00:00 0 
7f9df4000000-7f9df4021000 rw-p 00000000 00:00 0 
7f9df4021000-7f9df8000000 ---p 00000000 00:00 0 
7f9df8000000-7f9df8021000 rw-p 00000000 00:00 0 
7f9df8021000-7f9dfc000000 ---p 00000000 00:00 0 
7f9dfc000000-7f9dfc021000 rw-p 00000000 00:00 0 
7f9dfc021000-7f9e00000000 ---p 00000000 00:00 0 
7f9e00000000-7f9e00031000 rw-p 00000000 00:00 0 
7f9e00031000-7f9e04000000 ---p 00000000 00:00 0 
7f9e04588000-7f9e04589000 ---p 00000000 00:00 0 
7f9e04589000-7f9e0468a000 rw-p 00000000 00:00 0 
7f9e0468a000-7f9e0468b000 ---p 00000000 00:00 0 
7f9e0468b000-7f9e0478c000 rw-p 00000000 00:00 0 
7f9e0478c000-7f9e0478d000 ---p 00000000 00:00 0 
7f9e0478d000-7f9e0488e000 rw-p 00000000 00:00 0 
7f9e0488e000-7f9e0488f000 ---p 00000000 00:00 0 
7f9e0488f000-7f9e0508f000 rw-p 00000000 00:00 0 
7f9e0508f000-7f9e05090000 ---p 00000000 00:00 0 
7f9e05090000-7f9e05890000 rw-p 00000000 00:00 0 
7f9e05890000-7f9e05891000 ---p 00000000 00:00 0 
7f9e05891000-7f9e06091000 rw-p 00000000 00:00 0 
7f9e06091000-7f9e0609d000 r-xp 00000000 08:07 264844                     /usr/lib64/gio/modules/libdconfsettings.so
7f9e0609d000-7f9e0629c000 ---p 0000c000 08:07 264844                     /usr/lib64/gio/modules/libdconfsettings.so
7f9e0629c000-7f9e0629d000 r--p 0000b000 08:07 264844                     /usr/lib64/gio/modules/libdconfsettings.so
7f9e0629d000-7f9e0629e000 rw-p 00000000 00:00 0 
7f9e0629e000-7f9e062a3000 r-xp 00000000 08:07 19425                      /usr/lib64/libXtst.so.6.1.0
7f9e062a3000-7f9e064a2000 ---p 00005000 08:07 19425                      /usr/lib64/libXtst.so.6.1.0
7f9e064a2000-7f9e064a3000 r--p 00004000 08:07 19425                      /usr/lib64/libXtst.so.6.1.0
7f9e064a3000-7f9e064a4000 rw-p 00005000 08:07 19425                      /usr/lib64/libXtst.so.6.1.0
7f9e064a4000-7f9e064a5000 r-xp 00000000 08:07 18158                      /usr/lib64/libgthread-2.0.so.0.5600.3
7f9e064a5000-7f9e066a4000 ---p 00001000 08:07 18158                      /usr/lib64/libgthread-2.0.so.0.5600.3
7f9e066a4000-7f9e066a5000 r--p 00000000 08:07 18158                      /usr/lib64/libgthread-2.0.so.0.5600.3
7f9e066a5000-7f9e066a6000 rw-p 00000000 00:00 0 
7f9e066a6000-7f9e066e9000 r-xp 00000000 08:06 3407878                    /home/mauricioriva/javafx/openjfx-11.0.1_linux-x64_bin-sdk/javafx-sdk-11.0.1/lib/libglassgtk3.so
7f9e066e9000-7f9e068e9000 ---p 00043000 08:06 3407878                    /home/mauricioriva/javafx/openjfx-11.0.1_linux-x64_bin-sdk/javafx-sdk-11.0.1/lib/libglassgtk3.so
7f9e068e9000-7f9e068eb000 r--p 00043000 08:06 3407878                    /home/mauricioriva/javafx/openjfx-11.0.1_linux-x64_bin-sdk/javafx-sdk-11.0.1/lib/libglassgtk3.so
7f9e068eb000-7f9e068ec000 rw-p 00045000 08:06 3407878                    /home/mauricioriva/javafx/openjfx-11.0.1_linux-x64_bin-sdk/javafx-sdk-11.0.1/lib/libglassgtk3.so
7f9e068ec000-7f9e068ed000 rw-p 00000000 00:00 0 
7f9e068ed000-7f9e0690c000 r-xp 00000000 08:07 18109                      /usr/lib64/libgpg-error.so.0.24.2
7f9e0690c000-7f9e06b0b000 ---p 0001f000 08:07 18109                      /usr/lib64/libgpg-error.so.0.24.2
7f9e06b0b000-7f9e06b0c000 r--p 0001e000 08:07 18109                      /usr/lib64/libgpg-error.so.0.24.2
7f9e06b0c000-7f9e06b0d000 rw-p 0001f000 08:07 18109                      /usr/lib64/libgpg-error.so.0.24.2
7f9e06b0d000-7f9e06c22000 r-xp 00000000 08:07 18055                      /usr/lib64/libgcrypt.so.20.2.3
7f9e06c22000-7f9e06e21000 ---p 00115000 08:07 18055                      /usr/lib64/libgcrypt.so.20.2.3
7f9e06e21000-7f9e06e23000 r--p 00114000 08:07 18055                      /usr/lib64/libgcrypt.so.20.2.3
7f9e06e23000-7f9e06e28000 rw-p 00116000 08:07 18055                      /usr/lib64/libgcrypt.so.20.2.3
7f9e06e28000-7f9e06e2c000 r-xp 00000000 08:07 19534                      /usr/lib64/libcap.so.2.25
7f9e06e2c000-7f9e0702b000 ---p 00004000 08:07 19534                      /usr/lib64/libcap.so.2.25
7f9e0702b000-7f9e0702c000 r--p 00003000 08:07 19534                      /usr/lib64/libcap.so.2.25
7f9e0702c000-7f9e0702d000 rw-p 00004000 08:07 19534                      /usr/lib64/libcap.so.2.25
7f9e0702d000-7f9e07043000 r-xp 00000000 08:07 19953                      /usr/lib64/liblz4.so.1.8.1
7f9e07043000-7f9e07242000 ---p 00016000 08:07 19953                      /usr/lib64/liblz4.so.1.8.1
7f9e07242000-7f9e07243000 r--p 00015000 08:07 19953                      /usr/lib64/liblz4.so.1.8.1
7f9e07243000-7f9e07244000 rw-p 00000000 00:00 0 
7f9e07244000-7f9e07269000 r-xp 00000000 08:07 18278                      /usr/lib64/liblzma.so.5.2.4
7f9e07269000-7f9e07469000 ---p 00025000 08:07 18278                      /usr/lib64/liblzma.so.5.2.4
7f9e07469000-7f9e0746a000 r--p 00025000 08:07 18278                      /usr/lib64/liblzma.so.5.2.4
7f9e0746a000-7f9e0746b000 rw-p 00000000 00:00 0 
7f9e0746b000-7f9e074b6000 r-xp 00000000 08:07 17855                      /usr/lib64/libblkid.so.1.1.0
7f9e074b6000-7f9e076b5000 ---p 0004b000 08:07 17855                      /usr/lib64/libblkid.so.1.1.0
7f9e076b5000-7f9e076ba000 r--p 0004a000 08:07 17855                      /usr/lib64/libblkid.so.1.1.0
7f9e076ba000-7f9e076bb000 rw-p 0004f000 08:07 17855                      /usr/lib64/libblkid.so.1.1.0
7f9e076bb000-7f9e076bc000 rw-p 00000000 00:00 0 
7f9e076bc000-7f9e076c2000 r-xp 00000000 08:07 19600                      /usr/lib64/libdatrie.so.1.3.2
7f9e076c2000-7f9e078c1000 ---p 00006000 08:07 19600                      /usr/lib64/libdatrie.so.1.3.2
7f9e078c1000-7f9e078c2000 r--p 00005000 08:07 19600                      /usr/lib64/libdatrie.so.1.3.2
7f9e078c2000-7f9e078c3000 rw-p 00000000 00:00 0 
7f9e078c3000-7f9e078ed000 r-xp 00000000 08:07 19780                      /usr/lib64/libgraphite2.so.3.0.1
7f9e078ed000-7f9e07aec000 ---p 0002a000 08:07 19780                      /usr/lib64/libgraphite2.so.3.0.1
7f9e07aec000-7f9e07aee000 r--p 00029000 08:07 19780                      /usr/lib64/libgraphite2.so.3.0.1
7f9e07aee000-7f9e07aef000 rw-p 00000000 00:00 0 
7f9e07aef000-7f9e07b88000 r-xp 00000000 08:07 18536                      /usr/lib64/libsystemd.so.0.22.0
7f9e07b88000-7f9e07d87000 ---p 00099000 08:07 18536                      /usr/lib64/libsystemd.so.0.22.0
7f9e07d87000-7f9e07d8a000 r--p 00098000 08:07 18536                      /usr/lib64/libsystemd.so.0.22.0
7f9e07d8a000-7f9e07d8b000 rw-p 0009b000 08:07 18536                      /usr/lib64/libsystemd.so.0.22.0
7f9e07d8b000-7f9e07d8c000 rw-p 00000000 00:00 0 
7f9e07d8c000-7f9e07d9c000 r-xp 00000000 08:07 19519                      /usr/lib64/libbz2.so.1.0.6
7f9e07d9c000-7f9e07f9b000 ---p 00010000 08:07 19519                      /usr/lib64/libbz2.so.1.0.6
7f9e07f9b000-7f9e07f9c000 r--p 0000f000 08:07 19519                      /usr/lib64/libbz2.so.1.0.6
7f9e07f9c000-7f9e07f9d000 rw-p 00010000 08:07 19519                      /usr/lib64/libbz2.so.1.0.6
7f9e07f9d000-7f9e07ff3000 r-xp 00000000 08:07 18299                      /usr/lib64/libmount.so.1.1.0
7f9e07ff3000-7f9e081f2000 ---p 00056000 08:07 18299                      /usr/lib64/libmount.so.1.1.0
7f9e081f2000-7f9e081f5000 r--p 00055000 08:07 18299                      /usr/lib64/libmount.so.1.1.0
7f9e081f5000-7f9e081f6000 rw-p 00058000 08:07 18299                      /usr/lib64/libmount.so.1.1.0
7f9e081f6000-7f9e081f7000 rw-p 00000000 00:00 0 
7f9e081f7000-7f9e0820a000 r-xp 00000000 08:07 18425                      /usr/lib64/libresolv-2.27.so
7f9e0820a000-7f9e0840a000 ---p 00013000 08:07 18425                      /usr/lib64/libresolv-2.27.so
7f9e0840a000-7f9e0840b000 r--p 00013000 08:07 18425                      /usr/lib64/libresolv-2.27.so
7f9e0840b000-7f9e0840c000 rw-p 00014000 08:07 18425                      /usr/lib64/libresolv-2.27.so
7f9e0840c000-7f9e0840e000 rw-p 00000000 00:00 0 
7f9e0840e000-7f9e08414000 r-xp 00000000 08:07 18598                      /usr/lib64/libuuid.so.1.3.0
7f9e08414000-7f9e08613000 ---p 00006000 08:07 18598                      /usr/lib64/libuuid.so.1.3.0
7f9e08613000-7f9e08614000 r--p 00005000 08:07 18598                      /usr/lib64/libuuid.so.1.3.0
7f9e08614000-7f9e08615000 rw-p 00000000 00:00 0 
7f9e08615000-7f9e08630000 r-xp 00000000 08:07 18036                      /usr/lib64/libfribidi.so.0.4.0
7f9e08630000-7f9e0882f000 ---p 0001b000 08:07 18036                      /usr/lib64/libfribidi.so.0.4.0
7f9e0882f000-7f9e08830000 r--p 0001a000 08:07 18036                      /usr/lib64/libfribidi.so.0.4.0
7f9e08830000-7f9e08831000 rw-p 0001b000 08:07 18036                      /usr/lib64/libfribidi.so.0.4.0
7f9e08831000-7f9e08839000 r-xp 00000000 08:07 18549                      /usr/lib64/libthai.so.0.3.1
7f9e08839000-7f9e08a39000 ---p 00008000 08:07 18549                      /usr/lib64/libthai.so.0.3.1
7f9e08a39000-7f9e08a3a000 r--p 00008000 08:07 18549                      /usr/lib64/libthai.so.0.3.1
7f9e08a3a000-7f9e08a3b000 rw-p 00009000 08:07 18549                      /usr/lib64/libthai.so.0.3.1
7f9e08a3b000-7f9e08add000 r-xp 00000000 08:07 19847                      /usr/lib64/libharfbuzz.so.0.10705.0
7f9e08add000-7f9e08cdd000 ---p 000a2000 08:07 19847                      /usr/lib64/libharfbuzz.so.0.10705.0
7f9e08cdd000-7f9e08cdf000 r--p 000a2000 08:07 19847                      /usr/lib64/libharfbuzz.so.0.10705.0
7f9e08cdf000-7f9e08ce0000 rw-p 000a4000 08:07 19847                      /usr/lib64/libharfbuzz.so.0.10705.0
7f9e08ce0000-7f9e08ce7000 r-xp 00000000 08:07 19677                      /usr/lib64/libffi.so.6.0.2
7f9e08ce7000-7f9e08ee7000 ---p 00007000 08:07 19677                      /usr/lib64/libffi.so.6.0.2
7f9e08ee7000-7f9e08ee8000 r--p 00007000 08:07 19677                      /usr/lib64/libffi.so.6.0.2
7f9e08ee8000-7f9e08ee9000 rw-p 00008000 08:07 19677                      /usr/lib64/libffi.so.6.0.2
7f9e08ee9000-7f9e08f39000 r-xp 00000000 08:07 17942                      /usr/lib64/libdbus-1.so.3.19.8
7f9e08f39000-7f9e09138000 ---p 00050000 08:07 17942                      /usr/lib64/libdbus-1.so.3.19.8
7f9e09138000-7f9e0913a000 r--p 0004f000 08:07 17942                      /usr/lib64/libdbus-1.so.3.19.8
7f9e0913a000-7f9e0913b000 rw-p 00051000 08:07 17942                      /usr/lib64/libdbus-1.so.3.19.8
7f9e0913b000-7f9e09169000 r-xp 00000000 08:07 19464                      /usr/lib64/libatspi.so.0.0.1
7f9e09169000-7f9e09368000 ---p 0002e000 08:07 19464                      /usr/lib64/libatspi.so.0.0.1
7f9e09368000-7f9e0936c000 r--p 0002d000 08:07 19464                      /usr/lib64/libatspi.so.0.0.1
7f9e0936c000-7f9e0936d000 rw-p 00031000 08:07 19464                      /usr/lib64/libatspi.so.0.0.1
7f9e0936d000-7f9e09376000 r-xp 00000000 08:07 19423                      /usr/lib64/libXrender.so.1.3.0
7f9e09376000-7f9e09576000 ---p 00009000 08:07 19423                      /usr/lib64/libXrender.so.1.3.0
7f9e09576000-7f9e09577000 r--p 00009000 08:07 19423                      /usr/lib64/libXrender.so.1.3.0
7f9e09577000-7f9e09578000 rw-p 0000a000 08:07 19423                      /usr/lib64/libXrender.so.1.3.0
7f9e09578000-7f9e09584000 r-xp 00000000 08:07 20394                      /usr/lib64/libxcb-render.so.0.0.0
7f9e09584000-7f9e09784000 ---p 0000c000 08:07 20394                      /usr/lib64/libxcb-render.so.0.0.0
7f9e09784000-7f9e09785000 r--p 0000c000 08:07 20394                      /usr/lib64/libxcb-render.so.0.0.0
7f9e09785000-7f9e09786000 rw-p 0000d000 08:07 20394                      /usr/lib64/libxcb-render.so.0.0.0
7f9e09786000-7f9e09788000 r-xp 00000000 08:07 20398                      /usr/lib64/libxcb-shm.so.0.0.0
7f9e09788000-7f9e09988000 ---p 00002000 08:07 20398                      /usr/lib64/libxcb-shm.so.0.0.0
7f9e09988000-7f9e09989000 r--p 00002000 08:07 20398                      /usr/lib64/libxcb-shm.so.0.0.0
7f9e09989000-7f9e0998a000 rw-p 00003000 08:07 20398                      /usr/lib64/libxcb-shm.so.0.0.0
7f9e0998a000-7f9e099bd000 r-xp 00000000 08:07 18414                      /usr/lib64/libpng16.so.16.34.0
7f9e099bd000-7f9e09bbc000 ---p 00033000 08:07 18414                      /usr/lib64/libpng16.so.16.34.0
7f9e09bbc000-7f9e09bbd000 r--p 00032000 08:07 18414                      /usr/lib64/libpng16.so.16.34.0
7f9e09bbd000-7f9e09bbe000 rw-p 00000000 00:00 0 
7f9e09bbe000-7f9e09c5b000 r-xp 00000000 08:07 18405                      /usr/lib64/libpixman-1.so.0.34.0
7f9e09c5b000-7f9e09e5b000 ---p 0009d000 08:07 18405                      /usr/lib64/libpixman-1.so.0.34.0
7f9e09e5b000-7f9e09e63000 r--p 0009d000 08:07 18405                      /usr/lib64/libpixman-1.so.0.34.0
7f9e09e63000-7f9e09e64000 rw-p 000a5000 08:07 18405                      /usr/lib64/libpixman-1.so.0.34.0
7f9e09e64000-7f9e09f13000 r-xp 00000000 08:07 19698                      /usr/lib64/libfreetype.so.6.14.0
7f9e09f13000-7f9e0a113000 ---p 000af000 08:07 19698                      /usr/lib64/libfreetype.so.6.14.0
7f9e0a113000-7f9e0a11a000 r--p 000af000 08:07 19698                      /usr/lib64/libfreetype.so.6.14.0
7f9e0a11a000-7f9e0a11b000 rw-p 00000000 00:00 0 
7f9e0a11b000-7f9e0a18b000 r-xp 00000000 08:07 18392                      /usr/lib64/libpcre.so.1.2.10
7f9e0a18b000-7f9e0a38a000 ---p 00070000 08:07 18392                      /usr/lib64/libpcre.so.1.2.10
7f9e0a38a000-7f9e0a38b000 r--p 0006f000 08:07 18392                      /usr/lib64/libpcre.so.1.2.10
7f9e0a38b000-7f9e0a38c000 rw-p 00070000 08:07 18392                      /usr/lib64/libpcre.so.1.2.10
7f9e0a38c000-7f9e0a38d000 r-xp 00000000 08:07 20355                      /usr/lib64/libwayland-egl.so.1.0.0
7f9e0a38d000-7f9e0a58c000 ---p 00001000 08:07 20355                      /usr/lib64/libwayland-egl.so.1.0.0
7f9e0a58c000-7f9e0a58d000 r--p 00000000 08:07 20355                      /usr/lib64/libwayland-egl.so.1.0.0
7f9e0a58d000-7f9e0a58e000 rw-p 00000000 00:00 0 
7f9e0a58e000-7f9e0a592000 r-xp 00000000 08:07 20354                      /usr/lib64/libwayland-cursor.so.0.0.0
7f9e0a592000-7f9e0a791000 ---p 00004000 08:07 20354                      /usr/lib64/libwayland-cursor.so.0.0.0
7f9e0a791000-7f9e0a792000 r--p 00003000 08:07 20354                      /usr/lib64/libwayland-cursor.so.0.0.0
7f9e0a792000-7f9e0a796000 rw-p 00004000 08:07 20354                      /usr/lib64/libwayland-cursor.so.0.0.0
7f9e0a796000-7f9e0a7d4000 r-xp 00000000 08:07 18695                      /usr/lib64/libxkbcommon.so.0.0.0
7f9e0a7d4000-7f9e0a9d3000 ---p 0003e000 08:07 18695                      /usr/lib64/libxkbcommon.so.0.0.0
7f9e0a9d3000-7f9e0a9d5000 r--p 0003d000 08:07 18695                      /usr/lib64/libxkbcommon.so.0.0.0
7f9e0a9d5000-7f9e0a9d6000 rw-p 00000000 00:00 0 
7f9e0a9d6000-7f9e0a9d8000 r-xp 00000000 08:07 19409                      /usr/lib64/libXcomposite.so.1.0.0
7f9e0a9d8000-7f9e0abd7000 ---p 00002000 08:07 19409                      /usr/lib64/libXcomposite.so.1.0.0
7f9e0abd7000-7f9e0abd8000 r--p 00001000 08:07 19409                      /usr/lib64/libXcomposite.so.1.0.0
7f9e0abd8000-7f9e0abd9000 rw-p 00000000 00:00 0 
7f9e0abd9000-7f9e0abe2000 r-xp 00000000 08:07 19410                      /usr/lib64/libXcursor.so.1.0.2
7f9e0abe2000-7f9e0ade2000 ---p 00009000 08:07 19410                      /usr/lib64/libXcursor.so.1.0.2
7f9e0ade2000-7f9e0ade3000 r--p 00009000 08:07 19410                      /usr/lib64/libXcursor.so.1.0.2
7f9e0ade3000-7f9e0ade4000 rw-p 00000000 00:00 0 
7f9e0ade4000-7f9e0adee000 r-xp 00000000 08:07 19422                      /usr/lib64/libXrandr.so.2.2.0
7f9e0adee000-7f9e0afed000 ---p 0000a000 08:07 19422                      /usr/lib64/libXrandr.so.2.2.0
7f9e0afed000-7f9e0afee000 r--p 00009000 08:07 19422                      /usr/lib64/libXrandr.so.2.2.0
7f9e0afee000-7f9e0afef000 rw-p 0000a000 08:07 19422                      /usr/lib64/libXrandr.so.2.2.0
7f9e0afef000-7f9e0aff1000 r-xp 00000000 08:07 19418                      /usr/lib64/libXinerama.so.1.0.0
7f9e0aff1000-7f9e0b1f0000 ---p 00002000 08:07 19418                      /usr/lib64/libXinerama.so.1.0.0
7f9e0b1f0000-7f9e0b1f1000 r--p 00001000 08:07 19418                      /usr/lib64/libXinerama.so.1.0.0
7f9e0b1f1000-7f9e0b1f2000 rw-p 00002000 08:07 19418                      /usr/lib64/libXinerama.so.1.0.0
7f9e0b1f2000-7f9e0b307000 r-xp 00000000 08:07 18087                      /usr/lib64/libglib-2.0.so.0.5600.3
7f9e0b307000-7f9e0b507000 ---p 00115000 08:07 18087                      /usr/lib64/libglib-2.0.so.0.5600.3
7f9e0b507000-7f9e0b508000 r--p 00115000 08:07 18087                      /usr/lib64/libglib-2.0.so.0.5600.3
7f9e0b508000-7f9e0b509000 rw-p 00116000 08:07 18087                      /usr/lib64/libglib-2.0.so.0.5600.3
7f9e0b509000-7f9e0b50a000 rw-p 00000000 00:00 0 
7f9e0b50a000-7f9e0b55b000 r-xp 00000000 08:07 18105                      /usr/lib64/libgobject-2.0.so.0.5600.3
7f9e0b55b000-7f9e0b75a000 ---p 00051000 08:07 18105                      /usr/lib64/libgobject-2.0.so.0.5600.3
7f9e0b75a000-7f9e0b75b000 r--p 00050000 08:07 18105                      /usr/lib64/libgobject-2.0.so.0.5600.3
7f9e0b75b000-7f9e0b75c000 rw-p 00051000 08:07 18105                      /usr/lib64/libgobject-2.0.so.0.5600.3
7f9e0b75c000-7f9e0b8f7000 r-xp 00000000 08:07 18081                      /usr/lib64/libgio-2.0.so.0.5600.3
7f9e0b8f7000-7f9e0baf7000 ---p 0019b000 08:07 18081                      /usr/lib64/libgio-2.0.so.0.5600.3
7f9e0baf7000-7f9e0bafe000 r--p 0019b000 08:07 18081                      /usr/lib64/libgio-2.0.so.0.5600.3
7f9e0bafe000-7f9e0baff000 rw-p 001a2000 08:07 18081                      /usr/lib64/libgio-2.0.so.0.5600.3
7f9e0baff000-7f9e0bb01000 rw-p 00000000 00:00 0 
7f9e0bb01000-7f9e0bb42000 r-xp 00000000 08:07 18028                      /usr/lib64/libfontconfig.so.1.11.1
7f9e0bb42000-7f9e0bd42000 ---p 00041000 08:07 18028                      /usr/lib64/libfontconfig.so.1.11.1
7f9e0bd42000-7f9e0bd44000 r--p 00041000 08:07 18028                      /usr/lib64/libfontconfig.so.1.11.1
7f9e0bd44000-7f9e0bd45000 rw-p 00043000 08:07 18028                      /usr/lib64/libfontconfig.so.1.11.1
7f9e0bd45000-7f9e0bd89000 r-xp 00000000 08:07 18379                      /usr/lib64/libpango-1.0.so.0.4200.3
7f9e0bd89000-7f9e0bf88000 ---p 00044000 08:07 18379                      /usr/lib64/libpango-1.0.so.0.4200.3
7f9e0bf88000-7f9e0bf8b000 r--p 00043000 08:07 18379                      /usr/lib64/libpango-1.0.so.0.4200.3
7f9e0bf8b000-7f9e0bf8c000 rw-p 00046000 08:07 18379                      /usr/lib64/libpango-1.0.so.0.4200.3
7f9e0bf8c000-7f9e0bfa0000 r-xp 00000000 08:07 18381                      /usr/lib64/libpangoft2-1.0.so.0.4200.3
7f9e0bfa0000-7f9e0c1a0000 ---p 00014000 08:07 18381                      /usr/lib64/libpangoft2-1.0.so.0.4200.3
7f9e0c1a0000-7f9e0c1a1000 r--p 00014000 08:07 18381                      /usr/lib64/libpangoft2-1.0.so.0.4200.3
7f9e0c1a1000-7f9e0c1a2000 rw-p 00000000 00:00 0 
7f9e0c1a2000-7f9e0c2c6000 r-xp 00000000 08:07 17995                      /usr/lib64/libepoxy.so.0.0.0
7f9e0c2c6000-7f9e0c4c5000 ---p 00124000 08:07 17995                      /usr/lib64/libepoxy.so.0.0.0
7f9e0c4c5000-7f9e0c4cd000 r--p 00123000 08:07 17995                      /usr/lib64/libepoxy.so.0.0.0
7f9e0c4cd000-7f9e0c4d4000 rw-p 0012b000 08:07 17995                      /usr/lib64/libepoxy.so.0.0.0
7f9e0c4d4000-7f9e0c4e1000 r-xp 00000000 08:07 20353                      /usr/lib64/libwayland-client.so.0.3.0
7f9e0c4e1000-7f9e0c6e0000 ---p 0000d000 08:07 20353                      /usr/lib64/libwayland-client.so.0.3.0
7f9e0c6e0000-7f9e0c6e2000 r--p 0000c000 08:07 20353                      /usr/lib64/libwayland-client.so.0.3.0
7f9e0c6e2000-7f9e0c6e3000 rw-p 0000e000 08:07 20353                      /usr/lib64/libwayland-client.so.0.3.0
7f9e0c6e3000-7f9e0c710000 r-xp 00000000 08:07 19459                      /usr/lib64/libatk-bridge-2.0.so.0.0.0
7f9e0c710000-7f9e0c910000 ---p 0002d000 08:07 19459                      /usr/lib64/libatk-bridge-2.0.so.0.0.0
7f9e0c910000-7f9e0c911000 r--p 0002d000 08:07 19459                      /usr/lib64/libatk-bridge-2.0.so.0.0.0
7f9e0c911000-7f9e0c912000 rw-p 0002e000 08:07 19459                      /usr/lib64/libatk-bridge-2.0.so.0.0.0
7f9e0c912000-7f9e0c913000 rw-p 00000000 00:00 0 
7f9e0c913000-7f9e0c936000 r-xp 00000000 08:07 19458                      /usr/lib64/libatk-1.0.so.0.22810.1
7f9e0c936000-7f9e0cb36000 ---p 00023000 08:07 19458                      /usr/lib64/libatk-1.0.so.0.22810.1
7f9e0cb36000-7f9e0cb39000 r--p 00023000 08:07 19458                      /usr/lib64/libatk-1.0.so.0.22810.1
7f9e0cb39000-7f9e0cb3a000 rw-p 00026000 08:07 19458                      /usr/lib64/libatk-1.0.so.0.22810.1
7f9e0cb3a000-7f9e0cb61000 r-xp 00000000 08:07 19725                      /usr/lib64/libgdk_pixbuf-2.0.so.0.3612.0
7f9e0cb61000-7f9e0cd60000 ---p 00027000 08:07 19725                      /usr/lib64/libgdk_pixbuf-2.0.so.0.3612.0
7f9e0cd60000-7f9e0cd61000 r--p 00026000 08:07 19725                      /usr/lib64/libgdk_pixbuf-2.0.so.0.3612.0
7f9e0cd61000-7f9e0cd62000 rw-p 00027000 08:07 19725                      /usr/lib64/libgdk_pixbuf-2.0.so.0.3612.0
7f9e0cd62000-7f9e0ce7d000 r-xp 00000000 08:07 17871                      /usr/lib64/libcairo.so.2.11512.0
7f9e0ce7d000-7f9e0d07c000 ---p 0011b000 08:07 17871                      /usr/lib64/libcairo.so.2.11512.0
7f9e0d07c000-7f9e0d080000 r--p 0011a000 08:07 17871                      /usr/lib64/libcairo.so.2.11512.0
7f9e0d080000-7f9e0d081000 rw-p 0011e000 08:07 17871                      /usr/lib64/libcairo.so.2.11512.0
7f9e0d081000-7f9e0d082000 rw-p 00000000 00:00 0 
7f9e0d082000-7f9e0d089000 r-xp 00000000 08:07 17869                      /usr/lib64/libcairo-gobject.so.2.11512.0
7f9e0d089000-7f9e0d288000 ---p 00007000 08:07 17869                      /usr/lib64/libcairo-gobject.so.2.11512.0
7f9e0d288000-7f9e0d28a000 r--p 00006000 08:07 17869                      /usr/lib64/libcairo-gobject.so.2.11512.0
7f9e0d28a000-7f9e0d28b000 rw-p 00000000 00:00 0 
7f9e0d28b000-7f9e0d29b000 r-xp 00000000 08:07 19417                      /usr/lib64/libXi.so.6.1.0
7f9e0d29b000-7f9e0d49a000 ---p 00010000 08:07 19417                      /usr/lib64/libXi.so.6.1.0
7f9e0d49a000-7f9e0d49b000 r--p 0000f000 08:07 19417                      /usr/lib64/libXi.so.6.1.0
7f9e0d49b000-7f9e0d49c000 rw-p 00010000 08:07 19417                      /usr/lib64/libXi.so.6.1.0
7f9e0d49c000-7f9e0d4a8000 r-xp 00000000 08:07 18380                      /usr/lib64/libpangocairo-1.0.so.0.4200.3
7f9e0d4a8000-7f9e0d6a8000 ---p 0000c000 08:07 18380                      /usr/lib64/libpangocairo-1.0.so.0.4200.3
7f9e0d6a8000-7f9e0d6a9000 r--p 0000c000 08:07 18380                      /usr/lib64/libpangocairo-1.0.so.0.4200.3
7f9e0d6a9000-7f9e0d6aa000 rw-p 0000d000 08:07 18380                      /usr/lib64/libpangocairo-1.0.so.0.4200.3
7f9e0d6aa000-7f9e0d6ad000 r-xp 00000000 08:07 18092                      /usr/lib64/libgmodule-2.0.so.0.5600.3
7f9e0d6ad000-7f9e0d8ac000 ---p 00003000 08:07 18092                      /usr/lib64/libgmodule-2.0.so.0.5600.3
7f9e0d8ac000-7f9e0d8ad000 r--p 00002000 08:07 18092                      /usr/lib64/libgmodule-2.0.so.0.5600.3
7f9e0d8ad000-7f9e0d8ae000 rw-p 00003000 08:07 18092                      /usr/lib64/libgmodule-2.0.so.0.5600.3
7f9e0d8ae000-7f9e0d99c000 r-xp 00000000 08:07 19723                      /usr/lib64/libgdk-3.so.0.2200.30
7f9e0d99c000-7f9e0db9c000 ---p 000ee000 08:07 19723                      /usr/lib64/libgdk-3.so.0.2200.30
7f9e0db9c000-7f9e0dba4000 r--p 000ee000 08:07 19723                      /usr/lib64/libgdk-3.so.0.2200.30
7f9e0dba4000-7f9e0dba6000 rw-p 000f6000 08:07 19723                      /usr/lib64/libgdk-3.so.0.2200.30
7f9e0dba6000-7f9e0e2a6000 r-xp 00000000 08:07 19824                      /usr/lib64/libgtk-3.so.0.2200.30
7f9e0e2a6000-7f9e0e4a5000 ---p 00700000 08:07 19824                      /usr/lib64/libgtk-3.so.0.2200.30
7f9e0e4a5000-7f9e0e4b5000 r--p 006ff000 08:07 19824                      /usr/lib64/libgtk-3.so.0.2200.30
7f9e0e4b5000-7f9e0e4b7000 rw-p 0070f000 08:07 19824                      /usr/lib64/libgtk-3.so.0.2200.30
7f9e0e4b7000-7f9e0e4fc000 rw-p 00000000 00:00 0 
7f9e0e4fc000-7f9e0e6bc000 ---p 00000000 00:00 0 
7f9e0e6bc000-7f9e0e6bd000 r-xp 00000000 08:06 3407884                    /home/mauricioriva/javafx/openjfx-11.0.1_linux-x64_bin-sdk/javafx-sdk-11.0.1/lib/libglass.so
7f9e0e6bd000-7f9e0e8bd000 ---p 00001000 08:06 3407884                    /home/mauricioriva/javafx/openjfx-11.0.1_linux-x64_bin-sdk/javafx-sdk-11.0.1/lib/libglass.so
7f9e0e8bd000-7f9e0e8be000 r--p 00001000 08:06 3407884                    /home/mauricioriva/javafx/openjfx-11.0.1_linux-x64_bin-sdk/javafx-sdk-11.0.1/lib/libglass.so
7f9e0e8be000-7f9e0e8bf000 rw-p 00002000 08:06 3407884                    /home/mauricioriva/javafx/openjfx-11.0.1_linux-x64_bin-sdk/javafx-sdk-11.0.1/lib/libglass.so
7f9e0e8bf000-7f9e0e8c7000 r-xp 00000000 08:07 20093                      /usr/lib64/libpciaccess.so.0.11.1
7f9e0e8c7000-7f9e0eac7000 ---p 00008000 08:07 20093                      /usr/lib64/libpciaccess.so.0.11.1
7f9e0eac7000-7f9e0eac8000 r--p 00008000 08:07 20093                      /usr/lib64/libpciaccess.so.0.11.1
7f9e0eac8000-7f9e0eac9000 rw-p 00000000 00:00 0 
7f9e0eac9000-7f9e0eae0000 r-xp 00000000 08:07 23782                      /usr/lib64/libgcc_s-8-20181011.so.1
7f9e0eae0000-7f9e0ecdf000 ---p 00017000 08:07 23782                      /usr/lib64/libgcc_s-8-20181011.so.1
7f9e0ecdf000-7f9e0ece0000 r--p 00016000 08:07 23782                      /usr/lib64/libgcc_s-8-20181011.so.1
7f9e0ece0000-7f9e0ece1000 rw-p 00017000 08:07 23782                      /usr/lib64/libgcc_s-8-20181011.so.1
7f9e0ece1000-7f9e0ee64000 r-xp 00000000 08:07 18531                      /usr/lib64/libstdc++.so.6.0.25
7f9e0ee64000-7f9e0f063000 ---p 00183000 08:07 18531                      /usr/lib64/libstdc++.so.6.0.25
7f9e0f063000-7f9e0f06d000 r--p 00182000 08:07 18531                      /usr/lib64/libstdc++.so.6.0.25
7f9e0f06d000-7f9e0f06f000 rw-p 0018c000 08:07 18531                      /usr/lib64/libstdc++.so.6.0.25
7f9e0f06f000-7f9e0f073000 rw-p 00000000 00:00 0 
7f9e0f073000-7f9e0f07e000 r-xp 00000000 08:07 17971                      /usr/lib64/libdrm_radeon.so.1.0.1
7f9e0f07e000-7f9e0f27d000 ---p 0000b000 08:07 17971                      /usr/lib64/libdrm_radeon.so.1.0.1
7f9e0f27d000-7f9e0f27e000 r--p 0000a000 08:07 17971                      /usr/lib64/libdrm_radeon.so.1.0.1
7f9e0f27e000-7f9e0f27f000 rw-p 00000000 00:00 0 
7f9e0f27f000-7f9e0f286000 r-xp 00000000 08:07 17970                      /usr/lib64/libdrm_nouveau.so.2.0.0
7f9e0f286000-7f9e0f486000 ---p 00007000 08:07 17970                      /usr/lib64/libdrm_nouveau.so.2.0.0
7f9e0f486000-7f9e0f487000 r--p 00007000 08:07 17970                      /usr/lib64/libdrm_nouveau.so.2.0.0
7f9e0f487000-7f9e0f488000 rw-p 00000000 00:00 0 
7f9e0f488000-7f9e0fd01000 r-xp 00000000 08:07 264378                     /usr/lib64/dri/i965_dri.so
7f9e0fd01000-7f9e0ff00000 ---p 00879000 08:07 264378                     /usr/lib64/dri/i965_dri.so
7f9e0ff00000-7f9e0ff51000 r--p 00878000 08:07 264378                     /usr/lib64/dri/i965_dri.so
7f9e0ff51000-7f9e0ff5b000 rw-p 008c9000 08:07 264378                     /usr/lib64/dri/i965_dri.so
7f9e0ff5b000-7f9e10000000 rw-p 00000000 00:00 0 
7f9e10000000-7f9e10021000 rw-p 00000000 00:00 0 
7f9e10021000-7f9e14000000 ---p 00000000 00:00 0 
7f9e14000000-7f9e1436b000 rw-p 00000000 00:00 0 
7f9e1436b000-7f9e18000000 ---p 00000000 00:00 0 
7f9e18000000-7f9e18215000 rw-p 00000000 00:00 0 
7f9e18215000-7f9e1c000000 ---p 00000000 00:00 0 
7f9e1c000000-7f9e1c021000 rw-p 00000000 00:00 0 
7f9e1c021000-7f9e20000000 ---p 00000000 00:00 0 
7f9e20000000-7f9e20021000 rw-p 00000000 00:00 0 
7f9e20021000-7f9e24000000 ---p 00000000 00:00 0 
7f9e24000000-7f9e24021000 rw-p 00000000 00:00 0 
7f9e24021000-7f9e28000000 ---p 00000000 00:00 0 
7f9e28000000-7f9e28346000 rw-p 00000000 00:00 0 
7f9e28346000-7f9e2c000000 ---p 00000000 00:00 0 
7f9e2c000000-7f9e2c11f000 rw-p 00000000 00:00 0 
7f9e2c11f000-7f9e30000000 ---p 00000000 00:00 0 
7f9e30000000-7f9e30021000 rw-p 00000000 00:00 0 
7f9e30021000-7f9e34000000 ---p 00000000 00:00 0 
7f9e34022000-7f9e34026000 ---p 00000000 00:00 0 
7f9e34026000-7f9e34123000 rw-p 00000000 00:00 0 
7f9e34123000-7f9e34145000 r-xp 00000000 08:07 17969                      /usr/lib64/libdrm_intel.so.1.0.0
7f9e34145000-7f9e34344000 ---p 00022000 08:07 17969                      /usr/lib64/libdrm_intel.so.1.0.0
7f9e34344000-7f9e34345000 r--p 00021000 08:07 17969                      /usr/lib64/libdrm_intel.so.1.0.0
7f9e34345000-7f9e34346000 rw-p 00022000 08:07 17969                      /usr/lib64/libdrm_intel.so.1.0.0
7f9e34346000-7f9e343c8000 r-xp 00000000 08:07 18394                      /usr/lib64/libpcre2-8.so.0.7.1
7f9e343c8000-7f9e345c8000 ---p 00082000 08:07 18394                      /usr/lib64/libpcre2-8.so.0.7.1
7f9e345c8000-7f9e345c9000 r--p 00082000 08:07 18394                      /usr/lib64/libpcre2-8.so.0.7.1
7f9e345c9000-7f9e345ca000 rw-p 00083000 08:07 18394                      /usr/lib64/libpcre2-8.so.0.7.1
7f9e345ca000-7f9e345da000 r-xp 00000000 08:07 17967                      /usr/lib64/libdrm.so.2.4.0
7f9e345da000-7f9e347d9000 ---p 00010000 08:07 17967                      /usr/lib64/libdrm.so.2.4.0
7f9e347d9000-7f9e347da000 r--p 0000f000 08:07 17967                      /usr/lib64/libdrm.so.2.4.0
7f9e347da000-7f9e347db000 rw-p 00000000 00:00 0 
7f9e347db000-7f9e347e0000 r-xp 00000000 08:07 19431                      /usr/lib64/libXxf86vm.so.1.0.0
7f9e347e0000-7f9e349df000 ---p 00005000 08:07 19431                      /usr/lib64/libXxf86vm.so.1.0.0
7f9e349df000-7f9e349e0000 r--p 00004000 08:07 19431                      /usr/lib64/libXxf86vm.so.1.0.0
7f9e349e0000-7f9e349e1000 rw-p 00005000 08:07 19431                      /usr/lib64/libXxf86vm.so.1.0.0
7f9e349e1000-7f9e349e5000 r-xp 00000000 08:07 20383                      /usr/lib64/libxcb-dri2.so.0.0.0
7f9e349e5000-7f9e34be4000 ---p 00004000 08:07 20383                      /usr/lib64/libxcb-dri2.so.0.0.0
7f9e34be4000-7f9e34be5000 r--p 00003000 08:07 20383                      /usr/lib64/libxcb-dri2.so.0.0.0
7f9e34be5000-7f9e34be6000 rw-p 00004000 08:07 20383                      /usr/lib64/libxcb-dri2.so.0.0.0
7f9e34be6000-7f9e34bfe000 r-xp 00000000 08:07 20386                      /usr/lib64/libxcb-glx.so.0.0.0
7f9e34bfe000-7f9e34dfe000 ---p 00018000 08:07 20386                      /usr/lib64/libxcb-glx.so.0.0.0
7f9e34dfe000-7f9e34e00000 r--p 00018000 08:07 20386                      /usr/lib64/libxcb-glx.so.0.0.0
7f9e34e00000-7f9e34e01000 rw-p 0001a000 08:07 20386                      /usr/lib64/libxcb-glx.so.0.0.0
7f9e34e01000-7f9e34e02000 r-xp 00000000 08:07 19405                      /usr/lib64/libX11-xcb.so.1.0.0
7f9e34e02000-7f9e35001000 ---p 00001000 08:07 19405                      /usr/lib64/libX11-xcb.so.1.0.0
7f9e35001000-7f9e35002000 r--p 00000000 08:07 19405                      /usr/lib64/libX11-xcb.so.1.0.0
7f9e35002000-7f9e35003000 rw-p 00000000 00:00 0 
7f9e35003000-7f9e35008000 r-xp 00000000 08:07 19414                      /usr/lib64/libXfixes.so.3.1.0
7f9e35008000-7f9e35207000 ---p 00005000 08:07 19414                      /usr/lib64/libXfixes.so.3.1.0
7f9e35207000-7f9e35208000 r--p 00004000 08:07 19414                      /usr/lib64/libXfixes.so.3.1.0
7f9e35208000-7f9e35209000 rw-p 00005000 08:07 19414                      /usr/lib64/libXfixes.so.3.1.0
7f9e35209000-7f9e3520b000 r-xp 00000000 08:07 19411                      /usr/lib64/libXdamage.so.1.1.0
7f9e3520b000-7f9e3540a000 ---p 00002000 08:07 19411                      /usr/lib64/libXdamage.so.1.1.0
7f9e3540a000-7f9e3540b000 r--p 00001000 08:07 19411                      /usr/lib64/libXdamage.so.1.1.0
7f9e3540b000-7f9e3540c000 rw-p 00000000 00:00 0 
7f9e3540c000-7f9e35432000 r-xp 00000000 08:07 19272                      /usr/lib64/libselinux.so.1
7f9e35432000-7f9e35631000 ---p 00026000 08:07 19272                      /usr/lib64/libselinux.so.1
7f9e35631000-7f9e35632000 r--p 00025000 08:07 19272                      /usr/lib64/libselinux.so.1
7f9e35632000-7f9e35633000 rw-p 00026000 08:07 19272                      /usr/lib64/libselinux.so.1
7f9e35633000-7f9e35635000 rw-p 00000000 00:00 0 
7f9e35635000-7f9e35661000 r-xp 00000000 08:07 18086                      /usr/lib64/libglapi.so.0.0.0
7f9e35661000-7f9e35860000 ---p 0002c000 08:07 18086                      /usr/lib64/libglapi.so.0.0.0
7f9e35860000-7f9e35864000 r--p 0002b000 08:07 18086                      /usr/lib64/libglapi.so.0.0.0
7f9e35864000-7f9e35865000 rw-p 0002f000 08:07 18086                      /usr/lib64/libglapi.so.0.0.0
7f9e35865000-7f9e35866000 rw-p 00000000 00:00 0 
7f9e35866000-7f9e35867000 r-xp 00000000 08:07 20442                      /usr/lib64/libxshmfence.so.1.0.0
7f9e35867000-7f9e35a67000 ---p 00001000 08:07 20442                      /usr/lib64/libxshmfence.so.1.0.0
7f9e35a67000-7f9e35a68000 r--p 00001000 08:07 20442                      /usr/lib64/libxshmfence.so.1.0.0
7f9e35a68000-7f9e35a69000 rw-p 00000000 00:00 0 
7f9e35a69000-7f9e35a6f000 r-xp 00000000 08:07 20399                      /usr/lib64/libxcb-sync.so.1.0.0
7f9e35a6f000-7f9e35c6e000 ---p 00006000 08:07 20399                      /usr/lib64/libxcb-sync.so.1.0.0
7f9e35c6e000-7f9e35c6f000 r--p 00005000 08:07 20399                      /usr/lib64/libxcb-sync.so.1.0.0
7f9e35c6f000-7f9e35c70000 rw-p 00006000 08:07 20399                      /usr/lib64/libxcb-sync.so.1.0.0
7f9e35c70000-7f9e35c72000 r-xp 00000000 08:07 20390                      /usr/lib64/libxcb-present.so.0.0.0
7f9e35c72000-7f9e35e71000 ---p 00002000 08:07 20390                      /usr/lib64/libxcb-present.so.0.0.0
7f9e35e71000-7f9e35e72000 r--p 00001000 08:07 20390                      /usr/lib64/libxcb-present.so.0.0.0
7f9e35e72000-7f9e35e73000 rw-p 00002000 08:07 20390                      /usr/lib64/libxcb-present.so.0.0.0
7f9e35e73000-7f9e35e7a000 r-xp 00000000 08:07 20402                      /usr/lib64/libxcb-xfixes.so.0.0.0
7f9e35e7a000-7f9e36079000 ---p 00007000 08:07 20402                      /usr/lib64/libxcb-xfixes.so.0.0.0
7f9e36079000-7f9e3607a000 r--p 00006000 08:07 20402                      /usr/lib64/libxcb-xfixes.so.0.0.0
7f9e3607a000-7f9e3607b000 rw-p 00007000 08:07 20402                      /usr/lib64/libxcb-xfixes.so.0.0.0
7f9e3607b000-7f9e3607e000 r-xp 00000000 08:07 20384                      /usr/lib64/libxcb-dri3.so.0.0.0
7f9e3607e000-7f9e3627e000 ---p 00003000 08:07 20384                      /usr/lib64/libxcb-dri3.so.0.0.0
7f9e3627e000-7f9e3627f000 r--p 00003000 08:07 20384                      /usr/lib64/libxcb-dri3.so.0.0.0
7f9e3627f000-7f9e36280000 rw-p 00004000 08:07 20384                      /usr/lib64/libxcb-dri3.so.0.0.0
7f9e36280000-7f9e362b8000 r-xp 00000000 08:07 19670                      /usr/lib64/libexpat.so.1.6.7
7f9e362b8000-7f9e364b8000 ---p 00038000 08:07 19670                      /usr/lib64/libexpat.so.1.6.7
7f9e364b8000-7f9e364ba000 r--p 00038000 08:07 19670                      /usr/lib64/libexpat.so.1.6.7
7f9e364ba000-7f9e364bb000 rw-p 00000000 00:00 0 
7f9e364bb000-7f9e3652d000 r-xp 00000000 08:07 17665                      /usr/lib64/libGLX_mesa.so.0.0.0
7f9e3652d000-7f9e3672d000 ---p 00072000 08:07 17665                      /usr/lib64/libGLX_mesa.so.0.0.0
7f9e3672d000-7f9e36730000 r--p 00072000 08:07 17665                      /usr/lib64/libGLX_mesa.so.0.0.0
7f9e36730000-7f9e36731000 rw-p 00075000 08:07 17665                      /usr/lib64/libGLX_mesa.so.0.0.0
7f9e36731000-7f9e36733000 r-xp 00000000 08:07 19408                      /usr/lib64/libXau.so.6.0.0
7f9e36733000-7f9e36933000 ---p 00002000 08:07 19408                      /usr/lib64/libXau.so.6.0.0
7f9e36933000-7f9e36934000 r--p 00002000 08:07 19408                      /usr/lib64/libXau.so.6.0.0
7f9e36934000-7f9e36935000 rw-p 00000000 00:00 0 
7f9e36935000-7f9e369a5000 r-xp 00000000 08:07 17666                      /usr/lib64/libGLdispatch.so.0.0.0
7f9e369a5000-7f9e36ba5000 ---p 00070000 08:07 17666                      /usr/lib64/libGLdispatch.so.0.0.0
7f9e36ba5000-7f9e36bce000 r--p 00070000 08:07 17666                      /usr/lib64/libGLdispatch.so.0.0.0
7f9e36bce000-7f9e36bcf000 rw-p 00099000 08:07 17666                      /usr/lib64/libGLdispatch.so.0.0.0
7f9e36bcf000-7f9e36bef000 rw-p 00000000 00:00 0 
7f9e36bef000-7f9e36c00000 r-xp 00000000 08:07 19413                      /usr/lib64/libXext.so.6.4.0
7f9e36c00000-7f9e36dff000 ---p 00011000 08:07 19413                      /usr/lib64/libXext.so.6.4.0
7f9e36dff000-7f9e36e00000 r--p 00010000 08:07 19413                      /usr/lib64/libXext.so.6.4.0
7f9e36e00000-7f9e36e01000 rw-p 00011000 08:07 19413                      /usr/lib64/libXext.so.6.4.0
7f9e36e01000-7f9e36e11000 r-xp 00000000 08:07 17663                      /usr/lib64/libGLX.so.0.0.0
7f9e36e11000-7f9e37011000 ---p 00010000 08:07 17663                      /usr/lib64/libGLX.so.0.0.0
7f9e37011000-7f9e37012000 r--p 00010000 08:07 17663                      /usr/lib64/libGLX.so.0.0.0
7f9e37012000-7f9e37013000 rw-p 00011000 08:07 17663                      /usr/lib64/libGLX.so.0.0.0
7f9e37013000-7f9e37033000 rw-p 00000000 00:00 0 
7f9e37033000-7f9e3705a000 r-xp 00000000 08:07 20410                      /usr/lib64/libxcb.so.1.1.0
7f9e3705a000-7f9e3725a000 ---p 00027000 08:07 20410                      /usr/lib64/libxcb.so.1.1.0
7f9e3725a000-7f9e3725b000 r--p 00027000 08:07 20410                      /usr/lib64/libxcb.so.1.1.0
7f9e3725b000-7f9e3725c000 rw-p 00028000 08:07 20410                      /usr/lib64/libxcb.so.1.1.0
7f9e3725c000-7f9e372d1000 r-xp 00000000 08:07 17660                      /usr/lib64/libGL.so.1.7.0
7f9e372d1000-7f9e374d0000 ---p 00075000 08:07 17660                      /usr/lib64/libGL.so.1.7.0
7f9e374d0000-7f9e374eb000 r--p 00074000 08:07 17660                      /usr/lib64/libGL.so.1.7.0
7f9e374eb000-7f9e374ec000 rw-p 0008f000 08:07 17660                      /usr/lib64/libGL.so.1.7.0
7f9e374ec000-7f9e374ed000 rw-p 00000000 00:00 0 
7f9e374ed000-7f9e37627000 r-xp 00000000 08:07 19406                      /usr/lib64/libX11.so.6.3.0
7f9e37627000-7f9e37827000 ---p 0013a000 08:07 19406                      /usr/lib64/libX11.so.6.3.0
7f9e37827000-7f9e3782a000 r--p 0013a000 08:07 19406                      /usr/lib64/libX11.so.6.3.0
7f9e3782a000-7f9e3782e000 rw-p 0013d000 08:07 19406                      /usr/lib64/libX11.so.6.3.0
7f9e3782e000-7f9e44000000 r--p 00000000 08:07 1871                       /usr/lib/locale/locale-archive
7f9e44000000-7f9e44021000 rw-p 00000000 00:00 0 
7f9e44021000-7f9e48000000 ---p 00000000 00:00 0 
7f9e48000000-7f9e48021000 rw-p 00000000 00:00 0 
7f9e48021000-7f9e4c000000 ---p 00000000 00:00 0 
7f9e4c000000-7f9e4c021000 rw-p 00000000 00:00 0 
7f9e4c021000-7f9e50000000 ---p 00000000 00:00 0 
7f9e50000000-7f9e50021000 rw-p 00000000 00:00 0 
7f9e50021000-7f9e54000000 ---p 00000000 00:00 0 
7f9e54000000-7f9e54021000 rw-p 00000000 00:00 0 
7f9e54021000-7f9e58000000 ---p 00000000 00:00 0 
7f9e58000000-7f9e58021000 rw-p 00000000 00:00 0 
7f9e58021000-7f9e5c000000 ---p 00000000 00:00 0 
7f9e5c016000-7f9e5c136000 rw-s 00000000 00:32 88967                      /run/user/1000/wayland-cursor-shared-6W7l7X (deleted)
7f9e5c136000-7f9e5c142000 r-xp 00000000 08:06 3407886                    /home/mauricioriva/javafx/openjfx-11.0.1_linux-x64_bin-sdk/javafx-sdk-11.0.1/lib/libprism_es2.so
7f9e5c142000-7f9e5c341000 ---p 0000c000 08:06 3407886                    /home/mauricioriva/javafx/openjfx-11.0.1_linux-x64_bin-sdk/javafx-sdk-11.0.1/lib/libprism_es2.so
7f9e5c341000-7f9e5c342000 r--p 0000b000 08:06 3407886                    /home/mauricioriva/javafx/openjfx-11.0.1_linux-x64_bin-sdk/javafx-sdk-11.0.1/lib/libprism_es2.so
7f9e5c342000-7f9e5c343000 rw-p 0000c000 08:06 3407886                    /home/mauricioriva/javafx/openjfx-11.0.1_linux-x64_bin-sdk/javafx-sdk-11.0.1/lib/libprism_es2.so
7f9e5c343000-7f9e5c347000 ---p 00000000 00:00 0 
7f9e5c347000-7f9e5c444000 rw-p 00000000 00:00 0 
7f9e5c444000-7f9e5c445000 ---p 00000000 00:00 0 
7f9e5c445000-7f9e5c546000 rw-p 00000000 00:00 0 
7f9e5c546000-7f9e5c54a000 ---p 00000000 00:00 0 
7f9e5c54a000-7f9e5c647000 rw-p 00000000 00:00 0 
7f9e5c647000-7f9e5c64b000 ---p 00000000 00:00 0 
7f9e5c64b000-7f9e5c748000 rw-p 00000000 00:00 0 
7f9e5c748000-7f9e5c74c000 ---p 00000000 00:00 0 
7f9e5c74c000-7f9e5c849000 rw-p 00000000 00:00 0 
7f9e5c849000-7f9e5c85f000 r-xp 00000000 08:07 25623                      /usr/local/java/jdk-11.0.1/lib/libnet.so
7f9e5c85f000-7f9e5ca5e000 ---p 00016000 08:07 25623                      /usr/local/java/jdk-11.0.1/lib/libnet.so
7f9e5ca5e000-7f9e5ca5f000 r--p 00015000 08:07 25623                      /usr/local/java/jdk-11.0.1/lib/libnet.so
7f9e5ca5f000-7f9e5ca60000 rw-p 00016000 08:07 25623                      /usr/local/java/jdk-11.0.1/lib/libnet.so
7f9e5ca60000-7f9e5ca70000 r-xp 00000000 08:07 25624                      /usr/local/java/jdk-11.0.1/lib/libnio.so
7f9e5ca70000-7f9e5cc6f000 ---p 00010000 08:07 25624                      /usr/local/java/jdk-11.0.1/lib/libnio.so
7f9e5cc6f000-7f9e5cc70000 r--p 0000f000 08:07 25624                      /usr/local/java/jdk-11.0.1/lib/libnio.so
7f9e5cc70000-7f9e5cc71000 rw-p 00010000 08:07 25624                      /usr/local/java/jdk-11.0.1/lib/libnio.so
7f9e5cc71000-7f9e5cc75000 ---p 00000000 00:00 0 
7f9e5cc75000-7f9e5cd72000 rw-p 00000000 00:00 0 
7f9e5cd72000-7f9e5cd76000 ---p 00000000 00:00 0 
7f9e5cd76000-7f9e5ce73000 rw-p 00000000 00:00 0 
7f9e5ce73000-7f9e5ce77000 ---p 00000000 00:00 0 
7f9e5ce77000-7f9e5cf74000 rw-p 00000000 00:00 0 
7f9e5cf74000-7f9e5cf78000 ---p 00000000 00:00 0 
7f9e5cf78000-7f9e5d075000 rw-p 00000000 00:00 0 
7f9e5d075000-7f9e5d079000 ---p 00000000 00:00 0 
7f9e5d079000-7f9e5d176000 rw-p 00000000 00:00 0 
7f9e5d176000-7f9e5d17a000 ---p 00000000 00:00 0 
7f9e5d17a000-7f9e5d277000 rw-p 00000000 00:00 0 
7f9e5d277000-7f9e5d278000 ---p 00000000 00:00 0 
7f9e5d278000-7f9e5dbfa000 rw-p 00000000 00:00 0 
7f9e5dbfa000-7f9e5dbfb000 ---p 00000000 00:00 0 
7f9e5dbfb000-7f9e5dcfc000 rw-p 00000000 00:00 0 
7f9e5dcfc000-7f9e5dcfd000 ---p 00000000 00:00 0 
7f9e5dcfd000-7f9e60000000 rw-p 00000000 00:00 0 
7f9e60000000-7f9e60021000 rw-p 00000000 00:00 0 
7f9e60021000-7f9e64000000 ---p 00000000 00:00 0 
7f9e6404e000-7f9e64440000 rw-p 00000000 00:00 0 
7f9e64440000-7f9e66128000 ---p 00000000 00:00 0 
7f9e66128000-7f9e66318000 rw-p 00000000 00:00 0 
7f9e66318000-7f9e68000000 ---p 00000000 00:00 0 
7f9e68000000-7f9e68021000 rw-p 00000000 00:00 0 
7f9e68021000-7f9e6c000000 ---p 00000000 00:00 0 
7f9e6c025000-7f9e6c026000 r--p 00000000 08:07 399500                     /etc/dconf/db/distro
7f9e6c026000-7f9e6c027000 r--p 00000000 08:07 394576                     /etc/dconf/db/site
7f9e6c027000-7f9e6c028000 r--p 00000000 08:07 394575                     /etc/dconf/db/local
7f9e6c028000-7f9e6c02b000 r--p 00000000 08:06 5010841                    /home/mauricioriva/.config/dconf/user
7f9e6c02b000-7f9e6c059000 r--p 00000000 08:07 263350                     /usr/share/glib-2.0/schemas/gschemas.compiled
7f9e6c059000-7f9e6c0f2000 rw-p 00000000 00:00 0 
7f9e6c0f2000-7f9e6c48f000 ---p 00000000 00:00 0 
7f9e6c48f000-7f9e6c4cd000 rw-p 00000000 00:00 0 
7f9e6c4cd000-7f9e6c86a000 ---p 00000000 00:00 0 
7f9e6c86a000-7f9e6c8a8000 rw-p 00000000 00:00 0 
7f9e6c8a8000-7f9e6cc45000 ---p 00000000 00:00 0 
7f9e6cc45000-7f9e6ceb5000 rwxp 00000000 00:00 0 
7f9e6ceb5000-7f9e6d1d5000 ---p 00000000 00:00 0 
7f9e6d1d5000-7f9e6d445000 rwxp 00000000 00:00 0 
7f9e6d445000-7f9e7470d000 ---p 00000000 00:00 0 
7f9e7470d000-7f9e7497d000 rwxp 00000000 00:00 0 
7f9e7497d000-7f9e7bc45000 ---p 00000000 00:00 0 
7f9e7bc45000-7f9e84000000 r--s 00000000 08:07 25634                      /usr/local/java/jdk-11.0.1/lib/modules
7f9e84000000-7f9e8445e000 rw-p 00000000 00:00 0 
7f9e8445e000-7f9e88000000 ---p 00000000 00:00 0 
7f9e88000000-7f9e88005000 rw-s 00000000 00:2a 90024                      /i915 (deleted)
7f9e88005000-7f9e88009000 rw-s 00000000 00:2a 90016                      /i915 (deleted)
7f9e88009000-7f9e8800e000 rw-s 00000000 00:2a 90013                      /i915 (deleted)
7f9e8800e000-7f9e8800f000 ---p 00000000 00:00 0 
7f9e8800f000-7f9e88110000 rw-p 00000000 00:00 0 
7f9e88110000-7f9e88111000 ---p 00000000 00:00 0 
7f9e88111000-7f9e88616000 rw-p 00000000 00:00 0 
7f9e88616000-7f9e88617000 ---p 00000000 00:00 0 
7f9e88617000-7f9e8871d000 rw-p 00000000 00:00 0 
7f9e8871d000-7f9e88803000 ---p 00000000 00:00 0 
7f9e88803000-7f9e88808000 rw-p 00000000 00:00 0 
7f9e88808000-7f9e888ee000 ---p 00000000 00:00 0 
7f9e888ee000-7f9e88909000 r-xp 00000000 08:07 25615                      /usr/local/java/jdk-11.0.1/lib/libjimage.so
7f9e88909000-7f9e88b08000 ---p 0001b000 08:07 25615                      /usr/local/java/jdk-11.0.1/lib/libjimage.so
7f9e88b08000-7f9e88b0a000 r--p 0001a000 08:07 25615                      /usr/local/java/jdk-11.0.1/lib/libjimage.so
7f9e88b0a000-7f9e88b0b000 rw-p 0001c000 08:07 25615                      /usr/local/java/jdk-11.0.1/lib/libjimage.so
7f9e88b0b000-7f9e88b12000 r-xp 00000000 08:07 25633                      /usr/local/java/jdk-11.0.1/lib/libzip.so
7f9e88b12000-7f9e88d11000 ---p 00007000 08:07 25633                      /usr/local/java/jdk-11.0.1/lib/libzip.so
7f9e88d11000-7f9e88d12000 r--p 00006000 08:07 25633                      /usr/local/java/jdk-11.0.1/lib/libzip.so
7f9e88d12000-7f9e88d13000 rw-p 00007000 08:07 25633                      /usr/local/java/jdk-11.0.1/lib/libzip.so
7f9e88d13000-7f9e88d1e000 r-xp 00000000 08:07 18348                      /usr/lib64/libnss_files-2.27.so
7f9e88d1e000-7f9e88f1d000 ---p 0000b000 08:07 18348                      /usr/lib64/libnss_files-2.27.so
7f9e88f1d000-7f9e88f1e000 r--p 0000a000 08:07 18348                      /usr/lib64/libnss_files-2.27.so
7f9e88f1e000-7f9e88f1f000 rw-p 0000b000 08:07 18348                      /usr/lib64/libnss_files-2.27.so
7f9e88f1f000-7f9e88f25000 rw-p 00000000 00:00 0 
7f9e88f25000-7f9e88f2d000 r-xp 00000000 08:07 34048                      /usr/lib64/libnss_sss.so.2
7f9e88f2d000-7f9e8912c000 ---p 00008000 08:07 34048                      /usr/lib64/libnss_sss.so.2
7f9e8912c000-7f9e8912d000 r--p 00007000 08:07 34048                      /usr/lib64/libnss_sss.so.2
7f9e8912d000-7f9e8912e000 rw-p 00008000 08:07 34048                      /usr/lib64/libnss_sss.so.2
7f9e8912e000-7f9e89159000 r-xp 00000000 08:07 25611                      /usr/local/java/jdk-11.0.1/lib/libjava.so
7f9e89159000-7f9e89358000 ---p 0002b000 08:07 25611                      /usr/local/java/jdk-11.0.1/lib/libjava.so
7f9e89358000-7f9e89359000 r--p 0002a000 08:07 25611                      /usr/local/java/jdk-11.0.1/lib/libjava.so
7f9e89359000-7f9e8935b000 rw-p 0002b000 08:07 25611                      /usr/local/java/jdk-11.0.1/lib/libjava.so
7f9e8935b000-7f9e89368000 r-xp 00000000 08:07 25632                      /usr/local/java/jdk-11.0.1/lib/libverify.so
7f9e89368000-7f9e89567000 ---p 0000d000 08:07 25632                      /usr/local/java/jdk-11.0.1/lib/libverify.so
7f9e89567000-7f9e89569000 r--p 0000c000 08:07 25632                      /usr/local/java/jdk-11.0.1/lib/libverify.so
7f9e89569000-7f9e8956a000 rw-p 0000e000 08:07 25632                      /usr/local/java/jdk-11.0.1/lib/libverify.so
7f9e8956a000-7f9e89571000 r-xp 00000000 08:07 18455                      /usr/lib64/librt-2.27.so
7f9e89571000-7f9e89770000 ---p 00007000 08:07 18455                      /usr/lib64/librt-2.27.so
7f9e89770000-7f9e89771000 r--p 00006000 08:07 18455                      /usr/lib64/librt-2.27.so
7f9e89771000-7f9e89772000 rw-p 00007000 08:07 18455                      /usr/lib64/librt-2.27.so
7f9e89772000-7f9e89904000 r-xp 00000000 08:07 17956                      /usr/lib64/libm-2.27.so
7f9e89904000-7f9e89b04000 ---p 00192000 08:07 17956                      /usr/lib64/libm-2.27.so
7f9e89b04000-7f9e89b05000 r--p 00192000 08:07 17956                      /usr/lib64/libm-2.27.so
7f9e89b05000-7f9e89b06000 rw-p 00193000 08:07 17956                      /usr/lib64/libm-2.27.so
7f9e89b06000-7f9e8ac8e000 r-xp 00000000 08:07 25645                      /usr/local/java/jdk-11.0.1/lib/server/libjvm.so
7f9e8ac8e000-7f9e8ae8e000 ---p 01188000 08:07 25645                      /usr/local/java/jdk-11.0.1/lib/server/libjvm.so
7f9e8ae8e000-7f9e8af58000 r--p 01188000 08:07 25645                      /usr/local/java/jdk-11.0.1/lib/server/libjvm.so
7f9e8af58000-7f9e8af92000 rw-p 01252000 08:07 25645                      /usr/local/java/jdk-11.0.1/lib/server/libjvm.so
7f9e8af92000-7f9e8afe8000 rw-p 00000000 00:00 0 
7f9e8afe8000-7f9e8b19d000 r-xp 00000000 08:07 17801                      /usr/lib64/libc-2.27.so
7f9e8b19d000-7f9e8b39d000 ---p 001b5000 08:07 17801                      /usr/lib64/libc-2.27.so
7f9e8b39d000-7f9e8b3a1000 r--p 001b5000 08:07 17801                      /usr/lib64/libc-2.27.so
7f9e8b3a1000-7f9e8b3a3000 rw-p 001b9000 08:07 17801                      /usr/lib64/libc-2.27.so
7f9e8b3a3000-7f9e8b3a7000 rw-p 00000000 00:00 0 
7f9e8b3a7000-7f9e8b3aa000 r-xp 00000000 08:07 17867                      /usr/lib64/libdl-2.27.so
7f9e8b3aa000-7f9e8b5a9000 ---p 00003000 08:07 17867                      /usr/lib64/libdl-2.27.so
7f9e8b5a9000-7f9e8b5aa000 r--p 00002000 08:07 17867                      /usr/lib64/libdl-2.27.so
7f9e8b5aa000-7f9e8b5ab000 rw-p 00003000 08:07 17867                      /usr/lib64/libdl-2.27.so
7f9e8b5ab000-7f9e8b5ba000 r-xp 00000000 08:07 25596                      /usr/local/java/jdk-11.0.1/lib/jli/libjli.so
7f9e8b5ba000-7f9e8b7ba000 ---p 0000f000 08:07 25596                      /usr/local/java/jdk-11.0.1/lib/jli/libjli.so
7f9e8b7ba000-7f9e8b7bb000 r--p 0000f000 08:07 25596                      /usr/local/java/jdk-11.0.1/lib/jli/libjli.so
7f9e8b7bb000-7f9e8b7bc000 rw-p 00010000 08:07 25596                      /usr/local/java/jdk-11.0.1/lib/jli/libjli.so
7f9e8b7bc000-7f9e8b7d5000 r-xp 00000000 08:07 18349                      /usr/lib64/libpthread-2.27.so
7f9e8b7d5000-7f9e8b9d5000 ---p 00019000 08:07 18349                      /usr/lib64/libpthread-2.27.so
7f9e8b9d5000-7f9e8b9d6000 r--p 00019000 08:07 18349                      /usr/lib64/libpthread-2.27.so
7f9e8b9d6000-7f9e8b9d7000 rw-p 0001a000 08:07 18349                      /usr/lib64/libpthread-2.27.so
7f9e8b9d7000-7f9e8b9db000 rw-p 00000000 00:00 0 
7f9e8b9db000-7f9e8b9f1000 r-xp 00000000 08:07 18719                      /usr/lib64/libz.so.1.2.11
7f9e8b9f1000-7f9e8bbf0000 ---p 00016000 08:07 18719                      /usr/lib64/libz.so.1.2.11
7f9e8bbf0000-7f9e8bbf1000 r--p 00015000 08:07 18719                      /usr/lib64/libz.so.1.2.11
7f9e8bbf1000-7f9e8bbf2000 rw-p 00000000 00:00 0 
7f9e8bbf2000-7f9e8bc19000 r-xp 00000000 08:07 21349                      /usr/lib64/ld-2.27.so
7f9e8bc19000-7f9e8bc1a000 r--s 00000000 00:32 90301                      /run/user/1000/dconf/user
7f9e8bc1a000-7f9e8bc1b000 r--p 00000000 08:07 295367                     /usr/share/locale/en/LC_MESSAGES/gtk30.mo
7f9e8bc1b000-7f9e8bc1c000 rwxp 00000000 00:00 0 
7f9e8bc1c000-7f9e8bcf9000 rw-p 00000000 00:00 0 
7f9e8bcf9000-7f9e8bcfd000 ---p 00000000 00:00 0 
7f9e8bcfd000-7f9e8bdfe000 rw-p 00000000 00:00 0 
7f9e8bdfe000-7f9e8be02000 rw-s 00000000 00:2a 90014                      /i915 (deleted)
7f9e8be02000-7f9e8be07000 rw-p 00000000 00:00 0 
7f9e8be07000-7f9e8be0e000 ---p 00000000 00:00 0 
7f9e8be0e000-7f9e8be16000 rw-s 00000000 00:2d 91373                      /tmp/hsperfdata_mauricioriva/8854
7f9e8be16000-7f9e8be17000 ---p 00000000 00:00 0 
7f9e8be17000-7f9e8be18000 r--p 00000000 00:00 0 
7f9e8be18000-7f9e8be19000 r--p 00026000 08:07 21349                      /usr/lib64/ld-2.27.so
7f9e8be19000-7f9e8be1a000 rw-p 00027000 08:07 21349                      /usr/lib64/ld-2.27.so
7f9e8be1a000-7f9e8be1b000 rw-p 00000000 00:00 0 
7ffcb95b7000-7ffcb95d9000 rw-p 00000000 00:00 0                          [stack]
7ffcb95e4000-7ffcb95e7000 r--p 00000000 00:00 0                          [vvar]
7ffcb95e7000-7ffcb95e9000 r-xp 00000000 00:00 0                          [vdso]
ffffffffff600000-ffffffffff601000 r-xp 00000000 00:00 0                  [vsyscall]


VM Arguments:
jvm_args: --module-path=/home/mauricioriva/javafx/openjfx-11.0.1_linux-x64_bin-sdk/javafx-sdk-11.0.1/lib --add-modules=javafx.controls 
java_command: sistemasolar.SistemaSolar
java_class_path (initial): .
Launcher Type: SUN_STANDARD

[Global flags]
     intx CICompilerCount                          = 3                                         {product} {ergonomic}
     uint ConcGCThreads                            = 1                                         {product} {ergonomic}
     uint G1ConcRefinementThreads                  = 4                                         {product} {ergonomic}
   size_t G1HeapRegionSize                         = 1048576                                   {product} {ergonomic}
    uintx GCDrainStackTargetSize                   = 64                                        {product} {ergonomic}
   size_t InitialHeapSize                          = 130023424                                 {product} {ergonomic}
   size_t MarkStackSize                            = 4194304                                   {product} {ergonomic}
   size_t MaxHeapSize                              = 2069889024                                {product} {ergonomic}
   size_t MaxNewSize                               = 1241513984                                {product} {ergonomic}
   size_t MinHeapDeltaBytes                        = 1048576                                   {product} {ergonomic}
    uintx NonNMethodCodeHeapSize                   = 5830092                                {pd product} {ergonomic}
    uintx NonProfiledCodeHeapSize                  = 122914074                              {pd product} {ergonomic}
    uintx ProfiledCodeHeapSize                     = 122914074                              {pd product} {ergonomic}
    uintx ReservedCodeCacheSize                    = 251658240                              {pd product} {ergonomic}
     bool SegmentedCodeCache                       = true                                      {product} {ergonomic}
     bool UseCompressedClassPointers               = true                                 {lp64_product} {ergonomic}
     bool UseCompressedOops                        = true                                 {lp64_product} {ergonomic}
     bool UseG1GC                                  = true                                      {product} {ergonomic}

Logging:
Log output configuration:
 #0: stdout all=warning uptime,level,tags
 #1: stderr all=off uptime,level,tags

Environment Variables:
JAVA_HOME=/usr/local/java/jdk-11.0.1
PATH=/usr/share/Modules/bin:/usr/local/bin:/usr/local/sbin:/usr/bin:/usr/sbin:/home/mauricioriva/.cabal/bin:/var/lib/snapd/snap/bin:/home/mauricioriva/bin:/usr/local/java/jdk-11.0.1/bin:/home/mauricioriva/.local/bin:/home/mauricioriva/bin
USERNAME=mauricioriva
SHELL=/bin/bash
DISPLAY=:0

Signal Handlers:
SIGSEGV: [libjvm.so+0xe5ac10], sa_mask[0]=11111111011111111101111111111110, sa_flags=SA_RESTART|SA_SIGINFO
SIGBUS: [libjvm.so+0xe5ac10], sa_mask[0]=11111111011111111101111111111110, sa_flags=SA_RESTART|SA_SIGINFO
SIGFPE: [libjvm.so+0xe5ac10], sa_mask[0]=11111111011111111101111111111110, sa_flags=SA_RESTART|SA_SIGINFO
SIGPIPE: SIG_IGN, sa_mask[0]=00000000000010000000000000000000, sa_flags=SA_RESTART
SIGXFSZ: [libjvm.so+0xc30d00], sa_mask[0]=11111111011111111101111111111110, sa_flags=SA_RESTART|SA_SIGINFO
SIGILL: [libjvm.so+0xe5ac10], sa_mask[0]=11111111011111111101111111111110, sa_flags=SA_RESTART|SA_SIGINFO
SIGUSR2: [libjvm.so+0xc30ba0], sa_mask[0]=00000000000000000000000000000000, sa_flags=SA_RESTART|SA_SIGINFO
SIGHUP: [libjvm.so+0xc30f00], sa_mask[0]=11111111011111111101111111111110, sa_flags=SA_RESTART|SA_SIGINFO
SIGINT: [libjvm.so+0xc30f00], sa_mask[0]=11111111011111111101111111111110, sa_flags=SA_RESTART|SA_SIGINFO
SIGTERM: [libjvm.so+0xc30f00], sa_mask[0]=11111111011111111101111111111110, sa_flags=SA_RESTART|SA_SIGINFO
SIGQUIT: [libjvm.so+0xc30f00], sa_mask[0]=11111111011111111101111111111110, sa_flags=SA_RESTART|SA_SIGINFO


---------------  S Y S T E M  ---------------

OS:Fedora release 28 (Twenty Eight)
uname:Linux 4.18.16-200.fc28.x86_64 #1 SMP Sat Oct 20 23:53:47 UTC 2018 x86_64
libc:glibc 2.27 NPTL 2.27 
rlimit: STACK 8192k, CORE infinity, NPROC 31290, NOFILE 4096, AS infinity, DATA infinity, FSIZE infinity
load average:0.98 0.60 0.55

/proc/meminfo:
MemTotal:        8080240 kB
MemFree:         4324628 kB
MemAvailable:    5819880 kB
Buffers:          109328 kB
Cached:          1881452 kB
SwapCached:            0 kB
Active:          1904944 kB
Inactive:        1447172 kB
Active(anon):    1367048 kB
Inactive(anon):   330928 kB
Active(file):     537896 kB
Inactive(file):  1116244 kB
Unevictable:          16 kB
Mlocked:              16 kB
SwapTotal:       6309884 kB
SwapFree:        6309884 kB
Dirty:            209460 kB
Writeback:             0 kB
AnonPages:       1361476 kB
Mapped:           481984 kB
Shmem:            336656 kB
Slab:             239752 kB
SReclaimable:     128144 kB
SUnreclaim:       111608 kB
KernelStack:       13504 kB
PageTables:        58524 kB
NFS_Unstable:          0 kB
Bounce:                0 kB
WritebackTmp:          0 kB
CommitLimit:    10350004 kB
Committed_AS:    7234000 kB
VmallocTotal:   34359738367 kB
VmallocUsed:           0 kB
VmallocChunk:          0 kB
HardwareCorrupted:     0 kB
AnonHugePages:         0 kB
ShmemHugePages:        0 kB
ShmemPmdMapped:        0 kB
CmaTotal:              0 kB
CmaFree:               0 kB
HugePages_Total:       0
HugePages_Free:        0
HugePages_Rsvd:        0
HugePages_Surp:        0
Hugepagesize:       2048 kB
Hugetlb:               0 kB
DirectMap4k:      235004 kB
DirectMap2M:     4921344 kB
DirectMap1G:     4194304 kB


/proc/sys/kernel/threads-max (system-wide limit on the number of threads):
62581


/proc/sys/vm/max_map_count (maximum number of memory map areas a process may have):
65530


/proc/sys/kernel/pid_max (system-wide limit on number of process identifiers):
32768


container (cgroup) information:
container_type: cgroupv1
cpu_cpuset_cpus: 0-3
cpu_memory_nodes: 0
active_processor_count: 4
cpu_quota: -1
cpu_period: 100000
cpu_shares: -1
memory_limit_in_bytes: -1
memory_and_swap_limit_in_bytes: -1
memory_soft_limit_in_bytes: -1
memory_usage_in_bytes: 775548928
memory_max_usage_in_bytes: 809873408


CPU:total 4 (initial active 4) (2 cores per cpu, 2 threads per core) family 6 model 61 stepping 4, cmov, cx8, fxsr, mmx, sse, sse2, sse3, ssse3, sse4.1, sse4.2, popcnt, avx, avx2, aes, clmul, erms, 3dnowpref, lzcnt, ht, tsc, tscinvbit, bmi1, bmi2, adx, fma
CPU Model and flags from /proc/cpuinfo:
model name	: Intel(R) Core(TM) i3-5005U CPU @ 2.00GHz
flags		: fpu vme de pse tsc msr pae mce cx8 apic sep mtrr pge mca cmov pat pse36 clflush dts acpi mmx fxsr sse sse2 ss ht tm pbe syscall nx pdpe1gb rdtscp lm constant_tsc arch_perfmon pebs bts rep_good nopl xtopology nonstop_tsc cpuid aperfmperf pni pclmulqdq dtes64 monitor ds_cpl vmx est tm2 ssse3 sdbg fma cx16 xtpr pdcm pcid sse4_1 sse4_2 x2apic movbe popcnt tsc_deadline_timer aes xsave avx f16c rdrand lahf_lm abm 3dnowprefetch cpuid_fault epb invpcid_single pti ssbd ibrs ibpb stibp tpr_shadow vnmi flexpriority ept vpid fsgsbase tsc_adjust bmi1 avx2 smep bmi2 erms invpcid rdseed adx smap intel_pt xsaveopt dtherm arat pln pts flush_l1d

Memory: 4k page, physical 8080240k(4324628k free), swap 6309884k(6309884k free)

vm_info: Java HotSpot(TM) 64-Bit Server VM (11.0.1+13-LTS) for linux-amd64 JRE (11.0.1+13-LTS), built on Oct  6 2018 05:13:05 by "mach5one" with gcc 7.3.0

END.
