#
# A fatal error has been detected by the Java Runtime Environment:
#
#  SIGSEGV (0xb) at pc=0x00007fd48c8b151f, pid=9592, tid=9618
#
# JRE version: Java(TM) SE Runtime Environment (11.0.1+13) (build 11.0.1+13-LTS)
# Java VM: Java HotSpot(TM) 64-Bit Server VM (11.0.1+13-LTS, mixed mode, tiered, compressed oops, g1 gc, linux-amd64)
# Problematic frame:
# C  [libX11.so.6+0x2e51f]  XInternAtom+0x3f
#
# Core dump will be written. Default location: Core dumps may be processed with "/usr/lib/systemd/systemd-coredump %P %u %g %s %t %c %h %e" (or dumping to /home/mauricioriva/Downloads/SistemaSolar/src/core.9592)
#
# If you would like to submit a bug report, please visit:
#   http://bugreport.java.com/bugreport/crash.jsp
# The crash happened outside the Java Virtual Machine in native code.
# See problematic frame for where to report the bug.
#

---------------  S U M M A R Y ------------

Command Line: --module-path=/home/mauricioriva/javafx/openjfx-11.0.1_linux-x64_bin-sdk/javafx-sdk-11.0.1/lib --add-modules=javafx.controls sistemasolar.SistemaSolar

Host: Intel(R) Core(TM) i3-5005U CPU @ 2.00GHz, 4 cores, 7G, Fedora release 28 (Twenty Eight)
Time: Wed Nov 14 10:50:39 2018 CST elapsed time: 0 seconds (0d 0h 0m 0s)

---------------  T H R E A D  ---------------

Current thread (0x00007fd4b4460800):  JavaThread "GtkNativeMainLoopThread" [_thread_in_native, id=9618, stack(0x00007fd48d0d5000,0x00007fd48d1d6000)]

Stack: [0x00007fd48d0d5000,0x00007fd48d1d6000],  sp=0x00007fd48d1d4020,  free space=1020k
Native frames: (J=compiled Java code, A=aot compiled Java code, j=interpreted, Vv=VM code, C=native code)
C  [libX11.so.6+0x2e51f]  XInternAtom+0x3f

Java frames: (J=compiled Java code, j=interpreted, Vv=VM code)
j  com.sun.glass.ui.gtk.GtkApplication.staticScreen_getScreens()[Lcom/sun/glass/ui/Screen;+0 javafx.graphics
j  com.sun.glass.ui.Screen.initScreens()V+6 javafx.graphics
j  com.sun.glass.ui.Application.lambda$run$1(Ljava/lang/Runnable;)V+0 javafx.graphics
j  com.sun.glass.ui.Application$$Lambda$93.run()V+4 javafx.graphics
v  ~StubRoutines::call_stub
j  com.sun.glass.ui.gtk.GtkApplication._runLoop(Ljava/lang/Runnable;Z)V+0 javafx.graphics
j  com.sun.glass.ui.gtk.GtkApplication.lambda$runLoop$11(Ljava/lang/Runnable;Z)V+7 javafx.graphics
j  com.sun.glass.ui.gtk.GtkApplication$$Lambda$97.run()V+12 javafx.graphics
j  java.lang.Thread.run()V+11 java.base@11.0.1
v  ~StubRoutines::call_stub

siginfo: si_signo: 11 (SIGSEGV), si_code: 1 (SEGV_MAPERR), si_addr: 0x0000000000000198

Register to memory mapping:

RAX=0x0000000000000198 is an unknown value
RBX=0x00007fd4b43e1100 points into unknown readable memory
RCX=0x0000000000000001 is an unknown value
RDX=0x0000000000000001 is an unknown value
RSP=0x00007fd48d1d4020 is pointing into the stack for thread: 0x00007fd4b4460800
RBP=0x00007fd437233e29: <offset 0x0000000000038e29> in /home/mauricioriva/javafx/openjfx-11.0.1_linux-x64_bin-sdk/javafx-sdk-11.0.1/lib/libglassgtk3.so at 0x00007fd4371fb000
RSI=0x00007fd437233e29: <offset 0x0000000000038e29> in /home/mauricioriva/javafx/openjfx-11.0.1_linux-x64_bin-sdk/javafx-sdk-11.0.1/lib/libglassgtk3.so at 0x00007fd4371fb000
RDI=0x00007fd4b43e1100 points into unknown readable memory
R8 =0x0000000000000001 is an unknown value
R9 =0x00007fd4b4460800 is a thread
R10=0x0 is NULL
R11=0x00007fd48c8b14e0: XInternAtom+0x0000000000000000 in /lib64/libX11.so.6 at 0x00007fd48c883000
R12=0x0000000000000001 is an unknown value
R13=0x00007fd4b4460b40 points into unknown readable memory
R14=0x00007fd4b43e1100 points into unknown readable memory
R15=0x00007fd4b43e1100 points into unknown readable memory


Registers:
RAX=0x0000000000000198, RBX=0x00007fd4b43e1100, RCX=0x0000000000000001, RDX=0x0000000000000001
RSP=0x00007fd48d1d4020, RBP=0x00007fd437233e29, RSI=0x00007fd437233e29, RDI=0x00007fd4b43e1100
R8 =0x0000000000000001, R9 =0x00007fd4b4460800, R10=0x0000000000000000, R11=0x00007fd48c8b14e0
R12=0x0000000000000001, R13=0x00007fd4b4460b40, R14=0x00007fd4b43e1100, R15=0x00007fd4b43e1100
RIP=0x00007fd48c8b151f, EFLAGS=0x0000000000010202, CSGSFS=0x002b000000000033, ERR=0x0000000000000004
  TRAPNO=0x000000000000000e

Top of Stack: (sp=0x00007fd48d1d4020)
0x00007fd48d1d4020:   0000000000000000 0000000000000000
0x00007fd48d1d4030:   0000000000000000 0000000000000000
0x00007fd48d1d4040:   0000000000000000 0000000000000000
0x00007fd48d1d4050:   00000001000f1340 00007fd4b4460800 

Instructions: (pc=0x00007fd48c8b151f)
0x00007fd48c8b14ff:   89 44 24 48 31 c0 48 8d 05 4c 83 08 00 48 85 f6
0x00007fd48c8b150f:   48 0f 44 e8 48 8b 87 68 09 00 00 48 85 c0 74 02
0x00007fd48c8b151f:   ff 10 48 8d 4c 24 18 4c 8d 4c 24 14 44 89 e2 48
0x00007fd48c8b152f:   89 ee 4c 8d 44 24 10 48 89 df e8 12 fa ff ff 48 


---------------  P R O C E S S  ---------------

Threads class SMR info:
_java_thread_list=0x00007fd4b4461280, length=12, elements={
0x00007fd4b4011800, 0x00007fd4b414d800, 0x00007fd4b4151800, 0x00007fd4b4164800,
0x00007fd4b4166800, 0x00007fd4b4168800, 0x00007fd4b416a800, 0x00007fd4b421d000,
0x00007fd4b42da000, 0x00007fd4b4383800, 0x00007fd4b4467000, 0x00007fd4b4460800
}

Java Threads: ( => current thread )
  0x00007fd4b4011800 JavaThread "main" [_thread_blocked, id=9593, stack(0x00007fd4bc7ec000,0x00007fd4bc8ed000)]
  0x00007fd4b414d800 JavaThread "Reference Handler" daemon [_thread_blocked, id=9602, stack(0x00007fd49c2b7000,0x00007fd49c3b8000)]
  0x00007fd4b4151800 JavaThread "Finalizer" daemon [_thread_blocked, id=9603, stack(0x00007fd49c1b6000,0x00007fd49c2b7000)]
  0x00007fd4b4164800 JavaThread "Signal Dispatcher" daemon [_thread_blocked, id=9604, stack(0x00007fd49c0b5000,0x00007fd49c1b6000)]
  0x00007fd4b4166800 JavaThread "C2 CompilerThread0" daemon [_thread_blocked, id=9605, stack(0x00007fd49414f000,0x00007fd494250000)]
  0x00007fd4b4168800 JavaThread "C1 CompilerThread0" daemon [_thread_blocked, id=9606, stack(0x00007fd49404e000,0x00007fd49414f000)]
  0x00007fd4b416a800 JavaThread "Sweeper thread" daemon [_thread_blocked, id=9607, stack(0x00007fd48d6ff000,0x00007fd48d800000)]
  0x00007fd4b421d000 JavaThread "Common-Cleaner" daemon [_thread_blocked, id=9608, stack(0x00007fd48d1d6000,0x00007fd48d2d7000)]
  0x00007fd4b42da000 JavaThread "Service Thread" daemon [_thread_blocked, id=9611, stack(0x00007fd48cfd4000,0x00007fd48d0d5000)]
  0x00007fd4b4383800 JavaThread "QuantumRenderer-0" daemon [_thread_blocked, id=9613, stack(0x00007fd48cdd1000,0x00007fd48ced2000)]
  0x00007fd4b4467000 JavaThread "InvokeLaterDispatcher" daemon [_thread_blocked, id=9617, stack(0x00007fd4640fa000,0x00007fd4641fb000)]
=>0x00007fd4b4460800 JavaThread "GtkNativeMainLoopThread" [_thread_in_native, id=9618, stack(0x00007fd48d0d5000,0x00007fd48d1d6000)]

Other Threads:
  0x00007fd4b4145800 VMThread "VM Thread" [stack: 0x00007fd49c3ba000,0x00007fd49c4ba000] [id=9599]
  0x00007fd4b42dd000 WatcherThread [stack: 0x00007fd48ced4000,0x00007fd48cfd4000] [id=9612]
  0x00007fd4b4039000 GCTaskThread "GC Thread#0" [stack: 0x00007fd4b910b000,0x00007fd4b920b000] [id=9594]
  0x00007fd480001000 GCTaskThread "GC Thread#1" [stack: 0x00007fd4350e3000,0x00007fd4351e3000] [id=9619]
  0x00007fd480002800 GCTaskThread "GC Thread#2" [stack: 0x00007fd434fe1000,0x00007fd4350e1000] [id=9620]
  0x00007fd480004000 GCTaskThread "GC Thread#3" [stack: 0x00007fd434edf000,0x00007fd434fdf000] [id=9621]
  0x00007fd4b406a000 ConcurrentGCThread "G1 Main Marker" [stack: 0x00007fd4b8074000,0x00007fd4b8174000] [id=9595]
  0x00007fd4b406c000 ConcurrentGCThread "G1 Conc#0" [stack: 0x00007fd49cb45000,0x00007fd49cc45000] [id=9596]
  0x00007fd4b40e4000 ConcurrentGCThread "G1 Refine#0" [stack: 0x00007fd49c63f000,0x00007fd49c73f000] [id=9597]
  0x00007fd4b40e6000 ConcurrentGCThread "G1 Young RemSet Sampling" [stack: 0x00007fd49c53d000,0x00007fd49c63d000] [id=9598]

Threads with active compile tasks:

VM state:not at safepoint (normal execution)

VM Mutex/Monitor currently owned by a thread: None

Heap address: 0x0000000084a00000, size: 1974 MB, Compressed Oops mode: 32-bit
Narrow klass base: 0x0000000000000000, Narrow klass shift: 3
Compressed class space size: 1073741824 Address: 0x0000000100000000

Heap:
 garbage-first heap   total 126976K, used 1893K [0x0000000084a00000, 0x0000000100000000)
  region size 1024K, 3 young (3072K), 2 survivors (2048K)
 Metaspace       used 9024K, capacity 9388K, committed 9600K, reserved 1058816K
  class space    used 906K, capacity 1050K, committed 1152K, reserved 1048576K
Heap Regions: E=young(eden), S=young(survivor), O=old, HS=humongous(starts), HC=humongous(continues), CS=collection set, F=free, A=archive, TAMS=top-at-mark-start (previous, next)
|   0|0x0000000084a00000, 0x0000000084a00000, 0x0000000084b00000|  0%| F|  |TAMS 0x0000000084a00000, 0x0000000084a00000| Untracked 
|   1|0x0000000084b00000, 0x0000000084b00000, 0x0000000084c00000|  0%| F|  |TAMS 0x0000000084b00000, 0x0000000084b00000| Untracked 
|   2|0x0000000084c00000, 0x0000000084c00000, 0x0000000084d00000|  0%| F|  |TAMS 0x0000000084c00000, 0x0000000084c00000| Untracked 
|   3|0x0000000084d00000, 0x0000000084d00000, 0x0000000084e00000|  0%| F|  |TAMS 0x0000000084d00000, 0x0000000084d00000| Untracked 
|   4|0x0000000084e00000, 0x0000000084e00000, 0x0000000084f00000|  0%| F|  |TAMS 0x0000000084e00000, 0x0000000084e00000| Untracked 
|   5|0x0000000084f00000, 0x0000000084f00000, 0x0000000085000000|  0%| F|  |TAMS 0x0000000084f00000, 0x0000000084f00000| Untracked 
|   6|0x0000000085000000, 0x0000000085000000, 0x0000000085100000|  0%| F|  |TAMS 0x0000000085000000, 0x0000000085000000| Untracked 
|   7|0x0000000085100000, 0x0000000085100000, 0x0000000085200000|  0%| F|  |TAMS 0x0000000085100000, 0x0000000085100000| Untracked 
|   8|0x0000000085200000, 0x0000000085200000, 0x0000000085300000|  0%| F|  |TAMS 0x0000000085200000, 0x0000000085200000| Untracked 
|   9|0x0000000085300000, 0x0000000085300000, 0x0000000085400000|  0%| F|  |TAMS 0x0000000085300000, 0x0000000085300000| Untracked 
|  10|0x0000000085400000, 0x0000000085400000, 0x0000000085500000|  0%| F|  |TAMS 0x0000000085400000, 0x0000000085400000| Untracked 
|  11|0x0000000085500000, 0x0000000085500000, 0x0000000085600000|  0%| F|  |TAMS 0x0000000085500000, 0x0000000085500000| Untracked 
|  12|0x0000000085600000, 0x0000000085600000, 0x0000000085700000|  0%| F|  |TAMS 0x0000000085600000, 0x0000000085600000| Untracked 
|  13|0x0000000085700000, 0x0000000085700000, 0x0000000085800000|  0%| F|  |TAMS 0x0000000085700000, 0x0000000085700000| Untracked 
|  14|0x0000000085800000, 0x0000000085800000, 0x0000000085900000|  0%| F|  |TAMS 0x0000000085800000, 0x0000000085800000| Untracked 
|  15|0x0000000085900000, 0x0000000085900000, 0x0000000085a00000|  0%| F|  |TAMS 0x0000000085900000, 0x0000000085900000| Untracked 
|  16|0x0000000085a00000, 0x0000000085a00000, 0x0000000085b00000|  0%| F|  |TAMS 0x0000000085a00000, 0x0000000085a00000| Untracked 
|  17|0x0000000085b00000, 0x0000000085b00000, 0x0000000085c00000|  0%| F|  |TAMS 0x0000000085b00000, 0x0000000085b00000| Untracked 
|  18|0x0000000085c00000, 0x0000000085c00000, 0x0000000085d00000|  0%| F|  |TAMS 0x0000000085c00000, 0x0000000085c00000| Untracked 
|  19|0x0000000085d00000, 0x0000000085d00000, 0x0000000085e00000|  0%| F|  |TAMS 0x0000000085d00000, 0x0000000085d00000| Untracked 
|  20|0x0000000085e00000, 0x0000000085e00000, 0x0000000085f00000|  0%| F|  |TAMS 0x0000000085e00000, 0x0000000085e00000| Untracked 
|  21|0x0000000085f00000, 0x0000000085f00000, 0x0000000086000000|  0%| F|  |TAMS 0x0000000085f00000, 0x0000000085f00000| Untracked 
|  22|0x0000000086000000, 0x0000000086000000, 0x0000000086100000|  0%| F|  |TAMS 0x0000000086000000, 0x0000000086000000| Untracked 
|  23|0x0000000086100000, 0x0000000086100000, 0x0000000086200000|  0%| F|  |TAMS 0x0000000086100000, 0x0000000086100000| Untracked 
|  24|0x0000000086200000, 0x0000000086200000, 0x0000000086300000|  0%| F|  |TAMS 0x0000000086200000, 0x0000000086200000| Untracked 
|  25|0x0000000086300000, 0x0000000086300000, 0x0000000086400000|  0%| F|  |TAMS 0x0000000086300000, 0x0000000086300000| Untracked 
|  26|0x0000000086400000, 0x0000000086400000, 0x0000000086500000|  0%| F|  |TAMS 0x0000000086400000, 0x0000000086400000| Untracked 
|  27|0x0000000086500000, 0x0000000086500000, 0x0000000086600000|  0%| F|  |TAMS 0x0000000086500000, 0x0000000086500000| Untracked 
|  28|0x0000000086600000, 0x0000000086600000, 0x0000000086700000|  0%| F|  |TAMS 0x0000000086600000, 0x0000000086600000| Untracked 
|  29|0x0000000086700000, 0x0000000086700000, 0x0000000086800000|  0%| F|  |TAMS 0x0000000086700000, 0x0000000086700000| Untracked 
|  30|0x0000000086800000, 0x0000000086800000, 0x0000000086900000|  0%| F|  |TAMS 0x0000000086800000, 0x0000000086800000| Untracked 
|  31|0x0000000086900000, 0x0000000086900000, 0x0000000086a00000|  0%| F|  |TAMS 0x0000000086900000, 0x0000000086900000| Untracked 
|  32|0x0000000086a00000, 0x0000000086a00000, 0x0000000086b00000|  0%| F|  |TAMS 0x0000000086a00000, 0x0000000086a00000| Untracked 
|  33|0x0000000086b00000, 0x0000000086b00000, 0x0000000086c00000|  0%| F|  |TAMS 0x0000000086b00000, 0x0000000086b00000| Untracked 
|  34|0x0000000086c00000, 0x0000000086c00000, 0x0000000086d00000|  0%| F|  |TAMS 0x0000000086c00000, 0x0000000086c00000| Untracked 
|  35|0x0000000086d00000, 0x0000000086d00000, 0x0000000086e00000|  0%| F|  |TAMS 0x0000000086d00000, 0x0000000086d00000| Untracked 
|  36|0x0000000086e00000, 0x0000000086e00000, 0x0000000086f00000|  0%| F|  |TAMS 0x0000000086e00000, 0x0000000086e00000| Untracked 
|  37|0x0000000086f00000, 0x0000000086f00000, 0x0000000087000000|  0%| F|  |TAMS 0x0000000086f00000, 0x0000000086f00000| Untracked 
|  38|0x0000000087000000, 0x0000000087000000, 0x0000000087100000|  0%| F|  |TAMS 0x0000000087000000, 0x0000000087000000| Untracked 
|  39|0x0000000087100000, 0x0000000087100000, 0x0000000087200000|  0%| F|  |TAMS 0x0000000087100000, 0x0000000087100000| Untracked 
|  40|0x0000000087200000, 0x0000000087200000, 0x0000000087300000|  0%| F|  |TAMS 0x0000000087200000, 0x0000000087200000| Untracked 
|  41|0x0000000087300000, 0x0000000087300000, 0x0000000087400000|  0%| F|  |TAMS 0x0000000087300000, 0x0000000087300000| Untracked 
|  42|0x0000000087400000, 0x0000000087400000, 0x0000000087500000|  0%| F|  |TAMS 0x0000000087400000, 0x0000000087400000| Untracked 
|  43|0x0000000087500000, 0x0000000087500000, 0x0000000087600000|  0%| F|  |TAMS 0x0000000087500000, 0x0000000087500000| Untracked 
|  44|0x0000000087600000, 0x0000000087600000, 0x0000000087700000|  0%| F|  |TAMS 0x0000000087600000, 0x0000000087600000| Untracked 
|  45|0x0000000087700000, 0x0000000087700000, 0x0000000087800000|  0%| F|  |TAMS 0x0000000087700000, 0x0000000087700000| Untracked 
|  46|0x0000000087800000, 0x0000000087800000, 0x0000000087900000|  0%| F|  |TAMS 0x0000000087800000, 0x0000000087800000| Untracked 
|  47|0x0000000087900000, 0x0000000087900000, 0x0000000087a00000|  0%| F|  |TAMS 0x0000000087900000, 0x0000000087900000| Untracked 
|  48|0x0000000087a00000, 0x0000000087a00000, 0x0000000087b00000|  0%| F|  |TAMS 0x0000000087a00000, 0x0000000087a00000| Untracked 
|  49|0x0000000087b00000, 0x0000000087b00000, 0x0000000087c00000|  0%| F|  |TAMS 0x0000000087b00000, 0x0000000087b00000| Untracked 
|  50|0x0000000087c00000, 0x0000000087c00000, 0x0000000087d00000|  0%| F|  |TAMS 0x0000000087c00000, 0x0000000087c00000| Untracked 
|  51|0x0000000087d00000, 0x0000000087d00000, 0x0000000087e00000|  0%| F|  |TAMS 0x0000000087d00000, 0x0000000087d00000| Untracked 
|  52|0x0000000087e00000, 0x0000000087e00000, 0x0000000087f00000|  0%| F|  |TAMS 0x0000000087e00000, 0x0000000087e00000| Untracked 
|  53|0x0000000087f00000, 0x0000000087f00000, 0x0000000088000000|  0%| F|  |TAMS 0x0000000087f00000, 0x0000000087f00000| Untracked 
|  54|0x0000000088000000, 0x0000000088000000, 0x0000000088100000|  0%| F|  |TAMS 0x0000000088000000, 0x0000000088000000| Untracked 
|  55|0x0000000088100000, 0x0000000088100000, 0x0000000088200000|  0%| F|  |TAMS 0x0000000088100000, 0x0000000088100000| Untracked 
|  56|0x0000000088200000, 0x0000000088200000, 0x0000000088300000|  0%| F|  |TAMS 0x0000000088200000, 0x0000000088200000| Untracked 
|  57|0x0000000088300000, 0x0000000088300000, 0x0000000088400000|  0%| F|  |TAMS 0x0000000088300000, 0x0000000088300000| Untracked 
|  58|0x0000000088400000, 0x0000000088400000, 0x0000000088500000|  0%| F|  |TAMS 0x0000000088400000, 0x0000000088400000| Untracked 
|  59|0x0000000088500000, 0x0000000088500000, 0x0000000088600000|  0%| F|  |TAMS 0x0000000088500000, 0x0000000088500000| Untracked 
|  60|0x0000000088600000, 0x0000000088600000, 0x0000000088700000|  0%| F|  |TAMS 0x0000000088600000, 0x0000000088600000| Untracked 
|  61|0x0000000088700000, 0x0000000088700000, 0x0000000088800000|  0%| F|  |TAMS 0x0000000088700000, 0x0000000088700000| Untracked 
|  62|0x0000000088800000, 0x0000000088800000, 0x0000000088900000|  0%| F|  |TAMS 0x0000000088800000, 0x0000000088800000| Untracked 
|  63|0x0000000088900000, 0x0000000088900000, 0x0000000088a00000|  0%| F|  |TAMS 0x0000000088900000, 0x0000000088900000| Untracked 
|  64|0x0000000088a00000, 0x0000000088a00000, 0x0000000088b00000|  0%| F|  |TAMS 0x0000000088a00000, 0x0000000088a00000| Untracked 
|  65|0x0000000088b00000, 0x0000000088b00000, 0x0000000088c00000|  0%| F|  |TAMS 0x0000000088b00000, 0x0000000088b00000| Untracked 
|  66|0x0000000088c00000, 0x0000000088c00000, 0x0000000088d00000|  0%| F|  |TAMS 0x0000000088c00000, 0x0000000088c00000| Untracked 
|  67|0x0000000088d00000, 0x0000000088d00000, 0x0000000088e00000|  0%| F|  |TAMS 0x0000000088d00000, 0x0000000088d00000| Untracked 
|  68|0x0000000088e00000, 0x0000000088e00000, 0x0000000088f00000|  0%| F|  |TAMS 0x0000000088e00000, 0x0000000088e00000| Untracked 
|  69|0x0000000088f00000, 0x0000000088f00000, 0x0000000089000000|  0%| F|  |TAMS 0x0000000088f00000, 0x0000000088f00000| Untracked 
|  70|0x0000000089000000, 0x0000000089000000, 0x0000000089100000|  0%| F|  |TAMS 0x0000000089000000, 0x0000000089000000| Untracked 
|  71|0x0000000089100000, 0x0000000089100000, 0x0000000089200000|  0%| F|  |TAMS 0x0000000089100000, 0x0000000089100000| Untracked 
|  72|0x0000000089200000, 0x0000000089200000, 0x0000000089300000|  0%| F|  |TAMS 0x0000000089200000, 0x0000000089200000| Untracked 
|  73|0x0000000089300000, 0x0000000089300000, 0x0000000089400000|  0%| F|  |TAMS 0x0000000089300000, 0x0000000089300000| Untracked 
|  74|0x0000000089400000, 0x0000000089400000, 0x0000000089500000|  0%| F|  |TAMS 0x0000000089400000, 0x0000000089400000| Untracked 
|  75|0x0000000089500000, 0x0000000089500000, 0x0000000089600000|  0%| F|  |TAMS 0x0000000089500000, 0x0000000089500000| Untracked 
|  76|0x0000000089600000, 0x0000000089600000, 0x0000000089700000|  0%| F|  |TAMS 0x0000000089600000, 0x0000000089600000| Untracked 
|  77|0x0000000089700000, 0x0000000089700000, 0x0000000089800000|  0%| F|  |TAMS 0x0000000089700000, 0x0000000089700000| Untracked 
|  78|0x0000000089800000, 0x0000000089800000, 0x0000000089900000|  0%| F|  |TAMS 0x0000000089800000, 0x0000000089800000| Untracked 
|  79|0x0000000089900000, 0x0000000089900000, 0x0000000089a00000|  0%| F|  |TAMS 0x0000000089900000, 0x0000000089900000| Untracked 
|  80|0x0000000089a00000, 0x0000000089a00000, 0x0000000089b00000|  0%| F|  |TAMS 0x0000000089a00000, 0x0000000089a00000| Untracked 
|  81|0x0000000089b00000, 0x0000000089b00000, 0x0000000089c00000|  0%| F|  |TAMS 0x0000000089b00000, 0x0000000089b00000| Untracked 
|  82|0x0000000089c00000, 0x0000000089c00000, 0x0000000089d00000|  0%| F|  |TAMS 0x0000000089c00000, 0x0000000089c00000| Untracked 
|  83|0x0000000089d00000, 0x0000000089d00000, 0x0000000089e00000|  0%| F|  |TAMS 0x0000000089d00000, 0x0000000089d00000| Untracked 
|  84|0x0000000089e00000, 0x0000000089e00000, 0x0000000089f00000|  0%| F|  |TAMS 0x0000000089e00000, 0x0000000089e00000| Untracked 
|  85|0x0000000089f00000, 0x0000000089f00000, 0x000000008a000000|  0%| F|  |TAMS 0x0000000089f00000, 0x0000000089f00000| Untracked 
|  86|0x000000008a000000, 0x000000008a000000, 0x000000008a100000|  0%| F|  |TAMS 0x000000008a000000, 0x000000008a000000| Untracked 
|  87|0x000000008a100000, 0x000000008a100000, 0x000000008a200000|  0%| F|  |TAMS 0x000000008a100000, 0x000000008a100000| Untracked 
|  88|0x000000008a200000, 0x000000008a200000, 0x000000008a300000|  0%| F|  |TAMS 0x000000008a200000, 0x000000008a200000| Untracked 
|  89|0x000000008a300000, 0x000000008a300000, 0x000000008a400000|  0%| F|  |TAMS 0x000000008a300000, 0x000000008a300000| Untracked 
|  90|0x000000008a400000, 0x000000008a400000, 0x000000008a500000|  0%| F|  |TAMS 0x000000008a400000, 0x000000008a400000| Untracked 
|  91|0x000000008a500000, 0x000000008a500000, 0x000000008a600000|  0%| F|  |TAMS 0x000000008a500000, 0x000000008a500000| Untracked 
|  92|0x000000008a600000, 0x000000008a600000, 0x000000008a700000|  0%| F|  |TAMS 0x000000008a600000, 0x000000008a600000| Untracked 
|  93|0x000000008a700000, 0x000000008a700000, 0x000000008a800000|  0%| F|  |TAMS 0x000000008a700000, 0x000000008a700000| Untracked 
|  94|0x000000008a800000, 0x000000008a800000, 0x000000008a900000|  0%| F|  |TAMS 0x000000008a800000, 0x000000008a800000| Untracked 
|  95|0x000000008a900000, 0x000000008a900000, 0x000000008aa00000|  0%| F|  |TAMS 0x000000008a900000, 0x000000008a900000| Untracked 
|  96|0x000000008aa00000, 0x000000008aa00000, 0x000000008ab00000|  0%| F|  |TAMS 0x000000008aa00000, 0x000000008aa00000| Untracked 
|  97|0x000000008ab00000, 0x000000008ab00000, 0x000000008ac00000|  0%| F|  |TAMS 0x000000008ab00000, 0x000000008ab00000| Untracked 
|  98|0x000000008ac00000, 0x000000008ac00000, 0x000000008ad00000|  0%| F|  |TAMS 0x000000008ac00000, 0x000000008ac00000| Untracked 
|  99|0x000000008ad00000, 0x000000008ad00000, 0x000000008ae00000|  0%| F|  |TAMS 0x000000008ad00000, 0x000000008ad00000| Untracked 
| 100|0x000000008ae00000, 0x000000008ae00000, 0x000000008af00000|  0%| F|  |TAMS 0x000000008ae00000, 0x000000008ae00000| Untracked 
| 101|0x000000008af00000, 0x000000008af00000, 0x000000008b000000|  0%| F|  |TAMS 0x000000008af00000, 0x000000008af00000| Untracked 
| 102|0x000000008b000000, 0x000000008b000000, 0x000000008b100000|  0%| F|  |TAMS 0x000000008b000000, 0x000000008b000000| Untracked 
| 103|0x000000008b100000, 0x000000008b100000, 0x000000008b200000|  0%| F|  |TAMS 0x000000008b100000, 0x000000008b100000| Untracked 
| 104|0x000000008b200000, 0x000000008b200000, 0x000000008b300000|  0%| F|  |TAMS 0x000000008b200000, 0x000000008b200000| Untracked 
| 105|0x000000008b300000, 0x000000008b300000, 0x000000008b400000|  0%| F|  |TAMS 0x000000008b300000, 0x000000008b300000| Untracked 
| 106|0x000000008b400000, 0x000000008b400000, 0x000000008b500000|  0%| F|  |TAMS 0x000000008b400000, 0x000000008b400000| Untracked 
| 107|0x000000008b500000, 0x000000008b500000, 0x000000008b600000|  0%| F|  |TAMS 0x000000008b500000, 0x000000008b500000| Untracked 
| 108|0x000000008b600000, 0x000000008b6d96a8, 0x000000008b700000| 84%| S|CS|TAMS 0x000000008b600000, 0x000000008b600000| Complete 
| 109|0x000000008b700000, 0x000000008b800000, 0x000000008b800000|100%| S|CS|TAMS 0x000000008b700000, 0x000000008b700000| Complete 
| 110|0x000000008b800000, 0x000000008b800000, 0x000000008b900000|  0%| F|  |TAMS 0x000000008b800000, 0x000000008b800000| Untracked 
| 111|0x000000008b900000, 0x000000008b900000, 0x000000008ba00000|  0%| F|  |TAMS 0x000000008b900000, 0x000000008b900000| Untracked 
| 112|0x000000008ba00000, 0x000000008ba00000, 0x000000008bb00000|  0%| F|  |TAMS 0x000000008ba00000, 0x000000008ba00000| Untracked 
| 113|0x000000008bb00000, 0x000000008bb00000, 0x000000008bc00000|  0%| F|  |TAMS 0x000000008bb00000, 0x000000008bb00000| Untracked 
| 114|0x000000008bc00000, 0x000000008bc00000, 0x000000008bd00000|  0%| F|  |TAMS 0x000000008bc00000, 0x000000008bc00000| Untracked 
| 115|0x000000008bd00000, 0x000000008bd00000, 0x000000008be00000|  0%| F|  |TAMS 0x000000008bd00000, 0x000000008bd00000| Untracked 
| 116|0x000000008be00000, 0x000000008be00000, 0x000000008bf00000|  0%| F|  |TAMS 0x000000008be00000, 0x000000008be00000| Untracked 
| 117|0x000000008bf00000, 0x000000008bf00000, 0x000000008c000000|  0%| F|  |TAMS 0x000000008bf00000, 0x000000008bf00000| Untracked 
| 118|0x000000008c000000, 0x000000008c000000, 0x000000008c100000|  0%| F|  |TAMS 0x000000008c000000, 0x000000008c000000| Untracked 
| 119|0x000000008c100000, 0x000000008c100000, 0x000000008c200000|  0%| F|  |TAMS 0x000000008c100000, 0x000000008c100000| Untracked 
| 120|0x000000008c200000, 0x000000008c200000, 0x000000008c300000|  0%| F|  |TAMS 0x000000008c200000, 0x000000008c200000| Untracked 
| 121|0x000000008c300000, 0x000000008c300000, 0x000000008c400000|  0%| F|  |TAMS 0x000000008c300000, 0x000000008c300000| Untracked 
| 122|0x000000008c400000, 0x000000008c400000, 0x000000008c500000|  0%| F|  |TAMS 0x000000008c400000, 0x000000008c400000| Untracked 
| 123|0x000000008c500000, 0x000000008c580800, 0x000000008c600000| 50%| E|  |TAMS 0x000000008c500000, 0x000000008c500000| Complete 

Card table byte_map: [0x00007fd4b854f000,0x00007fd4b892a000] _byte_map_base: 0x00007fd4b812a000

Marking Bits (Prev, Next): (CMBitMap*) 0x00007fd4b40617d8, (CMBitMap*) 0x00007fd4b4061810
 Prev Bits: [0x00007fd496128000, 0x00007fd498000000)
 Next Bits: [0x00007fd494250000, 0x00007fd496128000)

Polling page: 0x00007fd4bc909000

Metaspace:

Usage:
  Non-class:      8.14 MB capacity,     7.93 MB ( 97%) used,   191.98 KB (  2%) free+waste,    27.62 KB ( <1%) overhead. 
      Class:      1.03 MB capacity,   906.11 KB ( 86%) used,   129.83 KB ( 12%) free+waste,    14.06 KB (  1%) overhead. 
       Both:      9.17 MB capacity,     8.81 MB ( 96%) used,   321.80 KB (  3%) free+waste,    41.69 KB ( <1%) overhead. 

Virtual space:
  Non-class space:       10.00 MB reserved,       8.25 MB ( 82%) committed 
      Class space:        1.00 GB reserved,       1.12 MB ( <1%) committed 
             Both:        1.01 GB reserved,       9.38 MB ( <1%) committed 

Chunk freelists:
   Non-Class:  4.25 KB
       Class:  768 bytes
        Both:  5.00 KB

CodeHeap 'non-profiled nmethods': size=120032Kb used=266Kb max_used=266Kb free=119765Kb
 bounds [0x00007fd4a470d000, 0x00007fd4a497d000, 0x00007fd4abc45000]
CodeHeap 'profiled nmethods': size=120032Kb used=1146Kb max_used=1146Kb free=118885Kb
 bounds [0x00007fd49d1d5000, 0x00007fd49d445000, 0x00007fd4a470d000]
CodeHeap 'non-nmethods': size=5696Kb used=1106Kb max_used=1117Kb free=4589Kb
 bounds [0x00007fd49cc45000, 0x00007fd49ceb5000, 0x00007fd49d1d5000]
 total_blobs=1376 nmethods=769 adapters=342
 compilation: enabled
              stopped_count=0, restarted_count=0
 full_count=0

Compilation events (10 events):
Event: 0.733 Thread 0x00007fd4b4168800  764       3       java.util.ArrayList::iterator (9 bytes)
Event: 0.734 Thread 0x00007fd4b4168800 nmethod 764 0x00007fd49d2f1a10 code [0x00007fd49d2f1be0, 0x00007fd49d2f1eb0]
Event: 0.738 Thread 0x00007fd4b4168800  766   !   3       jdk.internal.ref.PhantomCleanable::remove (60 bytes)
Event: 0.739 Thread 0x00007fd4b4168800 nmethod 766 0x00007fd49d2f1f90 code [0x00007fd49d2f2160, 0x00007fd49d2f2670]
Event: 0.739 Thread 0x00007fd4b4168800  767       3       java.lang.ref.Reference::clear (6 bytes)
Event: 0.739 Thread 0x00007fd4b4168800 nmethod 767 0x00007fd49d2f2810 code [0x00007fd49d2f29c0, 0x00007fd49d2f2b30]
Event: 0.739 Thread 0x00007fd4b4168800  768       3       jdk.internal.ref.PhantomCleanable::clean (16 bytes)
Event: 0.739 Thread 0x00007fd4b4168800 nmethod 768 0x00007fd49d2f2b90 code [0x00007fd49d2f2d60, 0x00007fd49d2f3078]
Event: 0.740 Thread 0x00007fd4b4168800  769       3       java.lang.ref.ReferenceQueue::reallyPoll (65 bytes)
Event: 0.740 Thread 0x00007fd4b4168800 nmethod 769 0x00007fd49d2f3190 code [0x00007fd49d2f3380, 0x00007fd49d2f38d0]

GC Heap History (2 events):
Event: 0.734 GC heap before
{Heap before GC invocations=0 (full 0):
 garbage-first heap   total 126976K, used 14336K [0x0000000084a00000, 0x0000000100000000)
  region size 1024K, 14 young (14336K), 0 survivors (0K)
 Metaspace       used 9019K, capacity 9385K, committed 9600K, reserved 1058816K
  class space    used 905K, capacity 1049K, committed 1152K, reserved 1048576K
}
Event: 0.738 GC heap after
{Heap after GC invocations=1 (full 0):
 garbage-first heap   total 126976K, used 1893K [0x0000000084a00000, 0x0000000100000000)
  region size 1024K, 2 young (2048K), 2 survivors (2048K)
 Metaspace       used 9019K, capacity 9385K, committed 9600K, reserved 1058816K
  class space    used 905K, capacity 1049K, committed 1152K, reserved 1048576K
}

Deoptimization events (3 events):
Event: 0.284 Thread 0x00007fd4b4011800 Uncommon trap: reason=unstable_if action=reinterpret pc=0x00007fd4a471eb94 method=java.util.ImmutableCollections$SetN.probe(Ljava/lang/Object;)I @ 34 c2
Event: 0.326 Thread 0x00007fd4b4011800 Uncommon trap: reason=unstable_if action=reinterpret pc=0x00007fd4a47213f4 method=java.lang.String.substring(II)Ljava/lang/String; @ 22 c2
Event: 0.432 Thread 0x00007fd4b4011800 Uncommon trap: reason=unstable_if action=reinterpret pc=0x00007fd4a472e3c8 method=java.lang.String.startsWith(Ljava/lang/String;I)Z @ 14 c2

Classes redefined (0 events):
No events

Internal exceptions (9 events):
Event: 0.212 Thread 0x00007fd4b4011800 Exception <a 'java/lang/NoSuchMethodError'{0x000000008c33e8e0}: java.lang.invoke.DirectMethodHandle$Holder.invokeSpecialIFC(Ljava/lang/Object;Ljava/lang/Object;I)I> (0x000000008c33e8e0) thrown at [/scratch/opt/mach5/mesos/work_dir/slaves/83bb4d84-382c-4ea
Event: 0.404 Thread 0x00007fd4b4011800 Exception <a 'java/lang/NoSuchMethodError'{0x000000008bdce170}: java.lang.invoke.DirectMethodHandle$Holder.invokeStatic(Ljava/lang/Object;Ljava/lang/Object;Ljava/lang/Object;Ljava/lang/Object;Ljava/lang/Object;Ljava/lang/Object;Ljava/lang/Object;Ljava/lan
Event: 0.413 Thread 0x00007fd4b4011800 Exception <a 'java/lang/NoSuchMethodError'{0x000000008bde97f8}: java.lang.invoke.DirectMethodHandle$Holder.invokeStatic(Ljava/lang/Object;Ljava/lang/Object;Ljava/lang/Object;Ljava/lang/Object;Ljava/lang/Object;Ljava/lang/Object;Ljava/lang/Object;Ljava/lan
Event: 0.418 Thread 0x00007fd4b4011800 Exception <a 'java/lang/NoSuchMethodError'{0x000000008bc05080}: java.lang.invoke.DirectMethodHandle$Holder.invokeStatic(Ljava/lang/Object;Ljava/lang/Object;Ljava/lang/Object;Ljava/lang/Object;Ljava/lang/Object;Ljava/lang/Object;Ljava/lang/Object;Ljava/lan
Event: 0.628 Thread 0x00007fd4b4011800 Exception <a 'java/lang/NoSuchMethodError'{0x000000008b9ef9c8}: java.lang.invoke.DirectMethodHandle$Holder.invokeStaticInit(Ljava/lang/Object;Ljava/lang/Object;Ljava/lang/Object;)I> (0x000000008b9ef9c8) thrown at [/scratch/opt/mach5/mesos/work_dir/slaves/
Event: 0.630 Thread 0x00007fd4b4011800 Exception <a 'java/lang/NoSuchMethodError'{0x000000008b9fb2f0}: java.lang.invoke.DirectMethodHandle$Holder.invokeSpecial(Ljava/lang/Object;Ljava/lang/Object;)V> (0x000000008b9fb2f0) thrown at [/scratch/opt/mach5/mesos/work_dir/slaves/83bb4d84-382c-4ead-b5
Event: 0.732 Thread 0x00007fd4b4011800 Exception <a 'java/lang/NoSuchMethodError'{0x000000008b8bc7d0}: java.lang.invoke.DirectMethodHandle$Holder.invokeStatic(Ljava/lang/Object;Ljava/lang/Object;Ljava/lang/Object;I)Ljava/lang/Object;> (0x000000008b8bc7d0) thrown at [/scratch/opt/mach5/mesos/wo
Event: 0.732 Thread 0x00007fd4b4011800 Exception <a 'java/lang/NoSuchMethodError'{0x000000008b8c0448}: java.lang.invoke.DirectMethodHandle$Holder.invokeSpecial(Ljava/lang/Object;Ljava/lang/Object;Ljava/lang/Object;Ljava/lang/Object;I)Ljava/lang/Object;> (0x000000008b8c0448) thrown at [/scratch
Event: 0.732 Thread 0x00007fd4b4011800 Exception <a 'java/lang/NoSuchMethodError'{0x000000008b8c38d8}: java.lang.invoke.Invokers$Holder.linkToTargetMethod(Ljava/lang/Object;Ljava/lang/Object;ILjava/lang/Object;)Ljava/lang/Object;> (0x000000008b8c38d8) thrown at [/scratch/opt/mach5/mesos/work_d

Events (10 events):
Event: 0.739 Executing VM operation: RevokeBias
Event: 0.739 Executing VM operation: RevokeBias done
Event: 0.739 Executing VM operation: RevokeBias
Event: 0.739 Executing VM operation: RevokeBias done
Event: 0.739 Executing VM operation: RevokeBias
Event: 0.740 Executing VM operation: RevokeBias done
Event: 0.740 Executing VM operation: RevokeBias
Event: 0.740 Executing VM operation: RevokeBias done
Event: 0.740 Executing VM operation: RevokeBias
Event: 0.740 Executing VM operation: RevokeBias done


Dynamic libraries:
00400000-00401000 r-xp 00000000 08:07 25209                              /usr/local/java/jdk-11.0.1/bin/java
00600000-00601000 r--p 00000000 08:07 25209                              /usr/local/java/jdk-11.0.1/bin/java
00601000-00602000 rw-p 00001000 08:07 25209                              /usr/local/java/jdk-11.0.1/bin/java
00cd7000-00cf8000 rw-p 00000000 00:00 0                                  [heap]
84a00000-8c600000 rw-p 00000000 00:00 0 
8c600000-100000000 ---p 00000000 00:00 0 
100000000-100120000 rw-p 00000000 00:00 0 
100120000-140000000 ---p 00000000 00:00 0 
7fd418000000-7fd418021000 rw-p 00000000 00:00 0 
7fd418021000-7fd41c000000 ---p 00000000 00:00 0 
7fd41c000000-7fd41c021000 rw-p 00000000 00:00 0 
7fd41c021000-7fd420000000 ---p 00000000 00:00 0 
7fd420000000-7fd420021000 rw-p 00000000 00:00 0 
7fd420021000-7fd424000000 ---p 00000000 00:00 0 
7fd424000000-7fd424021000 rw-p 00000000 00:00 0 
7fd424021000-7fd428000000 ---p 00000000 00:00 0 
7fd428000000-7fd428021000 rw-p 00000000 00:00 0 
7fd428021000-7fd42c000000 ---p 00000000 00:00 0 
7fd42c000000-7fd42c021000 rw-p 00000000 00:00 0 
7fd42c021000-7fd430000000 ---p 00000000 00:00 0 
7fd430000000-7fd430035000 rw-p 00000000 00:00 0 
7fd430035000-7fd434000000 ---p 00000000 00:00 0 
7fd434edd000-7fd434ede000 ---p 00000000 00:00 0 
7fd434ede000-7fd434fdf000 rw-p 00000000 00:00 0 
7fd434fdf000-7fd434fe0000 ---p 00000000 00:00 0 
7fd434fe0000-7fd4350e1000 rw-p 00000000 00:00 0 
7fd4350e1000-7fd4350e2000 ---p 00000000 00:00 0 
7fd4350e2000-7fd4351e3000 rw-p 00000000 00:00 0 
7fd4351e3000-7fd4351e4000 ---p 00000000 00:00 0 
7fd4351e4000-7fd4359e4000 rw-p 00000000 00:00 0 
7fd4359e4000-7fd4359e5000 ---p 00000000 00:00 0 
7fd4359e5000-7fd4361e5000 rw-p 00000000 00:00 0 
7fd4361e5000-7fd4361e6000 ---p 00000000 00:00 0 
7fd4361e6000-7fd4369e6000 rw-p 00000000 00:00 0 
7fd4369e6000-7fd4369f2000 r-xp 00000000 08:07 264844                     /usr/lib64/gio/modules/libdconfsettings.so
7fd4369f2000-7fd436bf1000 ---p 0000c000 08:07 264844                     /usr/lib64/gio/modules/libdconfsettings.so
7fd436bf1000-7fd436bf2000 r--p 0000b000 08:07 264844                     /usr/lib64/gio/modules/libdconfsettings.so
7fd436bf2000-7fd436c33000 rw-p 00000000 00:00 0 
7fd436c33000-7fd436df3000 ---p 00000000 00:00 0 
7fd436df3000-7fd436df8000 r-xp 00000000 08:07 19425                      /usr/lib64/libXtst.so.6.1.0
7fd436df8000-7fd436ff7000 ---p 00005000 08:07 19425                      /usr/lib64/libXtst.so.6.1.0
7fd436ff7000-7fd436ff8000 r--p 00004000 08:07 19425                      /usr/lib64/libXtst.so.6.1.0
7fd436ff8000-7fd436ff9000 rw-p 00005000 08:07 19425                      /usr/lib64/libXtst.so.6.1.0
7fd436ff9000-7fd436ffa000 r-xp 00000000 08:07 18158                      /usr/lib64/libgthread-2.0.so.0.5600.3
7fd436ffa000-7fd4371f9000 ---p 00001000 08:07 18158                      /usr/lib64/libgthread-2.0.so.0.5600.3
7fd4371f9000-7fd4371fa000 r--p 00000000 08:07 18158                      /usr/lib64/libgthread-2.0.so.0.5600.3
7fd4371fa000-7fd4371fb000 rw-p 00000000 00:00 0 
7fd4371fb000-7fd43723e000 r-xp 00000000 08:06 3407878                    /home/mauricioriva/javafx/openjfx-11.0.1_linux-x64_bin-sdk/javafx-sdk-11.0.1/lib/libglassgtk3.so
7fd43723e000-7fd43743e000 ---p 00043000 08:06 3407878                    /home/mauricioriva/javafx/openjfx-11.0.1_linux-x64_bin-sdk/javafx-sdk-11.0.1/lib/libglassgtk3.so
7fd43743e000-7fd437440000 r--p 00043000 08:06 3407878                    /home/mauricioriva/javafx/openjfx-11.0.1_linux-x64_bin-sdk/javafx-sdk-11.0.1/lib/libglassgtk3.so
7fd437440000-7fd437441000 rw-p 00045000 08:06 3407878                    /home/mauricioriva/javafx/openjfx-11.0.1_linux-x64_bin-sdk/javafx-sdk-11.0.1/lib/libglassgtk3.so
7fd437441000-7fd437442000 rw-p 00000000 00:00 0 
7fd437442000-7fd437461000 r-xp 00000000 08:07 18109                      /usr/lib64/libgpg-error.so.0.24.2
7fd437461000-7fd437660000 ---p 0001f000 08:07 18109                      /usr/lib64/libgpg-error.so.0.24.2
7fd437660000-7fd437661000 r--p 0001e000 08:07 18109                      /usr/lib64/libgpg-error.so.0.24.2
7fd437661000-7fd437662000 rw-p 0001f000 08:07 18109                      /usr/lib64/libgpg-error.so.0.24.2
7fd437662000-7fd437777000 r-xp 00000000 08:07 18055                      /usr/lib64/libgcrypt.so.20.2.3
7fd437777000-7fd437976000 ---p 00115000 08:07 18055                      /usr/lib64/libgcrypt.so.20.2.3
7fd437976000-7fd437978000 r--p 00114000 08:07 18055                      /usr/lib64/libgcrypt.so.20.2.3
7fd437978000-7fd43797d000 rw-p 00116000 08:07 18055                      /usr/lib64/libgcrypt.so.20.2.3
7fd43797d000-7fd437981000 r-xp 00000000 08:07 19534                      /usr/lib64/libcap.so.2.25
7fd437981000-7fd437b80000 ---p 00004000 08:07 19534                      /usr/lib64/libcap.so.2.25
7fd437b80000-7fd437b81000 r--p 00003000 08:07 19534                      /usr/lib64/libcap.so.2.25
7fd437b81000-7fd437b82000 rw-p 00004000 08:07 19534                      /usr/lib64/libcap.so.2.25
7fd437b82000-7fd437b98000 r-xp 00000000 08:07 19953                      /usr/lib64/liblz4.so.1.8.1
7fd437b98000-7fd437d97000 ---p 00016000 08:07 19953                      /usr/lib64/liblz4.so.1.8.1
7fd437d97000-7fd437d98000 r--p 00015000 08:07 19953                      /usr/lib64/liblz4.so.1.8.1
7fd437d98000-7fd437d99000 rw-p 00000000 00:00 0 
7fd437d99000-7fd437dbe000 r-xp 00000000 08:07 18278                      /usr/lib64/liblzma.so.5.2.4
7fd437dbe000-7fd437fbe000 ---p 00025000 08:07 18278                      /usr/lib64/liblzma.so.5.2.4
7fd437fbe000-7fd437fbf000 r--p 00025000 08:07 18278                      /usr/lib64/liblzma.so.5.2.4
7fd437fbf000-7fd437fc0000 rw-p 00000000 00:00 0 
7fd437fc0000-7fd43800b000 r-xp 00000000 08:07 17855                      /usr/lib64/libblkid.so.1.1.0
7fd43800b000-7fd43820a000 ---p 0004b000 08:07 17855                      /usr/lib64/libblkid.so.1.1.0
7fd43820a000-7fd43820f000 r--p 0004a000 08:07 17855                      /usr/lib64/libblkid.so.1.1.0
7fd43820f000-7fd438210000 rw-p 0004f000 08:07 17855                      /usr/lib64/libblkid.so.1.1.0
7fd438210000-7fd438211000 rw-p 00000000 00:00 0 
7fd438211000-7fd438217000 r-xp 00000000 08:07 19600                      /usr/lib64/libdatrie.so.1.3.2
7fd438217000-7fd438416000 ---p 00006000 08:07 19600                      /usr/lib64/libdatrie.so.1.3.2
7fd438416000-7fd438417000 r--p 00005000 08:07 19600                      /usr/lib64/libdatrie.so.1.3.2
7fd438417000-7fd438418000 rw-p 00000000 00:00 0 
7fd438418000-7fd438442000 r-xp 00000000 08:07 19780                      /usr/lib64/libgraphite2.so.3.0.1
7fd438442000-7fd438641000 ---p 0002a000 08:07 19780                      /usr/lib64/libgraphite2.so.3.0.1
7fd438641000-7fd438643000 r--p 00029000 08:07 19780                      /usr/lib64/libgraphite2.so.3.0.1
7fd438643000-7fd438644000 rw-p 00000000 00:00 0 
7fd438644000-7fd4386dd000 r-xp 00000000 08:07 18536                      /usr/lib64/libsystemd.so.0.22.0
7fd4386dd000-7fd4388dc000 ---p 00099000 08:07 18536                      /usr/lib64/libsystemd.so.0.22.0
7fd4388dc000-7fd4388df000 r--p 00098000 08:07 18536                      /usr/lib64/libsystemd.so.0.22.0
7fd4388df000-7fd4388e0000 rw-p 0009b000 08:07 18536                      /usr/lib64/libsystemd.so.0.22.0
7fd4388e0000-7fd4388e1000 rw-p 00000000 00:00 0 
7fd4388e1000-7fd4388f1000 r-xp 00000000 08:07 19519                      /usr/lib64/libbz2.so.1.0.6
7fd4388f1000-7fd438af0000 ---p 00010000 08:07 19519                      /usr/lib64/libbz2.so.1.0.6
7fd438af0000-7fd438af1000 r--p 0000f000 08:07 19519                      /usr/lib64/libbz2.so.1.0.6
7fd438af1000-7fd438af2000 rw-p 00010000 08:07 19519                      /usr/lib64/libbz2.so.1.0.6
7fd438af2000-7fd438b48000 r-xp 00000000 08:07 18299                      /usr/lib64/libmount.so.1.1.0
7fd438b48000-7fd438d47000 ---p 00056000 08:07 18299                      /usr/lib64/libmount.so.1.1.0
7fd438d47000-7fd438d4a000 r--p 00055000 08:07 18299                      /usr/lib64/libmount.so.1.1.0
7fd438d4a000-7fd438d4b000 rw-p 00058000 08:07 18299                      /usr/lib64/libmount.so.1.1.0
7fd438d4b000-7fd438d4c000 rw-p 00000000 00:00 0 
7fd438d4c000-7fd438d5f000 r-xp 00000000 08:07 18425                      /usr/lib64/libresolv-2.27.so
7fd438d5f000-7fd438f5f000 ---p 00013000 08:07 18425                      /usr/lib64/libresolv-2.27.so
7fd438f5f000-7fd438f60000 r--p 00013000 08:07 18425                      /usr/lib64/libresolv-2.27.so
7fd438f60000-7fd438f61000 rw-p 00014000 08:07 18425                      /usr/lib64/libresolv-2.27.so
7fd438f61000-7fd438f63000 rw-p 00000000 00:00 0 
7fd438f63000-7fd438f69000 r-xp 00000000 08:07 18598                      /usr/lib64/libuuid.so.1.3.0
7fd438f69000-7fd439168000 ---p 00006000 08:07 18598                      /usr/lib64/libuuid.so.1.3.0
7fd439168000-7fd439169000 r--p 00005000 08:07 18598                      /usr/lib64/libuuid.so.1.3.0
7fd439169000-7fd43916a000 rw-p 00000000 00:00 0 
7fd43916a000-7fd439185000 r-xp 00000000 08:07 18036                      /usr/lib64/libfribidi.so.0.4.0
7fd439185000-7fd439384000 ---p 0001b000 08:07 18036                      /usr/lib64/libfribidi.so.0.4.0
7fd439384000-7fd439385000 r--p 0001a000 08:07 18036                      /usr/lib64/libfribidi.so.0.4.0
7fd439385000-7fd439386000 rw-p 0001b000 08:07 18036                      /usr/lib64/libfribidi.so.0.4.0
7fd439386000-7fd43938e000 r-xp 00000000 08:07 18549                      /usr/lib64/libthai.so.0.3.1
7fd43938e000-7fd43958e000 ---p 00008000 08:07 18549                      /usr/lib64/libthai.so.0.3.1
7fd43958e000-7fd43958f000 r--p 00008000 08:07 18549                      /usr/lib64/libthai.so.0.3.1
7fd43958f000-7fd439590000 rw-p 00009000 08:07 18549                      /usr/lib64/libthai.so.0.3.1
7fd439590000-7fd439632000 r-xp 00000000 08:07 19847                      /usr/lib64/libharfbuzz.so.0.10705.0
7fd439632000-7fd439832000 ---p 000a2000 08:07 19847                      /usr/lib64/libharfbuzz.so.0.10705.0
7fd439832000-7fd439834000 r--p 000a2000 08:07 19847                      /usr/lib64/libharfbuzz.so.0.10705.0
7fd439834000-7fd439835000 rw-p 000a4000 08:07 19847                      /usr/lib64/libharfbuzz.so.0.10705.0
7fd439835000-7fd43983c000 r-xp 00000000 08:07 19677                      /usr/lib64/libffi.so.6.0.2
7fd43983c000-7fd439a3c000 ---p 00007000 08:07 19677                      /usr/lib64/libffi.so.6.0.2
7fd439a3c000-7fd439a3d000 r--p 00007000 08:07 19677                      /usr/lib64/libffi.so.6.0.2
7fd439a3d000-7fd439a3e000 rw-p 00008000 08:07 19677                      /usr/lib64/libffi.so.6.0.2
7fd439a3e000-7fd439a8e000 r-xp 00000000 08:07 17942                      /usr/lib64/libdbus-1.so.3.19.8
7fd439a8e000-7fd439c8d000 ---p 00050000 08:07 17942                      /usr/lib64/libdbus-1.so.3.19.8
7fd439c8d000-7fd439c8f000 r--p 0004f000 08:07 17942                      /usr/lib64/libdbus-1.so.3.19.8
7fd439c8f000-7fd439c90000 rw-p 00051000 08:07 17942                      /usr/lib64/libdbus-1.so.3.19.8
7fd439c90000-7fd439cbe000 r-xp 00000000 08:07 19464                      /usr/lib64/libatspi.so.0.0.1
7fd439cbe000-7fd439ebd000 ---p 0002e000 08:07 19464                      /usr/lib64/libatspi.so.0.0.1
7fd439ebd000-7fd439ec1000 r--p 0002d000 08:07 19464                      /usr/lib64/libatspi.so.0.0.1
7fd439ec1000-7fd439ec2000 rw-p 00031000 08:07 19464                      /usr/lib64/libatspi.so.0.0.1
7fd439ec2000-7fd439ecb000 r-xp 00000000 08:07 19423                      /usr/lib64/libXrender.so.1.3.0
7fd439ecb000-7fd43a0cb000 ---p 00009000 08:07 19423                      /usr/lib64/libXrender.so.1.3.0
7fd43a0cb000-7fd43a0cc000 r--p 00009000 08:07 19423                      /usr/lib64/libXrender.so.1.3.0
7fd43a0cc000-7fd43a0cd000 rw-p 0000a000 08:07 19423                      /usr/lib64/libXrender.so.1.3.0
7fd43a0cd000-7fd43a0d9000 r-xp 00000000 08:07 20394                      /usr/lib64/libxcb-render.so.0.0.0
7fd43a0d9000-7fd43a2d9000 ---p 0000c000 08:07 20394                      /usr/lib64/libxcb-render.so.0.0.0
7fd43a2d9000-7fd43a2da000 r--p 0000c000 08:07 20394                      /usr/lib64/libxcb-render.so.0.0.0
7fd43a2da000-7fd43a2db000 rw-p 0000d000 08:07 20394                      /usr/lib64/libxcb-render.so.0.0.0
7fd43a2db000-7fd43a2dd000 r-xp 00000000 08:07 20398                      /usr/lib64/libxcb-shm.so.0.0.0
7fd43a2dd000-7fd43a4dd000 ---p 00002000 08:07 20398                      /usr/lib64/libxcb-shm.so.0.0.0
7fd43a4dd000-7fd43a4de000 r--p 00002000 08:07 20398                      /usr/lib64/libxcb-shm.so.0.0.0
7fd43a4de000-7fd43a4df000 rw-p 00003000 08:07 20398                      /usr/lib64/libxcb-shm.so.0.0.0
7fd43a4df000-7fd43a512000 r-xp 00000000 08:07 18414                      /usr/lib64/libpng16.so.16.34.0
7fd43a512000-7fd43a711000 ---p 00033000 08:07 18414                      /usr/lib64/libpng16.so.16.34.0
7fd43a711000-7fd43a712000 r--p 00032000 08:07 18414                      /usr/lib64/libpng16.so.16.34.0
7fd43a712000-7fd43a713000 rw-p 00000000 00:00 0 
7fd43a713000-7fd43a7b0000 r-xp 00000000 08:07 18405                      /usr/lib64/libpixman-1.so.0.34.0
7fd43a7b0000-7fd43a9b0000 ---p 0009d000 08:07 18405                      /usr/lib64/libpixman-1.so.0.34.0
7fd43a9b0000-7fd43a9b8000 r--p 0009d000 08:07 18405                      /usr/lib64/libpixman-1.so.0.34.0
7fd43a9b8000-7fd43a9b9000 rw-p 000a5000 08:07 18405                      /usr/lib64/libpixman-1.so.0.34.0
7fd43a9b9000-7fd43aa68000 r-xp 00000000 08:07 19698                      /usr/lib64/libfreetype.so.6.14.0
7fd43aa68000-7fd43ac68000 ---p 000af000 08:07 19698                      /usr/lib64/libfreetype.so.6.14.0
7fd43ac68000-7fd43ac6f000 r--p 000af000 08:07 19698                      /usr/lib64/libfreetype.so.6.14.0
7fd43ac6f000-7fd43ac70000 rw-p 00000000 00:00 0 
7fd43ac70000-7fd43ace0000 r-xp 00000000 08:07 18392                      /usr/lib64/libpcre.so.1.2.10
7fd43ace0000-7fd43aedf000 ---p 00070000 08:07 18392                      /usr/lib64/libpcre.so.1.2.10
7fd43aedf000-7fd43aee0000 r--p 0006f000 08:07 18392                      /usr/lib64/libpcre.so.1.2.10
7fd43aee0000-7fd43aee1000 rw-p 00070000 08:07 18392                      /usr/lib64/libpcre.so.1.2.10
7fd43aee1000-7fd43aee2000 r-xp 00000000 08:07 20355                      /usr/lib64/libwayland-egl.so.1.0.0
7fd43aee2000-7fd43b0e1000 ---p 00001000 08:07 20355                      /usr/lib64/libwayland-egl.so.1.0.0
7fd43b0e1000-7fd43b0e2000 r--p 00000000 08:07 20355                      /usr/lib64/libwayland-egl.so.1.0.0
7fd43b0e2000-7fd43b0e3000 rw-p 00000000 00:00 0 
7fd43b0e3000-7fd43b0e7000 r-xp 00000000 08:07 20354                      /usr/lib64/libwayland-cursor.so.0.0.0
7fd43b0e7000-7fd43b2e6000 ---p 00004000 08:07 20354                      /usr/lib64/libwayland-cursor.so.0.0.0
7fd43b2e6000-7fd43b2e7000 r--p 00003000 08:07 20354                      /usr/lib64/libwayland-cursor.so.0.0.0
7fd43b2e7000-7fd43b2eb000 rw-p 00004000 08:07 20354                      /usr/lib64/libwayland-cursor.so.0.0.0
7fd43b2eb000-7fd43b329000 r-xp 00000000 08:07 18695                      /usr/lib64/libxkbcommon.so.0.0.0
7fd43b329000-7fd43b528000 ---p 0003e000 08:07 18695                      /usr/lib64/libxkbcommon.so.0.0.0
7fd43b528000-7fd43b52a000 r--p 0003d000 08:07 18695                      /usr/lib64/libxkbcommon.so.0.0.0
7fd43b52a000-7fd43b52b000 rw-p 00000000 00:00 0 
7fd43b52b000-7fd43b52d000 r-xp 00000000 08:07 19409                      /usr/lib64/libXcomposite.so.1.0.0
7fd43b52d000-7fd43b72c000 ---p 00002000 08:07 19409                      /usr/lib64/libXcomposite.so.1.0.0
7fd43b72c000-7fd43b72d000 r--p 00001000 08:07 19409                      /usr/lib64/libXcomposite.so.1.0.0
7fd43b72d000-7fd43b72e000 rw-p 00000000 00:00 0 
7fd43b72e000-7fd43b737000 r-xp 00000000 08:07 19410                      /usr/lib64/libXcursor.so.1.0.2
7fd43b737000-7fd43b937000 ---p 00009000 08:07 19410                      /usr/lib64/libXcursor.so.1.0.2
7fd43b937000-7fd43b938000 r--p 00009000 08:07 19410                      /usr/lib64/libXcursor.so.1.0.2
7fd43b938000-7fd43b939000 rw-p 00000000 00:00 0 
7fd43b939000-7fd43b943000 r-xp 00000000 08:07 19422                      /usr/lib64/libXrandr.so.2.2.0
7fd43b943000-7fd43bb42000 ---p 0000a000 08:07 19422                      /usr/lib64/libXrandr.so.2.2.0
7fd43bb42000-7fd43bb43000 r--p 00009000 08:07 19422                      /usr/lib64/libXrandr.so.2.2.0
7fd43bb43000-7fd43bb44000 rw-p 0000a000 08:07 19422                      /usr/lib64/libXrandr.so.2.2.0
7fd43bb44000-7fd43bb46000 r-xp 00000000 08:07 19418                      /usr/lib64/libXinerama.so.1.0.0
7fd43bb46000-7fd43bd45000 ---p 00002000 08:07 19418                      /usr/lib64/libXinerama.so.1.0.0
7fd43bd45000-7fd43bd46000 r--p 00001000 08:07 19418                      /usr/lib64/libXinerama.so.1.0.0
7fd43bd46000-7fd43bd47000 rw-p 00002000 08:07 19418                      /usr/lib64/libXinerama.so.1.0.0
7fd43bd47000-7fd43be5c000 r-xp 00000000 08:07 18087                      /usr/lib64/libglib-2.0.so.0.5600.3
7fd43be5c000-7fd43c05c000 ---p 00115000 08:07 18087                      /usr/lib64/libglib-2.0.so.0.5600.3
7fd43c05c000-7fd43c05d000 r--p 00115000 08:07 18087                      /usr/lib64/libglib-2.0.so.0.5600.3
7fd43c05d000-7fd43c05e000 rw-p 00116000 08:07 18087                      /usr/lib64/libglib-2.0.so.0.5600.3
7fd43c05e000-7fd43c05f000 rw-p 00000000 00:00 0 
7fd43c05f000-7fd43c0b0000 r-xp 00000000 08:07 18105                      /usr/lib64/libgobject-2.0.so.0.5600.3
7fd43c0b0000-7fd43c2af000 ---p 00051000 08:07 18105                      /usr/lib64/libgobject-2.0.so.0.5600.3
7fd43c2af000-7fd43c2b0000 r--p 00050000 08:07 18105                      /usr/lib64/libgobject-2.0.so.0.5600.3
7fd43c2b0000-7fd43c2b1000 rw-p 00051000 08:07 18105                      /usr/lib64/libgobject-2.0.so.0.5600.3
7fd43c2b1000-7fd43c44c000 r-xp 00000000 08:07 18081                      /usr/lib64/libgio-2.0.so.0.5600.3
7fd43c44c000-7fd43c64c000 ---p 0019b000 08:07 18081                      /usr/lib64/libgio-2.0.so.0.5600.3
7fd43c64c000-7fd43c653000 r--p 0019b000 08:07 18081                      /usr/lib64/libgio-2.0.so.0.5600.3
7fd43c653000-7fd43c654000 rw-p 001a2000 08:07 18081                      /usr/lib64/libgio-2.0.so.0.5600.3
7fd43c654000-7fd43c656000 rw-p 00000000 00:00 0 
7fd43c656000-7fd43c697000 r-xp 00000000 08:07 18028                      /usr/lib64/libfontconfig.so.1.11.1
7fd43c697000-7fd43c897000 ---p 00041000 08:07 18028                      /usr/lib64/libfontconfig.so.1.11.1
7fd43c897000-7fd43c899000 r--p 00041000 08:07 18028                      /usr/lib64/libfontconfig.so.1.11.1
7fd43c899000-7fd43c89a000 rw-p 00043000 08:07 18028                      /usr/lib64/libfontconfig.so.1.11.1
7fd43c89a000-7fd43c8de000 r-xp 00000000 08:07 18379                      /usr/lib64/libpango-1.0.so.0.4200.3
7fd43c8de000-7fd43cadd000 ---p 00044000 08:07 18379                      /usr/lib64/libpango-1.0.so.0.4200.3
7fd43cadd000-7fd43cae0000 r--p 00043000 08:07 18379                      /usr/lib64/libpango-1.0.so.0.4200.3
7fd43cae0000-7fd43cae1000 rw-p 00046000 08:07 18379                      /usr/lib64/libpango-1.0.so.0.4200.3
7fd43cae1000-7fd43caf5000 r-xp 00000000 08:07 18381                      /usr/lib64/libpangoft2-1.0.so.0.4200.3
7fd43caf5000-7fd43ccf5000 ---p 00014000 08:07 18381                      /usr/lib64/libpangoft2-1.0.so.0.4200.3
7fd43ccf5000-7fd43ccf6000 r--p 00014000 08:07 18381                      /usr/lib64/libpangoft2-1.0.so.0.4200.3
7fd43ccf6000-7fd43ccf7000 rw-p 00000000 00:00 0 
7fd43ccf7000-7fd43ce1b000 r-xp 00000000 08:07 17995                      /usr/lib64/libepoxy.so.0.0.0
7fd43ce1b000-7fd43d01a000 ---p 00124000 08:07 17995                      /usr/lib64/libepoxy.so.0.0.0
7fd43d01a000-7fd43d022000 r--p 00123000 08:07 17995                      /usr/lib64/libepoxy.so.0.0.0
7fd43d022000-7fd43d029000 rw-p 0012b000 08:07 17995                      /usr/lib64/libepoxy.so.0.0.0
7fd43d029000-7fd43d036000 r-xp 00000000 08:07 20353                      /usr/lib64/libwayland-client.so.0.3.0
7fd43d036000-7fd43d235000 ---p 0000d000 08:07 20353                      /usr/lib64/libwayland-client.so.0.3.0
7fd43d235000-7fd43d237000 r--p 0000c000 08:07 20353                      /usr/lib64/libwayland-client.so.0.3.0
7fd43d237000-7fd43d238000 rw-p 0000e000 08:07 20353                      /usr/lib64/libwayland-client.so.0.3.0
7fd43d238000-7fd43d265000 r-xp 00000000 08:07 19459                      /usr/lib64/libatk-bridge-2.0.so.0.0.0
7fd43d265000-7fd43d465000 ---p 0002d000 08:07 19459                      /usr/lib64/libatk-bridge-2.0.so.0.0.0
7fd43d465000-7fd43d466000 r--p 0002d000 08:07 19459                      /usr/lib64/libatk-bridge-2.0.so.0.0.0
7fd43d466000-7fd43d467000 rw-p 0002e000 08:07 19459                      /usr/lib64/libatk-bridge-2.0.so.0.0.0
7fd43d467000-7fd43d468000 rw-p 00000000 00:00 0 
7fd43d468000-7fd43d48b000 r-xp 00000000 08:07 19458                      /usr/lib64/libatk-1.0.so.0.22810.1
7fd43d48b000-7fd43d68b000 ---p 00023000 08:07 19458                      /usr/lib64/libatk-1.0.so.0.22810.1
7fd43d68b000-7fd43d68e000 r--p 00023000 08:07 19458                      /usr/lib64/libatk-1.0.so.0.22810.1
7fd43d68e000-7fd43d68f000 rw-p 00026000 08:07 19458                      /usr/lib64/libatk-1.0.so.0.22810.1
7fd43d68f000-7fd43d6b6000 r-xp 00000000 08:07 19725                      /usr/lib64/libgdk_pixbuf-2.0.so.0.3612.0
7fd43d6b6000-7fd43d8b5000 ---p 00027000 08:07 19725                      /usr/lib64/libgdk_pixbuf-2.0.so.0.3612.0
7fd43d8b5000-7fd43d8b6000 r--p 00026000 08:07 19725                      /usr/lib64/libgdk_pixbuf-2.0.so.0.3612.0
7fd43d8b6000-7fd43d8b7000 rw-p 00027000 08:07 19725                      /usr/lib64/libgdk_pixbuf-2.0.so.0.3612.0
7fd43d8b7000-7fd43d9d2000 r-xp 00000000 08:07 17871                      /usr/lib64/libcairo.so.2.11512.0
7fd43d9d2000-7fd43dbd1000 ---p 0011b000 08:07 17871                      /usr/lib64/libcairo.so.2.11512.0
7fd43dbd1000-7fd43dbd5000 r--p 0011a000 08:07 17871                      /usr/lib64/libcairo.so.2.11512.0
7fd43dbd5000-7fd43dbd6000 rw-p 0011e000 08:07 17871                      /usr/lib64/libcairo.so.2.11512.0
7fd43dbd6000-7fd43dbd7000 rw-p 00000000 00:00 0 
7fd43dbd7000-7fd43dbde000 r-xp 00000000 08:07 17869                      /usr/lib64/libcairo-gobject.so.2.11512.0
7fd43dbde000-7fd43dddd000 ---p 00007000 08:07 17869                      /usr/lib64/libcairo-gobject.so.2.11512.0
7fd43dddd000-7fd43dddf000 r--p 00006000 08:07 17869                      /usr/lib64/libcairo-gobject.so.2.11512.0
7fd43dddf000-7fd43dde0000 rw-p 00000000 00:00 0 
7fd43dde0000-7fd43ddf0000 r-xp 00000000 08:07 19417                      /usr/lib64/libXi.so.6.1.0
7fd43ddf0000-7fd43dfef000 ---p 00010000 08:07 19417                      /usr/lib64/libXi.so.6.1.0
7fd43dfef000-7fd43dff0000 r--p 0000f000 08:07 19417                      /usr/lib64/libXi.so.6.1.0
7fd43dff0000-7fd43dff1000 rw-p 00010000 08:07 19417                      /usr/lib64/libXi.so.6.1.0
7fd43dff1000-7fd43dffd000 r-xp 00000000 08:07 18380                      /usr/lib64/libpangocairo-1.0.so.0.4200.3
7fd43dffd000-7fd43e1fd000 ---p 0000c000 08:07 18380                      /usr/lib64/libpangocairo-1.0.so.0.4200.3
7fd43e1fd000-7fd43e1fe000 r--p 0000c000 08:07 18380                      /usr/lib64/libpangocairo-1.0.so.0.4200.3
7fd43e1fe000-7fd43e1ff000 rw-p 0000d000 08:07 18380                      /usr/lib64/libpangocairo-1.0.so.0.4200.3
7fd43e1ff000-7fd43e202000 r-xp 00000000 08:07 18092                      /usr/lib64/libgmodule-2.0.so.0.5600.3
7fd43e202000-7fd43e401000 ---p 00003000 08:07 18092                      /usr/lib64/libgmodule-2.0.so.0.5600.3
7fd43e401000-7fd43e402000 r--p 00002000 08:07 18092                      /usr/lib64/libgmodule-2.0.so.0.5600.3
7fd43e402000-7fd43e403000 rw-p 00003000 08:07 18092                      /usr/lib64/libgmodule-2.0.so.0.5600.3
7fd43e403000-7fd43e4f1000 r-xp 00000000 08:07 19723                      /usr/lib64/libgdk-3.so.0.2200.30
7fd43e4f1000-7fd43e6f1000 ---p 000ee000 08:07 19723                      /usr/lib64/libgdk-3.so.0.2200.30
7fd43e6f1000-7fd43e6f9000 r--p 000ee000 08:07 19723                      /usr/lib64/libgdk-3.so.0.2200.30
7fd43e6f9000-7fd43e6fb000 rw-p 000f6000 08:07 19723                      /usr/lib64/libgdk-3.so.0.2200.30
7fd43e6fb000-7fd43edfb000 r-xp 00000000 08:07 19824                      /usr/lib64/libgtk-3.so.0.2200.30
7fd43edfb000-7fd43effa000 ---p 00700000 08:07 19824                      /usr/lib64/libgtk-3.so.0.2200.30
7fd43effa000-7fd43f00a000 r--p 006ff000 08:07 19824                      /usr/lib64/libgtk-3.so.0.2200.30
7fd43f00a000-7fd43f00c000 rw-p 0070f000 08:07 19824                      /usr/lib64/libgtk-3.so.0.2200.30
7fd43f00c000-7fd43f011000 rw-p 00000000 00:00 0 
7fd43f011000-7fd43f012000 r-xp 00000000 08:06 3407884                    /home/mauricioriva/javafx/openjfx-11.0.1_linux-x64_bin-sdk/javafx-sdk-11.0.1/lib/libglass.so
7fd43f012000-7fd43f212000 ---p 00001000 08:06 3407884                    /home/mauricioriva/javafx/openjfx-11.0.1_linux-x64_bin-sdk/javafx-sdk-11.0.1/lib/libglass.so
7fd43f212000-7fd43f213000 r--p 00001000 08:06 3407884                    /home/mauricioriva/javafx/openjfx-11.0.1_linux-x64_bin-sdk/javafx-sdk-11.0.1/lib/libglass.so
7fd43f213000-7fd43f214000 rw-p 00002000 08:06 3407884                    /home/mauricioriva/javafx/openjfx-11.0.1_linux-x64_bin-sdk/javafx-sdk-11.0.1/lib/libglass.so
7fd43f214000-7fd43f21c000 r-xp 00000000 08:07 20093                      /usr/lib64/libpciaccess.so.0.11.1
7fd43f21c000-7fd43f41c000 ---p 00008000 08:07 20093                      /usr/lib64/libpciaccess.so.0.11.1
7fd43f41c000-7fd43f41d000 r--p 00008000 08:07 20093                      /usr/lib64/libpciaccess.so.0.11.1
7fd43f41d000-7fd43f41e000 rw-p 00000000 00:00 0 
7fd43f41e000-7fd43f435000 r-xp 00000000 08:07 23782                      /usr/lib64/libgcc_s-8-20181011.so.1
7fd43f435000-7fd43f634000 ---p 00017000 08:07 23782                      /usr/lib64/libgcc_s-8-20181011.so.1
7fd43f634000-7fd43f635000 r--p 00016000 08:07 23782                      /usr/lib64/libgcc_s-8-20181011.so.1
7fd43f635000-7fd43f636000 rw-p 00017000 08:07 23782                      /usr/lib64/libgcc_s-8-20181011.so.1
7fd43f636000-7fd43f7b9000 r-xp 00000000 08:07 18531                      /usr/lib64/libstdc++.so.6.0.25
7fd43f7b9000-7fd43f9b8000 ---p 00183000 08:07 18531                      /usr/lib64/libstdc++.so.6.0.25
7fd43f9b8000-7fd43f9c2000 r--p 00182000 08:07 18531                      /usr/lib64/libstdc++.so.6.0.25
7fd43f9c2000-7fd43f9c4000 rw-p 0018c000 08:07 18531                      /usr/lib64/libstdc++.so.6.0.25
7fd43f9c4000-7fd43f9c8000 rw-p 00000000 00:00 0 
7fd43f9c8000-7fd43f9d3000 r-xp 00000000 08:07 17971                      /usr/lib64/libdrm_radeon.so.1.0.1
7fd43f9d3000-7fd43fbd2000 ---p 0000b000 08:07 17971                      /usr/lib64/libdrm_radeon.so.1.0.1
7fd43fbd2000-7fd43fbd3000 r--p 0000a000 08:07 17971                      /usr/lib64/libdrm_radeon.so.1.0.1
7fd43fbd3000-7fd43fbd4000 rw-p 00000000 00:00 0 
7fd43fbd4000-7fd43fbdb000 r-xp 00000000 08:07 17970                      /usr/lib64/libdrm_nouveau.so.2.0.0
7fd43fbdb000-7fd43fddb000 ---p 00007000 08:07 17970                      /usr/lib64/libdrm_nouveau.so.2.0.0
7fd43fddb000-7fd43fddc000 r--p 00007000 08:07 17970                      /usr/lib64/libdrm_nouveau.so.2.0.0
7fd43fddc000-7fd43fddd000 rw-p 00000000 00:00 0 
7fd43fddd000-7fd43fdff000 r-xp 00000000 08:07 17969                      /usr/lib64/libdrm_intel.so.1.0.0
7fd43fdff000-7fd43fffe000 ---p 00022000 08:07 17969                      /usr/lib64/libdrm_intel.so.1.0.0
7fd43fffe000-7fd43ffff000 r--p 00021000 08:07 17969                      /usr/lib64/libdrm_intel.so.1.0.0
7fd43ffff000-7fd440000000 rw-p 00022000 08:07 17969                      /usr/lib64/libdrm_intel.so.1.0.0
7fd440000000-7fd440021000 rw-p 00000000 00:00 0 
7fd440021000-7fd444000000 ---p 00000000 00:00 0 
7fd444000000-7fd444363000 rw-p 00000000 00:00 0 
7fd444363000-7fd448000000 ---p 00000000 00:00 0 
7fd448000000-7fd44827a000 rw-p 00000000 00:00 0 
7fd44827a000-7fd44c000000 ---p 00000000 00:00 0 
7fd44c000000-7fd44c021000 rw-p 00000000 00:00 0 
7fd44c021000-7fd450000000 ---p 00000000 00:00 0 
7fd450000000-7fd450021000 rw-p 00000000 00:00 0 
7fd450021000-7fd454000000 ---p 00000000 00:00 0 
7fd454000000-7fd454021000 rw-p 00000000 00:00 0 
7fd454021000-7fd458000000 ---p 00000000 00:00 0 
7fd458000000-7fd4583e9000 rw-p 00000000 00:00 0 
7fd4583e9000-7fd45c000000 ---p 00000000 00:00 0 
7fd45c000000-7fd45c1f1000 rw-p 00000000 00:00 0 
7fd45c1f1000-7fd460000000 ---p 00000000 00:00 0 
7fd460000000-7fd460021000 rw-p 00000000 00:00 0 
7fd460021000-7fd464000000 ---p 00000000 00:00 0 
7fd4640fa000-7fd4640fe000 ---p 00000000 00:00 0 
7fd4640fe000-7fd4641fb000 rw-p 00000000 00:00 0 
7fd4641fb000-7fd464a74000 r-xp 00000000 08:07 264378                     /usr/lib64/dri/i965_dri.so
7fd464a74000-7fd464c73000 ---p 00879000 08:07 264378                     /usr/lib64/dri/i965_dri.so
7fd464c73000-7fd464cc4000 r--p 00878000 08:07 264378                     /usr/lib64/dri/i965_dri.so
7fd464cc4000-7fd464cce000 rw-p 008c9000 08:07 264378                     /usr/lib64/dri/i965_dri.so
7fd464cce000-7fd464d73000 rw-p 00000000 00:00 0 
7fd464d73000-7fd464df5000 r-xp 00000000 08:07 18394                      /usr/lib64/libpcre2-8.so.0.7.1
7fd464df5000-7fd464ff5000 ---p 00082000 08:07 18394                      /usr/lib64/libpcre2-8.so.0.7.1
7fd464ff5000-7fd464ff6000 r--p 00082000 08:07 18394                      /usr/lib64/libpcre2-8.so.0.7.1
7fd464ff6000-7fd464ff7000 rw-p 00083000 08:07 18394                      /usr/lib64/libpcre2-8.so.0.7.1
7fd464ff7000-7fd465007000 r-xp 00000000 08:07 17967                      /usr/lib64/libdrm.so.2.4.0
7fd465007000-7fd465206000 ---p 00010000 08:07 17967                      /usr/lib64/libdrm.so.2.4.0
7fd465206000-7fd465207000 r--p 0000f000 08:07 17967                      /usr/lib64/libdrm.so.2.4.0
7fd465207000-7fd465208000 rw-p 00000000 00:00 0 
7fd465208000-7fd46520d000 r-xp 00000000 08:07 19431                      /usr/lib64/libXxf86vm.so.1.0.0
7fd46520d000-7fd46540c000 ---p 00005000 08:07 19431                      /usr/lib64/libXxf86vm.so.1.0.0
7fd46540c000-7fd46540d000 r--p 00004000 08:07 19431                      /usr/lib64/libXxf86vm.so.1.0.0
7fd46540d000-7fd46540e000 rw-p 00005000 08:07 19431                      /usr/lib64/libXxf86vm.so.1.0.0
7fd46540e000-7fd465412000 r-xp 00000000 08:07 20383                      /usr/lib64/libxcb-dri2.so.0.0.0
7fd465412000-7fd465611000 ---p 00004000 08:07 20383                      /usr/lib64/libxcb-dri2.so.0.0.0
7fd465611000-7fd465612000 r--p 00003000 08:07 20383                      /usr/lib64/libxcb-dri2.so.0.0.0
7fd465612000-7fd465613000 rw-p 00004000 08:07 20383                      /usr/lib64/libxcb-dri2.so.0.0.0
7fd465613000-7fd46562b000 r-xp 00000000 08:07 20386                      /usr/lib64/libxcb-glx.so.0.0.0
7fd46562b000-7fd46582b000 ---p 00018000 08:07 20386                      /usr/lib64/libxcb-glx.so.0.0.0
7fd46582b000-7fd46582d000 r--p 00018000 08:07 20386                      /usr/lib64/libxcb-glx.so.0.0.0
7fd46582d000-7fd46582e000 rw-p 0001a000 08:07 20386                      /usr/lib64/libxcb-glx.so.0.0.0
7fd46582e000-7fd46582f000 r-xp 00000000 08:07 19405                      /usr/lib64/libX11-xcb.so.1.0.0
7fd46582f000-7fd465a2e000 ---p 00001000 08:07 19405                      /usr/lib64/libX11-xcb.so.1.0.0
7fd465a2e000-7fd465a2f000 r--p 00000000 08:07 19405                      /usr/lib64/libX11-xcb.so.1.0.0
7fd465a2f000-7fd465a30000 rw-p 00000000 00:00 0 
7fd465a30000-7fd465a35000 r-xp 00000000 08:07 19414                      /usr/lib64/libXfixes.so.3.1.0
7fd465a35000-7fd465c34000 ---p 00005000 08:07 19414                      /usr/lib64/libXfixes.so.3.1.0
7fd465c34000-7fd465c35000 r--p 00004000 08:07 19414                      /usr/lib64/libXfixes.so.3.1.0
7fd465c35000-7fd465c36000 rw-p 00005000 08:07 19414                      /usr/lib64/libXfixes.so.3.1.0
7fd465c36000-7fd465c38000 r-xp 00000000 08:07 19411                      /usr/lib64/libXdamage.so.1.1.0
7fd465c38000-7fd465e37000 ---p 00002000 08:07 19411                      /usr/lib64/libXdamage.so.1.1.0
7fd465e37000-7fd465e38000 r--p 00001000 08:07 19411                      /usr/lib64/libXdamage.so.1.1.0
7fd465e38000-7fd465e39000 rw-p 00000000 00:00 0 
7fd465e39000-7fd465e5f000 r-xp 00000000 08:07 19272                      /usr/lib64/libselinux.so.1
7fd465e5f000-7fd46605e000 ---p 00026000 08:07 19272                      /usr/lib64/libselinux.so.1
7fd46605e000-7fd46605f000 r--p 00025000 08:07 19272                      /usr/lib64/libselinux.so.1
7fd46605f000-7fd466060000 rw-p 00026000 08:07 19272                      /usr/lib64/libselinux.so.1
7fd466060000-7fd466062000 rw-p 00000000 00:00 0 
7fd466062000-7fd46608e000 r-xp 00000000 08:07 18086                      /usr/lib64/libglapi.so.0.0.0
7fd46608e000-7fd46628d000 ---p 0002c000 08:07 18086                      /usr/lib64/libglapi.so.0.0.0
7fd46628d000-7fd466291000 r--p 0002b000 08:07 18086                      /usr/lib64/libglapi.so.0.0.0
7fd466291000-7fd466292000 rw-p 0002f000 08:07 18086                      /usr/lib64/libglapi.so.0.0.0
7fd466292000-7fd466293000 rw-p 00000000 00:00 0 
7fd466293000-7fd466294000 r-xp 00000000 08:07 20442                      /usr/lib64/libxshmfence.so.1.0.0
7fd466294000-7fd466494000 ---p 00001000 08:07 20442                      /usr/lib64/libxshmfence.so.1.0.0
7fd466494000-7fd466495000 r--p 00001000 08:07 20442                      /usr/lib64/libxshmfence.so.1.0.0
7fd466495000-7fd466496000 rw-p 00000000 00:00 0 
7fd466496000-7fd46649c000 r-xp 00000000 08:07 20399                      /usr/lib64/libxcb-sync.so.1.0.0
7fd46649c000-7fd46669b000 ---p 00006000 08:07 20399                      /usr/lib64/libxcb-sync.so.1.0.0
7fd46669b000-7fd46669c000 r--p 00005000 08:07 20399                      /usr/lib64/libxcb-sync.so.1.0.0
7fd46669c000-7fd46669d000 rw-p 00006000 08:07 20399                      /usr/lib64/libxcb-sync.so.1.0.0
7fd46669d000-7fd46669f000 r-xp 00000000 08:07 20390                      /usr/lib64/libxcb-present.so.0.0.0
7fd46669f000-7fd46689e000 ---p 00002000 08:07 20390                      /usr/lib64/libxcb-present.so.0.0.0
7fd46689e000-7fd46689f000 r--p 00001000 08:07 20390                      /usr/lib64/libxcb-present.so.0.0.0
7fd46689f000-7fd4668a0000 rw-p 00002000 08:07 20390                      /usr/lib64/libxcb-present.so.0.0.0
7fd4668a0000-7fd4668a7000 r-xp 00000000 08:07 20402                      /usr/lib64/libxcb-xfixes.so.0.0.0
7fd4668a7000-7fd466aa6000 ---p 00007000 08:07 20402                      /usr/lib64/libxcb-xfixes.so.0.0.0
7fd466aa6000-7fd466aa7000 r--p 00006000 08:07 20402                      /usr/lib64/libxcb-xfixes.so.0.0.0
7fd466aa7000-7fd466aa8000 rw-p 00007000 08:07 20402                      /usr/lib64/libxcb-xfixes.so.0.0.0
7fd466aa8000-7fd466aab000 r-xp 00000000 08:07 20384                      /usr/lib64/libxcb-dri3.so.0.0.0
7fd466aab000-7fd466cab000 ---p 00003000 08:07 20384                      /usr/lib64/libxcb-dri3.so.0.0.0
7fd466cab000-7fd466cac000 r--p 00003000 08:07 20384                      /usr/lib64/libxcb-dri3.so.0.0.0
7fd466cac000-7fd466cad000 rw-p 00004000 08:07 20384                      /usr/lib64/libxcb-dri3.so.0.0.0
7fd466cad000-7fd466ce5000 r-xp 00000000 08:07 19670                      /usr/lib64/libexpat.so.1.6.7
7fd466ce5000-7fd466ee5000 ---p 00038000 08:07 19670                      /usr/lib64/libexpat.so.1.6.7
7fd466ee5000-7fd466ee7000 r--p 00038000 08:07 19670                      /usr/lib64/libexpat.so.1.6.7
7fd466ee7000-7fd466ee8000 rw-p 00000000 00:00 0 
7fd466ee8000-7fd466f5a000 r-xp 00000000 08:07 17665                      /usr/lib64/libGLX_mesa.so.0.0.0
7fd466f5a000-7fd46715a000 ---p 00072000 08:07 17665                      /usr/lib64/libGLX_mesa.so.0.0.0
7fd46715a000-7fd46715d000 r--p 00072000 08:07 17665                      /usr/lib64/libGLX_mesa.so.0.0.0
7fd46715d000-7fd46715e000 rw-p 00075000 08:07 17665                      /usr/lib64/libGLX_mesa.so.0.0.0
7fd46715e000-7fd467160000 r-xp 00000000 08:07 19408                      /usr/lib64/libXau.so.6.0.0
7fd467160000-7fd467360000 ---p 00002000 08:07 19408                      /usr/lib64/libXau.so.6.0.0
7fd467360000-7fd467361000 r--p 00002000 08:07 19408                      /usr/lib64/libXau.so.6.0.0
7fd467361000-7fd467362000 rw-p 00000000 00:00 0 
7fd467362000-7fd4673d2000 r-xp 00000000 08:07 17666                      /usr/lib64/libGLdispatch.so.0.0.0
7fd4673d2000-7fd4675d2000 ---p 00070000 08:07 17666                      /usr/lib64/libGLdispatch.so.0.0.0
7fd4675d2000-7fd4675fb000 r--p 00070000 08:07 17666                      /usr/lib64/libGLdispatch.so.0.0.0
7fd4675fb000-7fd4675fc000 rw-p 00099000 08:07 17666                      /usr/lib64/libGLdispatch.so.0.0.0
7fd4675fc000-7fd46761c000 rw-p 00000000 00:00 0 
7fd46761c000-7fd46762d000 r-xp 00000000 08:07 19413                      /usr/lib64/libXext.so.6.4.0
7fd46762d000-7fd46782c000 ---p 00011000 08:07 19413                      /usr/lib64/libXext.so.6.4.0
7fd46782c000-7fd46782d000 r--p 00010000 08:07 19413                      /usr/lib64/libXext.so.6.4.0
7fd46782d000-7fd46782e000 rw-p 00011000 08:07 19413                      /usr/lib64/libXext.so.6.4.0
7fd46782e000-7fd474000000 r--p 00000000 08:07 1871                       /usr/lib/locale/locale-archive
7fd474000000-7fd474021000 rw-p 00000000 00:00 0 
7fd474021000-7fd478000000 ---p 00000000 00:00 0 
7fd478000000-7fd478021000 rw-p 00000000 00:00 0 
7fd478021000-7fd47c000000 ---p 00000000 00:00 0 
7fd47c000000-7fd47c021000 rw-p 00000000 00:00 0 
7fd47c021000-7fd480000000 ---p 00000000 00:00 0 
7fd480000000-7fd480021000 rw-p 00000000 00:00 0 
7fd480021000-7fd484000000 ---p 00000000 00:00 0 
7fd484000000-7fd484021000 rw-p 00000000 00:00 0 
7fd484021000-7fd488000000 ---p 00000000 00:00 0 
7fd488000000-7fd488021000 rw-p 00000000 00:00 0 
7fd488021000-7fd48c000000 ---p 00000000 00:00 0 
7fd48c077000-7fd48c197000 rw-s 00000000 00:32 95779                      /run/user/1000/wayland-cursor-shared-qhrb9B (deleted)
7fd48c197000-7fd48c1a7000 r-xp 00000000 08:07 17663                      /usr/lib64/libGLX.so.0.0.0
7fd48c1a7000-7fd48c3a7000 ---p 00010000 08:07 17663                      /usr/lib64/libGLX.so.0.0.0
7fd48c3a7000-7fd48c3a8000 r--p 00010000 08:07 17663                      /usr/lib64/libGLX.so.0.0.0
7fd48c3a8000-7fd48c3a9000 rw-p 00011000 08:07 17663                      /usr/lib64/libGLX.so.0.0.0
7fd48c3a9000-7fd48c3c9000 rw-p 00000000 00:00 0 
7fd48c3c9000-7fd48c3f0000 r-xp 00000000 08:07 20410                      /usr/lib64/libxcb.so.1.1.0
7fd48c3f0000-7fd48c5f0000 ---p 00027000 08:07 20410                      /usr/lib64/libxcb.so.1.1.0
7fd48c5f0000-7fd48c5f1000 r--p 00027000 08:07 20410                      /usr/lib64/libxcb.so.1.1.0
7fd48c5f1000-7fd48c5f2000 rw-p 00028000 08:07 20410                      /usr/lib64/libxcb.so.1.1.0
7fd48c5f2000-7fd48c667000 r-xp 00000000 08:07 17660                      /usr/lib64/libGL.so.1.7.0
7fd48c667000-7fd48c866000 ---p 00075000 08:07 17660                      /usr/lib64/libGL.so.1.7.0
7fd48c866000-7fd48c881000 r--p 00074000 08:07 17660                      /usr/lib64/libGL.so.1.7.0
7fd48c881000-7fd48c882000 rw-p 0008f000 08:07 17660                      /usr/lib64/libGL.so.1.7.0
7fd48c882000-7fd48c883000 rw-p 00000000 00:00 0 
7fd48c883000-7fd48c9bd000 r-xp 00000000 08:07 19406                      /usr/lib64/libX11.so.6.3.0
7fd48c9bd000-7fd48cbbd000 ---p 0013a000 08:07 19406                      /usr/lib64/libX11.so.6.3.0
7fd48cbbd000-7fd48cbc0000 r--p 0013a000 08:07 19406                      /usr/lib64/libX11.so.6.3.0
7fd48cbc0000-7fd48cbc4000 rw-p 0013d000 08:07 19406                      /usr/lib64/libX11.so.6.3.0
7fd48cbc4000-7fd48cbd0000 r-xp 00000000 08:06 3407886                    /home/mauricioriva/javafx/openjfx-11.0.1_linux-x64_bin-sdk/javafx-sdk-11.0.1/lib/libprism_es2.so
7fd48cbd0000-7fd48cdcf000 ---p 0000c000 08:06 3407886                    /home/mauricioriva/javafx/openjfx-11.0.1_linux-x64_bin-sdk/javafx-sdk-11.0.1/lib/libprism_es2.so
7fd48cdcf000-7fd48cdd0000 r--p 0000b000 08:06 3407886                    /home/mauricioriva/javafx/openjfx-11.0.1_linux-x64_bin-sdk/javafx-sdk-11.0.1/lib/libprism_es2.so
7fd48cdd0000-7fd48cdd1000 rw-p 0000c000 08:06 3407886                    /home/mauricioriva/javafx/openjfx-11.0.1_linux-x64_bin-sdk/javafx-sdk-11.0.1/lib/libprism_es2.so
7fd48cdd1000-7fd48cdd5000 ---p 00000000 00:00 0 
7fd48cdd5000-7fd48ced2000 rw-p 00000000 00:00 0 
7fd48ced2000-7fd48ced3000 ---p 00000000 00:00 0 
7fd48ced3000-7fd48cfd4000 rw-p 00000000 00:00 0 
7fd48cfd4000-7fd48cfd8000 ---p 00000000 00:00 0 
7fd48cfd8000-7fd48d0d5000 rw-p 00000000 00:00 0 
7fd48d0d5000-7fd48d0d9000 ---p 00000000 00:00 0 
7fd48d0d9000-7fd48d1d6000 rw-p 00000000 00:00 0 
7fd48d1d6000-7fd48d1da000 ---p 00000000 00:00 0 
7fd48d1da000-7fd48d2d7000 rw-p 00000000 00:00 0 
7fd48d2d7000-7fd48d2ed000 r-xp 00000000 08:07 25623                      /usr/local/java/jdk-11.0.1/lib/libnet.so
7fd48d2ed000-7fd48d4ec000 ---p 00016000 08:07 25623                      /usr/local/java/jdk-11.0.1/lib/libnet.so
7fd48d4ec000-7fd48d4ed000 r--p 00015000 08:07 25623                      /usr/local/java/jdk-11.0.1/lib/libnet.so
7fd48d4ed000-7fd48d4ee000 rw-p 00016000 08:07 25623                      /usr/local/java/jdk-11.0.1/lib/libnet.so
7fd48d4ee000-7fd48d4fe000 r-xp 00000000 08:07 25624                      /usr/local/java/jdk-11.0.1/lib/libnio.so
7fd48d4fe000-7fd48d6fd000 ---p 00010000 08:07 25624                      /usr/local/java/jdk-11.0.1/lib/libnio.so
7fd48d6fd000-7fd48d6fe000 r--p 0000f000 08:07 25624                      /usr/local/java/jdk-11.0.1/lib/libnio.so
7fd48d6fe000-7fd48d6ff000 rw-p 00010000 08:07 25624                      /usr/local/java/jdk-11.0.1/lib/libnio.so
7fd48d6ff000-7fd48d703000 ---p 00000000 00:00 0 
7fd48d703000-7fd490000000 rw-p 00000000 00:00 0 
7fd490000000-7fd490021000 rw-p 00000000 00:00 0 
7fd490021000-7fd494000000 ---p 00000000 00:00 0 
7fd49404e000-7fd494052000 ---p 00000000 00:00 0 
7fd494052000-7fd49414f000 rw-p 00000000 00:00 0 
7fd49414f000-7fd494153000 ---p 00000000 00:00 0 
7fd494153000-7fd494440000 rw-p 00000000 00:00 0 
7fd494440000-7fd496128000 ---p 00000000 00:00 0 
7fd496128000-7fd496318000 rw-p 00000000 00:00 0 
7fd496318000-7fd498000000 ---p 00000000 00:00 0 
7fd498000000-7fd498021000 rw-p 00000000 00:00 0 
7fd498021000-7fd49c000000 ---p 00000000 00:00 0 
7fd49c087000-7fd49c0b5000 r--p 00000000 08:07 263350                     /usr/share/glib-2.0/schemas/gschemas.compiled
7fd49c0b5000-7fd49c0b9000 ---p 00000000 00:00 0 
7fd49c0b9000-7fd49c1b6000 rw-p 00000000 00:00 0 
7fd49c1b6000-7fd49c1ba000 ---p 00000000 00:00 0 
7fd49c1ba000-7fd49c2b7000 rw-p 00000000 00:00 0 
7fd49c2b7000-7fd49c2bb000 ---p 00000000 00:00 0 
7fd49c2bb000-7fd49c3b8000 rw-p 00000000 00:00 0 
7fd49c3b8000-7fd49c3b9000 ---p 00000000 00:00 0 
7fd49c3b9000-7fd49c53b000 rw-p 00000000 00:00 0 
7fd49c53b000-7fd49c53c000 ---p 00000000 00:00 0 
7fd49c53c000-7fd49c63d000 rw-p 00000000 00:00 0 
7fd49c63d000-7fd49c63e000 ---p 00000000 00:00 0 
7fd49c63e000-7fd49cb43000 rw-p 00000000 00:00 0 
7fd49cb43000-7fd49cb44000 ---p 00000000 00:00 0 
7fd49cb44000-7fd49cc45000 rw-p 00000000 00:00 0 
7fd49cc45000-7fd49ceb5000 rwxp 00000000 00:00 0 
7fd49ceb5000-7fd49d1d5000 ---p 00000000 00:00 0 
7fd49d1d5000-7fd49d445000 rwxp 00000000 00:00 0 
7fd49d445000-7fd4a470d000 ---p 00000000 00:00 0 
7fd4a470d000-7fd4a497d000 rwxp 00000000 00:00 0 
7fd4a497d000-7fd4abc45000 ---p 00000000 00:00 0 
7fd4abc45000-7fd4b4000000 r--s 00000000 08:07 25634                      /usr/local/java/jdk-11.0.1/lib/modules
7fd4b4000000-7fd4b446c000 rw-p 00000000 00:00 0 
7fd4b446c000-7fd4b8000000 ---p 00000000 00:00 0 
7fd4b8003000-7fd4b8004000 r--p 00000000 08:07 399500                     /etc/dconf/db/distro
7fd4b8004000-7fd4b8005000 r--p 00000000 08:07 394576                     /etc/dconf/db/site
7fd4b8005000-7fd4b8006000 r--p 00000000 08:07 394575                     /etc/dconf/db/local
7fd4b8006000-7fd4b8009000 r--p 00000000 08:06 5010911                    /home/mauricioriva/.config/dconf/user
7fd4b8009000-7fd4b800e000 rw-s 00000000 00:2a 99362                      /i915 (deleted)
7fd4b800e000-7fd4b8012000 rw-s 00000000 00:2a 98015                      /i915 (deleted)
7fd4b8012000-7fd4b8017000 rw-s 00000000 00:2a 98012                      /i915 (deleted)
7fd4b8017000-7fd4b8072000 rw-p 00000000 00:00 0 
7fd4b8072000-7fd4b8073000 ---p 00000000 00:00 0 
7fd4b8073000-7fd4b81b2000 rw-p 00000000 00:00 0 
7fd4b81b2000-7fd4b854f000 ---p 00000000 00:00 0 
7fd4b854f000-7fd4b858d000 rw-p 00000000 00:00 0 
7fd4b858d000-7fd4b892a000 ---p 00000000 00:00 0 
7fd4b892a000-7fd4b8968000 rw-p 00000000 00:00 0 
7fd4b8968000-7fd4b8d05000 ---p 00000000 00:00 0 
7fd4b8d05000-7fd4b9109000 rw-p 00000000 00:00 0 
7fd4b9109000-7fd4b910a000 ---p 00000000 00:00 0 
7fd4b910a000-7fd4b9210000 rw-p 00000000 00:00 0 
7fd4b9210000-7fd4b92f6000 ---p 00000000 00:00 0 
7fd4b92f6000-7fd4b92fb000 rw-p 00000000 00:00 0 
7fd4b92fb000-7fd4b93e1000 ---p 00000000 00:00 0 
7fd4b93e1000-7fd4b93fc000 r-xp 00000000 08:07 25615                      /usr/local/java/jdk-11.0.1/lib/libjimage.so
7fd4b93fc000-7fd4b95fb000 ---p 0001b000 08:07 25615                      /usr/local/java/jdk-11.0.1/lib/libjimage.so
7fd4b95fb000-7fd4b95fd000 r--p 0001a000 08:07 25615                      /usr/local/java/jdk-11.0.1/lib/libjimage.so
7fd4b95fd000-7fd4b95fe000 rw-p 0001c000 08:07 25615                      /usr/local/java/jdk-11.0.1/lib/libjimage.so
7fd4b95fe000-7fd4b9605000 r-xp 00000000 08:07 25633                      /usr/local/java/jdk-11.0.1/lib/libzip.so
7fd4b9605000-7fd4b9804000 ---p 00007000 08:07 25633                      /usr/local/java/jdk-11.0.1/lib/libzip.so
7fd4b9804000-7fd4b9805000 r--p 00006000 08:07 25633                      /usr/local/java/jdk-11.0.1/lib/libzip.so
7fd4b9805000-7fd4b9806000 rw-p 00007000 08:07 25633                      /usr/local/java/jdk-11.0.1/lib/libzip.so
7fd4b9806000-7fd4b9811000 r-xp 00000000 08:07 18348                      /usr/lib64/libnss_files-2.27.so
7fd4b9811000-7fd4b9a10000 ---p 0000b000 08:07 18348                      /usr/lib64/libnss_files-2.27.so
7fd4b9a10000-7fd4b9a11000 r--p 0000a000 08:07 18348                      /usr/lib64/libnss_files-2.27.so
7fd4b9a11000-7fd4b9a12000 rw-p 0000b000 08:07 18348                      /usr/lib64/libnss_files-2.27.so
7fd4b9a12000-7fd4b9a18000 rw-p 00000000 00:00 0 
7fd4b9a18000-7fd4b9a20000 r-xp 00000000 08:07 34048                      /usr/lib64/libnss_sss.so.2
7fd4b9a20000-7fd4b9c1f000 ---p 00008000 08:07 34048                      /usr/lib64/libnss_sss.so.2
7fd4b9c1f000-7fd4b9c20000 r--p 00007000 08:07 34048                      /usr/lib64/libnss_sss.so.2
7fd4b9c20000-7fd4b9c21000 rw-p 00008000 08:07 34048                      /usr/lib64/libnss_sss.so.2
7fd4b9c21000-7fd4b9c4c000 r-xp 00000000 08:07 25611                      /usr/local/java/jdk-11.0.1/lib/libjava.so
7fd4b9c4c000-7fd4b9e4b000 ---p 0002b000 08:07 25611                      /usr/local/java/jdk-11.0.1/lib/libjava.so
7fd4b9e4b000-7fd4b9e4c000 r--p 0002a000 08:07 25611                      /usr/local/java/jdk-11.0.1/lib/libjava.so
7fd4b9e4c000-7fd4b9e4e000 rw-p 0002b000 08:07 25611                      /usr/local/java/jdk-11.0.1/lib/libjava.so
7fd4b9e4e000-7fd4b9e5b000 r-xp 00000000 08:07 25632                      /usr/local/java/jdk-11.0.1/lib/libverify.so
7fd4b9e5b000-7fd4ba05a000 ---p 0000d000 08:07 25632                      /usr/local/java/jdk-11.0.1/lib/libverify.so
7fd4ba05a000-7fd4ba05c000 r--p 0000c000 08:07 25632                      /usr/local/java/jdk-11.0.1/lib/libverify.so
7fd4ba05c000-7fd4ba05d000 rw-p 0000e000 08:07 25632                      /usr/local/java/jdk-11.0.1/lib/libverify.so
7fd4ba05d000-7fd4ba064000 r-xp 00000000 08:07 18455                      /usr/lib64/librt-2.27.so
7fd4ba064000-7fd4ba263000 ---p 00007000 08:07 18455                      /usr/lib64/librt-2.27.so
7fd4ba263000-7fd4ba264000 r--p 00006000 08:07 18455                      /usr/lib64/librt-2.27.so
7fd4ba264000-7fd4ba265000 rw-p 00007000 08:07 18455                      /usr/lib64/librt-2.27.so
7fd4ba265000-7fd4ba3f7000 r-xp 00000000 08:07 17956                      /usr/lib64/libm-2.27.so
7fd4ba3f7000-7fd4ba5f7000 ---p 00192000 08:07 17956                      /usr/lib64/libm-2.27.so
7fd4ba5f7000-7fd4ba5f8000 r--p 00192000 08:07 17956                      /usr/lib64/libm-2.27.so
7fd4ba5f8000-7fd4ba5f9000 rw-p 00193000 08:07 17956                      /usr/lib64/libm-2.27.so
7fd4ba5f9000-7fd4bb781000 r-xp 00000000 08:07 25645                      /usr/local/java/jdk-11.0.1/lib/server/libjvm.so
7fd4bb781000-7fd4bb981000 ---p 01188000 08:07 25645                      /usr/local/java/jdk-11.0.1/lib/server/libjvm.so
7fd4bb981000-7fd4bba4b000 r--p 01188000 08:07 25645                      /usr/local/java/jdk-11.0.1/lib/server/libjvm.so
7fd4bba4b000-7fd4bba85000 rw-p 01252000 08:07 25645                      /usr/local/java/jdk-11.0.1/lib/server/libjvm.so
7fd4bba85000-7fd4bbadb000 rw-p 00000000 00:00 0 
7fd4bbadb000-7fd4bbc90000 r-xp 00000000 08:07 17801                      /usr/lib64/libc-2.27.so
7fd4bbc90000-7fd4bbe90000 ---p 001b5000 08:07 17801                      /usr/lib64/libc-2.27.so
7fd4bbe90000-7fd4bbe94000 r--p 001b5000 08:07 17801                      /usr/lib64/libc-2.27.so
7fd4bbe94000-7fd4bbe96000 rw-p 001b9000 08:07 17801                      /usr/lib64/libc-2.27.so
7fd4bbe96000-7fd4bbe9a000 rw-p 00000000 00:00 0 
7fd4bbe9a000-7fd4bbe9d000 r-xp 00000000 08:07 17867                      /usr/lib64/libdl-2.27.so
7fd4bbe9d000-7fd4bc09c000 ---p 00003000 08:07 17867                      /usr/lib64/libdl-2.27.so
7fd4bc09c000-7fd4bc09d000 r--p 00002000 08:07 17867                      /usr/lib64/libdl-2.27.so
7fd4bc09d000-7fd4bc09e000 rw-p 00003000 08:07 17867                      /usr/lib64/libdl-2.27.so
7fd4bc09e000-7fd4bc0ad000 r-xp 00000000 08:07 25596                      /usr/local/java/jdk-11.0.1/lib/jli/libjli.so
7fd4bc0ad000-7fd4bc2ad000 ---p 0000f000 08:07 25596                      /usr/local/java/jdk-11.0.1/lib/jli/libjli.so
7fd4bc2ad000-7fd4bc2ae000 r--p 0000f000 08:07 25596                      /usr/local/java/jdk-11.0.1/lib/jli/libjli.so
7fd4bc2ae000-7fd4bc2af000 rw-p 00010000 08:07 25596                      /usr/local/java/jdk-11.0.1/lib/jli/libjli.so
7fd4bc2af000-7fd4bc2c8000 r-xp 00000000 08:07 18349                      /usr/lib64/libpthread-2.27.so
7fd4bc2c8000-7fd4bc4c8000 ---p 00019000 08:07 18349                      /usr/lib64/libpthread-2.27.so
7fd4bc4c8000-7fd4bc4c9000 r--p 00019000 08:07 18349                      /usr/lib64/libpthread-2.27.so
7fd4bc4c9000-7fd4bc4ca000 rw-p 0001a000 08:07 18349                      /usr/lib64/libpthread-2.27.so
7fd4bc4ca000-7fd4bc4ce000 rw-p 00000000 00:00 0 
7fd4bc4ce000-7fd4bc4e4000 r-xp 00000000 08:07 18719                      /usr/lib64/libz.so.1.2.11
7fd4bc4e4000-7fd4bc6e3000 ---p 00016000 08:07 18719                      /usr/lib64/libz.so.1.2.11
7fd4bc6e3000-7fd4bc6e4000 r--p 00015000 08:07 18719                      /usr/lib64/libz.so.1.2.11
7fd4bc6e4000-7fd4bc6e5000 rw-p 00000000 00:00 0 
7fd4bc6e5000-7fd4bc70c000 r-xp 00000000 08:07 21349                      /usr/lib64/ld-2.27.so
7fd4bc70c000-7fd4bc70d000 r--s 00000000 00:32 92677                      /run/user/1000/dconf/user
7fd4bc70d000-7fd4bc70e000 r--p 00000000 08:07 295367                     /usr/share/locale/en/LC_MESSAGES/gtk30.mo
7fd4bc70e000-7fd4bc70f000 rwxp 00000000 00:00 0 
7fd4bc70f000-7fd4bc7ec000 rw-p 00000000 00:00 0 
7fd4bc7ec000-7fd4bc7f0000 ---p 00000000 00:00 0 
7fd4bc7f0000-7fd4bc8f1000 rw-p 00000000 00:00 0 
7fd4bc8f1000-7fd4bc8f5000 rw-s 00000000 00:2a 98013                      /i915 (deleted)
7fd4bc8f5000-7fd4bc8fa000 rw-p 00000000 00:00 0 
7fd4bc8fa000-7fd4bc901000 ---p 00000000 00:00 0 
7fd4bc901000-7fd4bc909000 rw-s 00000000 00:2d 95773                      /tmp/hsperfdata_mauricioriva/9592
7fd4bc909000-7fd4bc90a000 ---p 00000000 00:00 0 
7fd4bc90a000-7fd4bc90b000 r--p 00000000 00:00 0 
7fd4bc90b000-7fd4bc90c000 r--p 00026000 08:07 21349                      /usr/lib64/ld-2.27.so
7fd4bc90c000-7fd4bc90d000 rw-p 00027000 08:07 21349                      /usr/lib64/ld-2.27.so
7fd4bc90d000-7fd4bc90e000 rw-p 00000000 00:00 0 
7ffe9d318000-7ffe9d33a000 rw-p 00000000 00:00 0                          [stack]
7ffe9d3f7000-7ffe9d3fa000 r--p 00000000 00:00 0                          [vvar]
7ffe9d3fa000-7ffe9d3fc000 r-xp 00000000 00:00 0                          [vdso]
ffffffffff600000-ffffffffff601000 r-xp 00000000 00:00 0                  [vsyscall]


VM Arguments:
jvm_args: --module-path=/home/mauricioriva/javafx/openjfx-11.0.1_linux-x64_bin-sdk/javafx-sdk-11.0.1/lib --add-modules=javafx.controls 
java_command: sistemasolar.SistemaSolar
java_class_path (initial): .
Launcher Type: SUN_STANDARD

[Global flags]
     intx CICompilerCount                          = 3                                         {product} {ergonomic}
     uint ConcGCThreads                            = 1                                         {product} {ergonomic}
     uint G1ConcRefinementThreads                  = 4                                         {product} {ergonomic}
   size_t G1HeapRegionSize                         = 1048576                                   {product} {ergonomic}
    uintx GCDrainStackTargetSize                   = 64                                        {product} {ergonomic}
   size_t InitialHeapSize                          = 130023424                                 {product} {ergonomic}
   size_t MarkStackSize                            = 4194304                                   {product} {ergonomic}
   size_t MaxHeapSize                              = 2069889024                                {product} {ergonomic}
   size_t MaxNewSize                               = 1241513984                                {product} {ergonomic}
   size_t MinHeapDeltaBytes                        = 1048576                                   {product} {ergonomic}
    uintx NonNMethodCodeHeapSize                   = 5830092                                {pd product} {ergonomic}
    uintx NonProfiledCodeHeapSize                  = 122914074                              {pd product} {ergonomic}
    uintx ProfiledCodeHeapSize                     = 122914074                              {pd product} {ergonomic}
    uintx ReservedCodeCacheSize                    = 251658240                              {pd product} {ergonomic}
     bool SegmentedCodeCache                       = true                                      {product} {ergonomic}
     bool UseCompressedClassPointers               = true                                 {lp64_product} {ergonomic}
     bool UseCompressedOops                        = true                                 {lp64_product} {ergonomic}
     bool UseG1GC                                  = true                                      {product} {ergonomic}

Logging:
Log output configuration:
 #0: stdout all=warning uptime,level,tags
 #1: stderr all=off uptime,level,tags

Environment Variables:
JAVA_HOME=/usr/local/java/jdk-11.0.1
PATH=/usr/share/Modules/bin:/usr/local/bin:/usr/local/sbin:/usr/bin:/usr/sbin:/home/mauricioriva/.cabal/bin:/var/lib/snapd/snap/bin:/home/mauricioriva/bin:/usr/local/java/jdk-11.0.1/bin:/home/mauricioriva/.local/bin:/home/mauricioriva/bin
USERNAME=mauricioriva
SHELL=/bin/bash
DISPLAY=:0

Signal Handlers:
SIGSEGV: [libjvm.so+0xe5ac10], sa_mask[0]=11111111011111111101111111111110, sa_flags=SA_RESTART|SA_SIGINFO
SIGBUS: [libjvm.so+0xe5ac10], sa_mask[0]=11111111011111111101111111111110, sa_flags=SA_RESTART|SA_SIGINFO
SIGFPE: [libjvm.so+0xe5ac10], sa_mask[0]=11111111011111111101111111111110, sa_flags=SA_RESTART|SA_SIGINFO
SIGPIPE: SIG_IGN, sa_mask[0]=00000000000010000000000000000000, sa_flags=SA_RESTART
SIGXFSZ: [libjvm.so+0xc30d00], sa_mask[0]=11111111011111111101111111111110, sa_flags=SA_RESTART|SA_SIGINFO
SIGILL: [libjvm.so+0xe5ac10], sa_mask[0]=11111111011111111101111111111110, sa_flags=SA_RESTART|SA_SIGINFO
SIGUSR2: [libjvm.so+0xc30ba0], sa_mask[0]=00000000000000000000000000000000, sa_flags=SA_RESTART|SA_SIGINFO
SIGHUP: [libjvm.so+0xc30f00], sa_mask[0]=11111111011111111101111111111110, sa_flags=SA_RESTART|SA_SIGINFO
SIGINT: [libjvm.so+0xc30f00], sa_mask[0]=11111111011111111101111111111110, sa_flags=SA_RESTART|SA_SIGINFO
SIGTERM: [libjvm.so+0xc30f00], sa_mask[0]=11111111011111111101111111111110, sa_flags=SA_RESTART|SA_SIGINFO
SIGQUIT: [libjvm.so+0xc30f00], sa_mask[0]=11111111011111111101111111111110, sa_flags=SA_RESTART|SA_SIGINFO


---------------  S Y S T E M  ---------------

OS:Fedora release 28 (Twenty Eight)
uname:Linux 4.18.16-200.fc28.x86_64 #1 SMP Sat Oct 20 23:53:47 UTC 2018 x86_64
libc:glibc 2.27 NPTL 2.27 
rlimit: STACK 8192k, CORE infinity, NPROC 31290, NOFILE 4096, AS infinity, DATA infinity, FSIZE infinity
load average:0.58 0.63 0.57

/proc/meminfo:
MemTotal:        8080240 kB
MemFree:         4088652 kB
MemAvailable:    5641828 kB
Buffers:          110436 kB
Cached:          1959376 kB
SwapCached:            0 kB
Active:          2072580 kB
Inactive:        1506332 kB
Active(anon):    1514852 kB
Inactive(anon):   353112 kB
Active(file):     557728 kB
Inactive(file):  1153220 kB
Unevictable:          16 kB
Mlocked:              16 kB
SwapTotal:       6309884 kB
SwapFree:        6309884 kB
Dirty:              1548 kB
Writeback:             0 kB
AnonPages:       1509172 kB
Mapped:           517552 kB
Shmem:            358876 kB
Slab:             244736 kB
SReclaimable:     130320 kB
SUnreclaim:       114416 kB
KernelStack:       14336 kB
PageTables:        61896 kB
NFS_Unstable:          0 kB
Bounce:                0 kB
WritebackTmp:          0 kB
CommitLimit:    10350004 kB
Committed_AS:    7773220 kB
VmallocTotal:   34359738367 kB
VmallocUsed:           0 kB
VmallocChunk:          0 kB
HardwareCorrupted:     0 kB
AnonHugePages:         0 kB
ShmemHugePages:        0 kB
ShmemPmdMapped:        0 kB
CmaTotal:              0 kB
CmaFree:               0 kB
HugePages_Total:       0
HugePages_Free:        0
HugePages_Rsvd:        0
HugePages_Surp:        0
Hugepagesize:       2048 kB
Hugetlb:               0 kB
DirectMap4k:      241148 kB
DirectMap2M:     5963776 kB
DirectMap1G:     3145728 kB


/proc/sys/kernel/threads-max (system-wide limit on the number of threads):
62581


/proc/sys/vm/max_map_count (maximum number of memory map areas a process may have):
65530


/proc/sys/kernel/pid_max (system-wide limit on number of process identifiers):
32768


container (cgroup) information:
container_type: cgroupv1
cpu_cpuset_cpus: 0-3
cpu_memory_nodes: 0
active_processor_count: 4
cpu_quota: -1
cpu_period: 100000
cpu_shares: -1
memory_limit_in_bytes: -1
memory_and_swap_limit_in_bytes: -1
memory_soft_limit_in_bytes: -1
memory_usage_in_bytes: 806084608
memory_max_usage_in_bytes: 834981888


CPU:total 4 (initial active 4) (2 cores per cpu, 2 threads per core) family 6 model 61 stepping 4, cmov, cx8, fxsr, mmx, sse, sse2, sse3, ssse3, sse4.1, sse4.2, popcnt, avx, avx2, aes, clmul, erms, 3dnowpref, lzcnt, ht, tsc, tscinvbit, bmi1, bmi2, adx, fma
CPU Model and flags from /proc/cpuinfo:
model name	: Intel(R) Core(TM) i3-5005U CPU @ 2.00GHz
flags		: fpu vme de pse tsc msr pae mce cx8 apic sep mtrr pge mca cmov pat pse36 clflush dts acpi mmx fxsr sse sse2 ss ht tm pbe syscall nx pdpe1gb rdtscp lm constant_tsc arch_perfmon pebs bts rep_good nopl xtopology nonstop_tsc cpuid aperfmperf pni pclmulqdq dtes64 monitor ds_cpl vmx est tm2 ssse3 sdbg fma cx16 xtpr pdcm pcid sse4_1 sse4_2 x2apic movbe popcnt tsc_deadline_timer aes xsave avx f16c rdrand lahf_lm abm 3dnowprefetch cpuid_fault epb invpcid_single pti ssbd ibrs ibpb stibp tpr_shadow vnmi flexpriority ept vpid fsgsbase tsc_adjust bmi1 avx2 smep bmi2 erms invpcid rdseed adx smap intel_pt xsaveopt dtherm arat pln pts flush_l1d

Memory: 4k page, physical 8080240k(4088652k free), swap 6309884k(6309884k free)

vm_info: Java HotSpot(TM) 64-Bit Server VM (11.0.1+13-LTS) for linux-amd64 JRE (11.0.1+13-LTS), built on Oct  6 2018 05:13:05 by "mach5one" with gcc 7.3.0

END.
