#
# A fatal error has been detected by the Java Runtime Environment:
#
#  SIGSEGV (0xb) at pc=0x00007f494c3ac51f, pid=9725, tid=9750
#
# JRE version: Java(TM) SE Runtime Environment (11.0.1+13) (build 11.0.1+13-LTS)
# Java VM: Java HotSpot(TM) 64-Bit Server VM (11.0.1+13-LTS, mixed mode, tiered, compressed oops, g1 gc, linux-amd64)
# Problematic frame:
# C  [libX11.so.6+0x2e51f]  XInternAtom+0x3f
#
# Core dump will be written. Default location: Core dumps may be processed with "/usr/lib/systemd/systemd-coredump %P %u %g %s %t %c %h %e" (or dumping to /home/mauricioriva/Downloads/SistemaSolar/src/core.9725)
#
# If you would like to submit a bug report, please visit:
#   http://bugreport.java.com/bugreport/crash.jsp
# The crash happened outside the Java Virtual Machine in native code.
# See problematic frame for where to report the bug.
#

---------------  S U M M A R Y ------------

Command Line: --module-path=/home/mauricioriva/javafx/openjfx-11.0.1_linux-x64_bin-sdk/javafx-sdk-11.0.1/lib --add-modules=javafx.controls sistemasolar.SistemaSolar

Host: Intel(R) Core(TM) i3-5005U CPU @ 2.00GHz, 4 cores, 7G, Fedora release 28 (Twenty Eight)
Time: Wed Nov 14 10:50:49 2018 CST elapsed time: 0 seconds (0d 0h 0m 0s)

---------------  T H R E A D  ---------------

Current thread (0x00007f4974440800):  JavaThread "GtkNativeMainLoopThread" [_thread_in_native, id=9750, stack(0x00007f48f4b99000,0x00007f48f4c9a000)]

Stack: [0x00007f48f4b99000,0x00007f48f4c9a000],  sp=0x00007f48f4c98020,  free space=1020k
Native frames: (J=compiled Java code, A=aot compiled Java code, j=interpreted, Vv=VM code, C=native code)
C  [libX11.so.6+0x2e51f]  XInternAtom+0x3f

Java frames: (J=compiled Java code, j=interpreted, Vv=VM code)
j  com.sun.glass.ui.gtk.GtkApplication.staticScreen_getScreens()[Lcom/sun/glass/ui/Screen;+0 javafx.graphics
j  com.sun.glass.ui.Screen.initScreens()V+6 javafx.graphics
j  com.sun.glass.ui.Application.lambda$run$1(Ljava/lang/Runnable;)V+0 javafx.graphics
j  com.sun.glass.ui.Application$$Lambda$93.run()V+4 javafx.graphics
v  ~StubRoutines::call_stub
j  com.sun.glass.ui.gtk.GtkApplication._runLoop(Ljava/lang/Runnable;Z)V+0 javafx.graphics
j  com.sun.glass.ui.gtk.GtkApplication.lambda$runLoop$11(Ljava/lang/Runnable;Z)V+7 javafx.graphics
j  com.sun.glass.ui.gtk.GtkApplication$$Lambda$97.run()V+12 javafx.graphics
j  java.lang.Thread.run()V+11 java.base@11.0.1
v  ~StubRoutines::call_stub

siginfo: si_signo: 11 (SIGSEGV), si_code: 1 (SEGV_MAPERR), si_addr: 0x0000000000000198

Register to memory mapping:

RAX=0x0000000000000198 is an unknown value
RBX=0x00007f49743c0100 points into unknown readable memory
RCX=0x0000000000000001 is an unknown value
RDX=0x0000000000000001 is an unknown value
RSP=0x00007f48f4c98020 is pointing into the stack for thread: 0x00007f4974440800
RBP=0x00007f48f6f0be29: <offset 0x0000000000038e29> in /home/mauricioriva/javafx/openjfx-11.0.1_linux-x64_bin-sdk/javafx-sdk-11.0.1/lib/libglassgtk3.so at 0x00007f48f6ed3000
RSI=0x00007f48f6f0be29: <offset 0x0000000000038e29> in /home/mauricioriva/javafx/openjfx-11.0.1_linux-x64_bin-sdk/javafx-sdk-11.0.1/lib/libglassgtk3.so at 0x00007f48f6ed3000
RDI=0x00007f49743c0100 points into unknown readable memory
R8 =0x0000000000000001 is an unknown value
R9 =0x00007f4974440800 is a thread
R10=0x0 is NULL
R11=0x00007f494c3ac4e0: XInternAtom+0x0000000000000000 in /lib64/libX11.so.6 at 0x00007f494c37e000
R12=0x0000000000000001 is an unknown value
R13=0x00007f4974440b40 points into unknown readable memory
R14=0x00007f49743c0100 points into unknown readable memory
R15=0x00007f49743c0100 points into unknown readable memory


Registers:
RAX=0x0000000000000198, RBX=0x00007f49743c0100, RCX=0x0000000000000001, RDX=0x0000000000000001
RSP=0x00007f48f4c98020, RBP=0x00007f48f6f0be29, RSI=0x00007f48f6f0be29, RDI=0x00007f49743c0100
R8 =0x0000000000000001, R9 =0x00007f4974440800, R10=0x0000000000000000, R11=0x00007f494c3ac4e0
R12=0x0000000000000001, R13=0x00007f4974440b40, R14=0x00007f49743c0100, R15=0x00007f49743c0100
RIP=0x00007f494c3ac51f, EFLAGS=0x0000000000010202, CSGSFS=0x002b000000000033, ERR=0x0000000000000004
  TRAPNO=0x000000000000000e

Top of Stack: (sp=0x00007f48f4c98020)
0x00007f48f4c98020:   0000000000000000 0000000000000000
0x00007f48f4c98030:   0000000000000000 0000000000000000
0x00007f48f4c98040:   0000000000000000 0000000000000000
0x00007f48f4c98050:   00000001000f1818 00007f4974440800 

Instructions: (pc=0x00007f494c3ac51f)
0x00007f494c3ac4ff:   89 44 24 48 31 c0 48 8d 05 4c 83 08 00 48 85 f6
0x00007f494c3ac50f:   48 0f 44 e8 48 8b 87 68 09 00 00 48 85 c0 74 02
0x00007f494c3ac51f:   ff 10 48 8d 4c 24 18 4c 8d 4c 24 14 44 89 e2 48
0x00007f494c3ac52f:   89 ee 4c 8d 44 24 10 48 89 df e8 12 fa ff ff 48 


---------------  P R O C E S S  ---------------

Threads class SMR info:
_java_thread_list=0x00007f4908046e40, length=12, elements={
0x00007f4974011800, 0x00007f497414d800, 0x00007f4974151800, 0x00007f4974164800,
0x00007f4974166800, 0x00007f4974168800, 0x00007f497416a800, 0x00007f497420d000,
0x00007f49742c1800, 0x00007f4974363000, 0x00007f497443e800, 0x00007f4974440800
}

Java Threads: ( => current thread )
  0x00007f4974011800 JavaThread "main" [_thread_blocked, id=9726, stack(0x00007f497c2e5000,0x00007f497c3e6000)]
  0x00007f497414d800 JavaThread "Reference Handler" daemon [_thread_blocked, id=9734, stack(0x00007f494d6ff000,0x00007f494d800000)]
  0x00007f4974151800 JavaThread "Finalizer" daemon [_thread_blocked, id=9735, stack(0x00007f494d5fe000,0x00007f494d6ff000)]
  0x00007f4974164800 JavaThread "Signal Dispatcher" daemon [_thread_blocked, id=9736, stack(0x00007f494d4fd000,0x00007f494d5fe000)]
  0x00007f4974166800 JavaThread "C2 CompilerThread0" daemon [_thread_blocked, id=9737, stack(0x00007f494d3fc000,0x00007f494d4fd000)]
  0x00007f4974168800 JavaThread "C1 CompilerThread0" daemon [_thread_blocked, id=9738, stack(0x00007f494d2fb000,0x00007f494d3fc000)]
  0x00007f497416a800 JavaThread "Sweeper thread" daemon [_thread_blocked, id=9739, stack(0x00007f494d1fa000,0x00007f494d2fb000)]
  0x00007f497420d000 JavaThread "Common-Cleaner" daemon [_thread_blocked, id=9740, stack(0x00007f494ccd1000,0x00007f494cdd2000)]
  0x00007f49742c1800 JavaThread "Service Thread" daemon [_thread_blocked, id=9742, stack(0x00007f494cacf000,0x00007f494cbd0000)]
  0x00007f4974363000 JavaThread "QuantumRenderer-0" daemon [_thread_blocked, id=9745, stack(0x00007f494c8cc000,0x00007f494c9cd000)]
  0x00007f497443e800 JavaThread "InvokeLaterDispatcher" daemon [_thread_blocked, id=9749, stack(0x00007f48f4c9a000,0x00007f48f4d9b000)]
=>0x00007f4974440800 JavaThread "GtkNativeMainLoopThread" [_thread_in_native, id=9750, stack(0x00007f48f4b99000,0x00007f48f4c9a000)]

Other Threads:
  0x00007f4974145800 VMThread "VM Thread" [stack: 0x00007f49540cf000,0x00007f49541cf000] [id=9732]
  0x00007f49742dc800 WatcherThread [stack: 0x00007f494c9cf000,0x00007f494cacf000] [id=9744]
  0x00007f4974039000 GCTaskThread "GC Thread#0" [stack: 0x00007f4978c04000,0x00007f4978d04000] [id=9727]
  0x00007f4940001000 GCTaskThread "GC Thread#1" [stack: 0x00007f48f4a99000,0x00007f48f4b99000] [id=9751]
  0x00007f4940002800 GCTaskThread "GC Thread#2" [stack: 0x00007f48f4997000,0x00007f48f4a97000] [id=9752]
  0x00007f4940004000 GCTaskThread "GC Thread#3" [stack: 0x00007f48f4895000,0x00007f48f4995000] [id=9753]
  0x00007f497406a000 ConcurrentGCThread "G1 Main Marker" [stack: 0x00007f495c76a000,0x00007f495c86a000] [id=9728]
  0x00007f497406c000 ConcurrentGCThread "G1 Conc#0" [stack: 0x00007f495c668000,0x00007f495c768000] [id=9729]
  0x00007f49740e4000 ConcurrentGCThread "G1 Refine#0" [stack: 0x00007f495c162000,0x00007f495c262000] [id=9730]
  0x00007f49740e6000 ConcurrentGCThread "G1 Young RemSet Sampling" [stack: 0x00007f495c060000,0x00007f495c160000] [id=9731]

Threads with active compile tasks:

VM state:not at safepoint (normal execution)

VM Mutex/Monitor currently owned by a thread: None

Heap address: 0x0000000084a00000, size: 1974 MB, Compressed Oops mode: 32-bit
Narrow klass base: 0x0000000000000000, Narrow klass shift: 3
Compressed class space size: 1073741824 Address: 0x0000000100000000

Heap:
 garbage-first heap   total 126976K, used 1866K [0x0000000084a00000, 0x0000000100000000)
  region size 1024K, 3 young (3072K), 2 survivors (2048K)
 Metaspace       used 9022K, capacity 9388K, committed 9600K, reserved 1058816K
  class space    used 907K, capacity 1050K, committed 1152K, reserved 1048576K
Heap Regions: E=young(eden), S=young(survivor), O=old, HS=humongous(starts), HC=humongous(continues), CS=collection set, F=free, A=archive, TAMS=top-at-mark-start (previous, next)
|   0|0x0000000084a00000, 0x0000000084a00000, 0x0000000084b00000|  0%| F|  |TAMS 0x0000000084a00000, 0x0000000084a00000| Untracked 
|   1|0x0000000084b00000, 0x0000000084b00000, 0x0000000084c00000|  0%| F|  |TAMS 0x0000000084b00000, 0x0000000084b00000| Untracked 
|   2|0x0000000084c00000, 0x0000000084c00000, 0x0000000084d00000|  0%| F|  |TAMS 0x0000000084c00000, 0x0000000084c00000| Untracked 
|   3|0x0000000084d00000, 0x0000000084d00000, 0x0000000084e00000|  0%| F|  |TAMS 0x0000000084d00000, 0x0000000084d00000| Untracked 
|   4|0x0000000084e00000, 0x0000000084e00000, 0x0000000084f00000|  0%| F|  |TAMS 0x0000000084e00000, 0x0000000084e00000| Untracked 
|   5|0x0000000084f00000, 0x0000000084f00000, 0x0000000085000000|  0%| F|  |TAMS 0x0000000084f00000, 0x0000000084f00000| Untracked 
|   6|0x0000000085000000, 0x0000000085000000, 0x0000000085100000|  0%| F|  |TAMS 0x0000000085000000, 0x0000000085000000| Untracked 
|   7|0x0000000085100000, 0x0000000085100000, 0x0000000085200000|  0%| F|  |TAMS 0x0000000085100000, 0x0000000085100000| Untracked 
|   8|0x0000000085200000, 0x0000000085200000, 0x0000000085300000|  0%| F|  |TAMS 0x0000000085200000, 0x0000000085200000| Untracked 
|   9|0x0000000085300000, 0x0000000085300000, 0x0000000085400000|  0%| F|  |TAMS 0x0000000085300000, 0x0000000085300000| Untracked 
|  10|0x0000000085400000, 0x0000000085400000, 0x0000000085500000|  0%| F|  |TAMS 0x0000000085400000, 0x0000000085400000| Untracked 
|  11|0x0000000085500000, 0x0000000085500000, 0x0000000085600000|  0%| F|  |TAMS 0x0000000085500000, 0x0000000085500000| Untracked 
|  12|0x0000000085600000, 0x0000000085600000, 0x0000000085700000|  0%| F|  |TAMS 0x0000000085600000, 0x0000000085600000| Untracked 
|  13|0x0000000085700000, 0x0000000085700000, 0x0000000085800000|  0%| F|  |TAMS 0x0000000085700000, 0x0000000085700000| Untracked 
|  14|0x0000000085800000, 0x0000000085800000, 0x0000000085900000|  0%| F|  |TAMS 0x0000000085800000, 0x0000000085800000| Untracked 
|  15|0x0000000085900000, 0x0000000085900000, 0x0000000085a00000|  0%| F|  |TAMS 0x0000000085900000, 0x0000000085900000| Untracked 
|  16|0x0000000085a00000, 0x0000000085a00000, 0x0000000085b00000|  0%| F|  |TAMS 0x0000000085a00000, 0x0000000085a00000| Untracked 
|  17|0x0000000085b00000, 0x0000000085b00000, 0x0000000085c00000|  0%| F|  |TAMS 0x0000000085b00000, 0x0000000085b00000| Untracked 
|  18|0x0000000085c00000, 0x0000000085c00000, 0x0000000085d00000|  0%| F|  |TAMS 0x0000000085c00000, 0x0000000085c00000| Untracked 
|  19|0x0000000085d00000, 0x0000000085d00000, 0x0000000085e00000|  0%| F|  |TAMS 0x0000000085d00000, 0x0000000085d00000| Untracked 
|  20|0x0000000085e00000, 0x0000000085e00000, 0x0000000085f00000|  0%| F|  |TAMS 0x0000000085e00000, 0x0000000085e00000| Untracked 
|  21|0x0000000085f00000, 0x0000000085f00000, 0x0000000086000000|  0%| F|  |TAMS 0x0000000085f00000, 0x0000000085f00000| Untracked 
|  22|0x0000000086000000, 0x0000000086000000, 0x0000000086100000|  0%| F|  |TAMS 0x0000000086000000, 0x0000000086000000| Untracked 
|  23|0x0000000086100000, 0x0000000086100000, 0x0000000086200000|  0%| F|  |TAMS 0x0000000086100000, 0x0000000086100000| Untracked 
|  24|0x0000000086200000, 0x0000000086200000, 0x0000000086300000|  0%| F|  |TAMS 0x0000000086200000, 0x0000000086200000| Untracked 
|  25|0x0000000086300000, 0x0000000086300000, 0x0000000086400000|  0%| F|  |TAMS 0x0000000086300000, 0x0000000086300000| Untracked 
|  26|0x0000000086400000, 0x0000000086400000, 0x0000000086500000|  0%| F|  |TAMS 0x0000000086400000, 0x0000000086400000| Untracked 
|  27|0x0000000086500000, 0x0000000086500000, 0x0000000086600000|  0%| F|  |TAMS 0x0000000086500000, 0x0000000086500000| Untracked 
|  28|0x0000000086600000, 0x0000000086600000, 0x0000000086700000|  0%| F|  |TAMS 0x0000000086600000, 0x0000000086600000| Untracked 
|  29|0x0000000086700000, 0x0000000086700000, 0x0000000086800000|  0%| F|  |TAMS 0x0000000086700000, 0x0000000086700000| Untracked 
|  30|0x0000000086800000, 0x0000000086800000, 0x0000000086900000|  0%| F|  |TAMS 0x0000000086800000, 0x0000000086800000| Untracked 
|  31|0x0000000086900000, 0x0000000086900000, 0x0000000086a00000|  0%| F|  |TAMS 0x0000000086900000, 0x0000000086900000| Untracked 
|  32|0x0000000086a00000, 0x0000000086a00000, 0x0000000086b00000|  0%| F|  |TAMS 0x0000000086a00000, 0x0000000086a00000| Untracked 
|  33|0x0000000086b00000, 0x0000000086b00000, 0x0000000086c00000|  0%| F|  |TAMS 0x0000000086b00000, 0x0000000086b00000| Untracked 
|  34|0x0000000086c00000, 0x0000000086c00000, 0x0000000086d00000|  0%| F|  |TAMS 0x0000000086c00000, 0x0000000086c00000| Untracked 
|  35|0x0000000086d00000, 0x0000000086d00000, 0x0000000086e00000|  0%| F|  |TAMS 0x0000000086d00000, 0x0000000086d00000| Untracked 
|  36|0x0000000086e00000, 0x0000000086e00000, 0x0000000086f00000|  0%| F|  |TAMS 0x0000000086e00000, 0x0000000086e00000| Untracked 
|  37|0x0000000086f00000, 0x0000000086f00000, 0x0000000087000000|  0%| F|  |TAMS 0x0000000086f00000, 0x0000000086f00000| Untracked 
|  38|0x0000000087000000, 0x0000000087000000, 0x0000000087100000|  0%| F|  |TAMS 0x0000000087000000, 0x0000000087000000| Untracked 
|  39|0x0000000087100000, 0x0000000087100000, 0x0000000087200000|  0%| F|  |TAMS 0x0000000087100000, 0x0000000087100000| Untracked 
|  40|0x0000000087200000, 0x0000000087200000, 0x0000000087300000|  0%| F|  |TAMS 0x0000000087200000, 0x0000000087200000| Untracked 
|  41|0x0000000087300000, 0x0000000087300000, 0x0000000087400000|  0%| F|  |TAMS 0x0000000087300000, 0x0000000087300000| Untracked 
|  42|0x0000000087400000, 0x0000000087400000, 0x0000000087500000|  0%| F|  |TAMS 0x0000000087400000, 0x0000000087400000| Untracked 
|  43|0x0000000087500000, 0x0000000087500000, 0x0000000087600000|  0%| F|  |TAMS 0x0000000087500000, 0x0000000087500000| Untracked 
|  44|0x0000000087600000, 0x0000000087600000, 0x0000000087700000|  0%| F|  |TAMS 0x0000000087600000, 0x0000000087600000| Untracked 
|  45|0x0000000087700000, 0x0000000087700000, 0x0000000087800000|  0%| F|  |TAMS 0x0000000087700000, 0x0000000087700000| Untracked 
|  46|0x0000000087800000, 0x0000000087800000, 0x0000000087900000|  0%| F|  |TAMS 0x0000000087800000, 0x0000000087800000| Untracked 
|  47|0x0000000087900000, 0x0000000087900000, 0x0000000087a00000|  0%| F|  |TAMS 0x0000000087900000, 0x0000000087900000| Untracked 
|  48|0x0000000087a00000, 0x0000000087a00000, 0x0000000087b00000|  0%| F|  |TAMS 0x0000000087a00000, 0x0000000087a00000| Untracked 
|  49|0x0000000087b00000, 0x0000000087b00000, 0x0000000087c00000|  0%| F|  |TAMS 0x0000000087b00000, 0x0000000087b00000| Untracked 
|  50|0x0000000087c00000, 0x0000000087c00000, 0x0000000087d00000|  0%| F|  |TAMS 0x0000000087c00000, 0x0000000087c00000| Untracked 
|  51|0x0000000087d00000, 0x0000000087d00000, 0x0000000087e00000|  0%| F|  |TAMS 0x0000000087d00000, 0x0000000087d00000| Untracked 
|  52|0x0000000087e00000, 0x0000000087e00000, 0x0000000087f00000|  0%| F|  |TAMS 0x0000000087e00000, 0x0000000087e00000| Untracked 
|  53|0x0000000087f00000, 0x0000000087f00000, 0x0000000088000000|  0%| F|  |TAMS 0x0000000087f00000, 0x0000000087f00000| Untracked 
|  54|0x0000000088000000, 0x0000000088000000, 0x0000000088100000|  0%| F|  |TAMS 0x0000000088000000, 0x0000000088000000| Untracked 
|  55|0x0000000088100000, 0x0000000088100000, 0x0000000088200000|  0%| F|  |TAMS 0x0000000088100000, 0x0000000088100000| Untracked 
|  56|0x0000000088200000, 0x0000000088200000, 0x0000000088300000|  0%| F|  |TAMS 0x0000000088200000, 0x0000000088200000| Untracked 
|  57|0x0000000088300000, 0x0000000088300000, 0x0000000088400000|  0%| F|  |TAMS 0x0000000088300000, 0x0000000088300000| Untracked 
|  58|0x0000000088400000, 0x0000000088400000, 0x0000000088500000|  0%| F|  |TAMS 0x0000000088400000, 0x0000000088400000| Untracked 
|  59|0x0000000088500000, 0x0000000088500000, 0x0000000088600000|  0%| F|  |TAMS 0x0000000088500000, 0x0000000088500000| Untracked 
|  60|0x0000000088600000, 0x0000000088600000, 0x0000000088700000|  0%| F|  |TAMS 0x0000000088600000, 0x0000000088600000| Untracked 
|  61|0x0000000088700000, 0x0000000088700000, 0x0000000088800000|  0%| F|  |TAMS 0x0000000088700000, 0x0000000088700000| Untracked 
|  62|0x0000000088800000, 0x0000000088800000, 0x0000000088900000|  0%| F|  |TAMS 0x0000000088800000, 0x0000000088800000| Untracked 
|  63|0x0000000088900000, 0x0000000088900000, 0x0000000088a00000|  0%| F|  |TAMS 0x0000000088900000, 0x0000000088900000| Untracked 
|  64|0x0000000088a00000, 0x0000000088a00000, 0x0000000088b00000|  0%| F|  |TAMS 0x0000000088a00000, 0x0000000088a00000| Untracked 
|  65|0x0000000088b00000, 0x0000000088b00000, 0x0000000088c00000|  0%| F|  |TAMS 0x0000000088b00000, 0x0000000088b00000| Untracked 
|  66|0x0000000088c00000, 0x0000000088c00000, 0x0000000088d00000|  0%| F|  |TAMS 0x0000000088c00000, 0x0000000088c00000| Untracked 
|  67|0x0000000088d00000, 0x0000000088d00000, 0x0000000088e00000|  0%| F|  |TAMS 0x0000000088d00000, 0x0000000088d00000| Untracked 
|  68|0x0000000088e00000, 0x0000000088e00000, 0x0000000088f00000|  0%| F|  |TAMS 0x0000000088e00000, 0x0000000088e00000| Untracked 
|  69|0x0000000088f00000, 0x0000000088f00000, 0x0000000089000000|  0%| F|  |TAMS 0x0000000088f00000, 0x0000000088f00000| Untracked 
|  70|0x0000000089000000, 0x0000000089000000, 0x0000000089100000|  0%| F|  |TAMS 0x0000000089000000, 0x0000000089000000| Untracked 
|  71|0x0000000089100000, 0x0000000089100000, 0x0000000089200000|  0%| F|  |TAMS 0x0000000089100000, 0x0000000089100000| Untracked 
|  72|0x0000000089200000, 0x0000000089200000, 0x0000000089300000|  0%| F|  |TAMS 0x0000000089200000, 0x0000000089200000| Untracked 
|  73|0x0000000089300000, 0x0000000089300000, 0x0000000089400000|  0%| F|  |TAMS 0x0000000089300000, 0x0000000089300000| Untracked 
|  74|0x0000000089400000, 0x0000000089400000, 0x0000000089500000|  0%| F|  |TAMS 0x0000000089400000, 0x0000000089400000| Untracked 
|  75|0x0000000089500000, 0x0000000089500000, 0x0000000089600000|  0%| F|  |TAMS 0x0000000089500000, 0x0000000089500000| Untracked 
|  76|0x0000000089600000, 0x0000000089600000, 0x0000000089700000|  0%| F|  |TAMS 0x0000000089600000, 0x0000000089600000| Untracked 
|  77|0x0000000089700000, 0x0000000089700000, 0x0000000089800000|  0%| F|  |TAMS 0x0000000089700000, 0x0000000089700000| Untracked 
|  78|0x0000000089800000, 0x0000000089800000, 0x0000000089900000|  0%| F|  |TAMS 0x0000000089800000, 0x0000000089800000| Untracked 
|  79|0x0000000089900000, 0x0000000089900000, 0x0000000089a00000|  0%| F|  |TAMS 0x0000000089900000, 0x0000000089900000| Untracked 
|  80|0x0000000089a00000, 0x0000000089a00000, 0x0000000089b00000|  0%| F|  |TAMS 0x0000000089a00000, 0x0000000089a00000| Untracked 
|  81|0x0000000089b00000, 0x0000000089b00000, 0x0000000089c00000|  0%| F|  |TAMS 0x0000000089b00000, 0x0000000089b00000| Untracked 
|  82|0x0000000089c00000, 0x0000000089c00000, 0x0000000089d00000|  0%| F|  |TAMS 0x0000000089c00000, 0x0000000089c00000| Untracked 
|  83|0x0000000089d00000, 0x0000000089d00000, 0x0000000089e00000|  0%| F|  |TAMS 0x0000000089d00000, 0x0000000089d00000| Untracked 
|  84|0x0000000089e00000, 0x0000000089e00000, 0x0000000089f00000|  0%| F|  |TAMS 0x0000000089e00000, 0x0000000089e00000| Untracked 
|  85|0x0000000089f00000, 0x0000000089f00000, 0x000000008a000000|  0%| F|  |TAMS 0x0000000089f00000, 0x0000000089f00000| Untracked 
|  86|0x000000008a000000, 0x000000008a000000, 0x000000008a100000|  0%| F|  |TAMS 0x000000008a000000, 0x000000008a000000| Untracked 
|  87|0x000000008a100000, 0x000000008a100000, 0x000000008a200000|  0%| F|  |TAMS 0x000000008a100000, 0x000000008a100000| Untracked 
|  88|0x000000008a200000, 0x000000008a200000, 0x000000008a300000|  0%| F|  |TAMS 0x000000008a200000, 0x000000008a200000| Untracked 
|  89|0x000000008a300000, 0x000000008a300000, 0x000000008a400000|  0%| F|  |TAMS 0x000000008a300000, 0x000000008a300000| Untracked 
|  90|0x000000008a400000, 0x000000008a400000, 0x000000008a500000|  0%| F|  |TAMS 0x000000008a400000, 0x000000008a400000| Untracked 
|  91|0x000000008a500000, 0x000000008a500000, 0x000000008a600000|  0%| F|  |TAMS 0x000000008a500000, 0x000000008a500000| Untracked 
|  92|0x000000008a600000, 0x000000008a600000, 0x000000008a700000|  0%| F|  |TAMS 0x000000008a600000, 0x000000008a600000| Untracked 
|  93|0x000000008a700000, 0x000000008a700000, 0x000000008a800000|  0%| F|  |TAMS 0x000000008a700000, 0x000000008a700000| Untracked 
|  94|0x000000008a800000, 0x000000008a800000, 0x000000008a900000|  0%| F|  |TAMS 0x000000008a800000, 0x000000008a800000| Untracked 
|  95|0x000000008a900000, 0x000000008a900000, 0x000000008aa00000|  0%| F|  |TAMS 0x000000008a900000, 0x000000008a900000| Untracked 
|  96|0x000000008aa00000, 0x000000008aa00000, 0x000000008ab00000|  0%| F|  |TAMS 0x000000008aa00000, 0x000000008aa00000| Untracked 
|  97|0x000000008ab00000, 0x000000008ab00000, 0x000000008ac00000|  0%| F|  |TAMS 0x000000008ab00000, 0x000000008ab00000| Untracked 
|  98|0x000000008ac00000, 0x000000008ac00000, 0x000000008ad00000|  0%| F|  |TAMS 0x000000008ac00000, 0x000000008ac00000| Untracked 
|  99|0x000000008ad00000, 0x000000008ad00000, 0x000000008ae00000|  0%| F|  |TAMS 0x000000008ad00000, 0x000000008ad00000| Untracked 
| 100|0x000000008ae00000, 0x000000008ae00000, 0x000000008af00000|  0%| F|  |TAMS 0x000000008ae00000, 0x000000008ae00000| Untracked 
| 101|0x000000008af00000, 0x000000008af00000, 0x000000008b000000|  0%| F|  |TAMS 0x000000008af00000, 0x000000008af00000| Untracked 
| 102|0x000000008b000000, 0x000000008b000000, 0x000000008b100000|  0%| F|  |TAMS 0x000000008b000000, 0x000000008b000000| Untracked 
| 103|0x000000008b100000, 0x000000008b100000, 0x000000008b200000|  0%| F|  |TAMS 0x000000008b100000, 0x000000008b100000| Untracked 
| 104|0x000000008b200000, 0x000000008b200000, 0x000000008b300000|  0%| F|  |TAMS 0x000000008b200000, 0x000000008b200000| Untracked 
| 105|0x000000008b300000, 0x000000008b300000, 0x000000008b400000|  0%| F|  |TAMS 0x000000008b300000, 0x000000008b300000| Untracked 
| 106|0x000000008b400000, 0x000000008b400000, 0x000000008b500000|  0%| F|  |TAMS 0x000000008b400000, 0x000000008b400000| Untracked 
| 107|0x000000008b500000, 0x000000008b500000, 0x000000008b600000|  0%| F|  |TAMS 0x000000008b500000, 0x000000008b500000| Untracked 
| 108|0x000000008b600000, 0x000000008b6d28e8, 0x000000008b700000| 82%| S|CS|TAMS 0x000000008b600000, 0x000000008b600000| Complete 
| 109|0x000000008b700000, 0x000000008b800000, 0x000000008b800000|100%| S|CS|TAMS 0x000000008b700000, 0x000000008b700000| Complete 
| 110|0x000000008b800000, 0x000000008b800000, 0x000000008b900000|  0%| F|  |TAMS 0x000000008b800000, 0x000000008b800000| Untracked 
| 111|0x000000008b900000, 0x000000008b900000, 0x000000008ba00000|  0%| F|  |TAMS 0x000000008b900000, 0x000000008b900000| Untracked 
| 112|0x000000008ba00000, 0x000000008ba00000, 0x000000008bb00000|  0%| F|  |TAMS 0x000000008ba00000, 0x000000008ba00000| Untracked 
| 113|0x000000008bb00000, 0x000000008bb00000, 0x000000008bc00000|  0%| F|  |TAMS 0x000000008bb00000, 0x000000008bb00000| Untracked 
| 114|0x000000008bc00000, 0x000000008bc00000, 0x000000008bd00000|  0%| F|  |TAMS 0x000000008bc00000, 0x000000008bc00000| Untracked 
| 115|0x000000008bd00000, 0x000000008bd00000, 0x000000008be00000|  0%| F|  |TAMS 0x000000008bd00000, 0x000000008bd00000| Untracked 
| 116|0x000000008be00000, 0x000000008be00000, 0x000000008bf00000|  0%| F|  |TAMS 0x000000008be00000, 0x000000008be00000| Untracked 
| 117|0x000000008bf00000, 0x000000008bf00000, 0x000000008c000000|  0%| F|  |TAMS 0x000000008bf00000, 0x000000008bf00000| Untracked 
| 118|0x000000008c000000, 0x000000008c000000, 0x000000008c100000|  0%| F|  |TAMS 0x000000008c000000, 0x000000008c000000| Untracked 
| 119|0x000000008c100000, 0x000000008c100000, 0x000000008c200000|  0%| F|  |TAMS 0x000000008c100000, 0x000000008c100000| Untracked 
| 120|0x000000008c200000, 0x000000008c200000, 0x000000008c300000|  0%| F|  |TAMS 0x000000008c200000, 0x000000008c200000| Untracked 
| 121|0x000000008c300000, 0x000000008c300000, 0x000000008c400000|  0%| F|  |TAMS 0x000000008c300000, 0x000000008c300000| Untracked 
| 122|0x000000008c400000, 0x000000008c400000, 0x000000008c500000|  0%| F|  |TAMS 0x000000008c400000, 0x000000008c400000| Untracked 
| 123|0x000000008c500000, 0x000000008c580800, 0x000000008c600000| 50%| E|  |TAMS 0x000000008c500000, 0x000000008c500000| Complete 

Card table byte_map: [0x00007f4978048000,0x00007f4978423000] _byte_map_base: 0x00007f4977c23000

Marking Bits (Prev, Next): (CMBitMap*) 0x00007f49740617d8, (CMBitMap*) 0x00007f4974061810
 Prev Bits: [0x00007f4956128000, 0x00007f4958000000)
 Next Bits: [0x00007f4954250000, 0x00007f4956128000)

Polling page: 0x00007f497c402000

Metaspace:

Usage:
  Non-class:      8.14 MB capacity,     7.93 MB ( 97%) used,   194.98 KB (  2%) free+waste,    27.62 KB ( <1%) overhead. 
      Class:      1.03 MB capacity,   907.45 KB ( 86%) used,   128.48 KB ( 12%) free+waste,    14.06 KB (  1%) overhead. 
       Both:      9.17 MB capacity,     8.81 MB ( 96%) used,   323.46 KB (  3%) free+waste,    41.69 KB ( <1%) overhead. 

Virtual space:
  Non-class space:       10.00 MB reserved,       8.25 MB ( 82%) committed 
      Class space:        1.00 GB reserved,       1.12 MB ( <1%) committed 
             Both:        1.01 GB reserved,       9.38 MB ( <1%) committed 

Chunk freelists:
   Non-Class:  256 bytes
       Class:  768 bytes
        Both:  1.00 KB

CodeHeap 'non-profiled nmethods': size=120032Kb used=258Kb max_used=258Kb free=119773Kb
 bounds [0x00007f496470d000, 0x00007f496497d000, 0x00007f496bc45000]
CodeHeap 'profiled nmethods': size=120032Kb used=1139Kb max_used=1139Kb free=118892Kb
 bounds [0x00007f495d1d5000, 0x00007f495d445000, 0x00007f496470d000]
CodeHeap 'non-nmethods': size=5696Kb used=1107Kb max_used=1107Kb free=4589Kb
 bounds [0x00007f495cc45000, 0x00007f495ceb5000, 0x00007f495d1d5000]
 total_blobs=1380 nmethods=767 adapters=342
 compilation: enabled
              stopped_count=0, restarted_count=0
 full_count=0

Compilation events (10 events):
Event: 0.710 Thread 0x00007f4974168800 nmethod 759 0x00007f495d2ed790 code [0x00007f495d2ed960, 0x00007f495d2eddd0]
Event: 0.710 Thread 0x00007f4974168800  763       3       jdk.internal.org.objectweb.asm.Type::getArgumentTypes (131 bytes)
Event: 0.715 Thread 0x00007f4974168800 nmethod 763 0x00007f495d2edf10 code [0x00007f495d2ee180, 0x00007f495d2eece8]
Event: 0.715 Thread 0x00007f4974168800  760       3       sun.invoke.util.Wrapper::isIntegral (23 bytes)
Event: 0.716 Thread 0x00007f4974168800 nmethod 760 0x00007f495d2ef090 code [0x00007f495d2ef260, 0x00007f495d2ef510]
Event: 0.716 Thread 0x00007f4974168800  761       3       sun.invoke.util.Wrapper::isNumeric (16 bytes)
Event: 0.716 Thread 0x00007f4974168800 nmethod 761 0x00007f495d2ef590 code [0x00007f495d2ef740, 0x00007f495d2ef8f0]
Event: 0.716 Thread 0x00007f4974168800  765   !   3       jdk.internal.ref.PhantomCleanable::remove (60 bytes)
Event: 0.717 Thread 0x00007f4974168800 nmethod 765 0x00007f495d2ef990 code [0x00007f495d2efb60, 0x00007f495d2f0070]
Event: 0.717 Thread 0x00007f4974168800  767       3       java.lang.invoke.TypeConvertingMethodAdapter::descriptorToName (36 bytes)

GC Heap History (2 events):
Event: 0.711 GC heap before
{Heap before GC invocations=0 (full 0):
 garbage-first heap   total 126976K, used 14336K [0x0000000084a00000, 0x0000000100000000)
  region size 1024K, 14 young (14336K), 0 survivors (0K)
 Metaspace       used 9018K, capacity 9385K, committed 9600K, reserved 1058816K
  class space    used 906K, capacity 1049K, committed 1152K, reserved 1048576K
}
Event: 0.715 GC heap after
{Heap after GC invocations=1 (full 0):
 garbage-first heap   total 126976K, used 1866K [0x0000000084a00000, 0x0000000100000000)
  region size 1024K, 2 young (2048K), 2 survivors (2048K)
 Metaspace       used 9018K, capacity 9385K, committed 9600K, reserved 1058816K
  class space    used 906K, capacity 1049K, committed 1152K, reserved 1048576K
}

Deoptimization events (5 events):
Event: 0.284 Thread 0x00007f4974011800 Uncommon trap: reason=unstable_if action=reinterpret pc=0x00007f4964720994 method=java.util.ImmutableCollections$SetN.probe(Ljava/lang/Object;)I @ 34 c2
Event: 0.318 Thread 0x00007f4974011800 Uncommon trap: reason=unstable_if action=reinterpret pc=0x00007f4964722974 method=java.lang.String.substring(II)Ljava/lang/String; @ 22 c2
Event: 0.625 Thread 0x00007f4974011800 Uncommon trap: reason=class_check action=maybe_recompile pc=0x00007f4964729094 method=java.util.HashMap.putVal(ILjava/lang/Object;Ljava/lang/Object;ZZ)Ljava/lang/Object; @ 152 c2
Event: 0.625 Thread 0x00007f4974011800 Uncommon trap: reason=class_check action=maybe_recompile pc=0x00007f4964729094 method=java.util.HashMap.putVal(ILjava/lang/Object;Ljava/lang/Object;ZZ)Ljava/lang/Object; @ 152 c2
Event: 0.648 Thread 0x00007f4974011800 Uncommon trap: reason=class_check action=maybe_recompile pc=0x00007f4964729094 method=java.util.HashMap.putVal(ILjava/lang/Object;Ljava/lang/Object;ZZ)Ljava/lang/Object; @ 152 c2

Classes redefined (0 events):
No events

Internal exceptions (9 events):
Event: 0.214 Thread 0x00007f4974011800 Exception <a 'java/lang/NoSuchMethodError'{0x000000008c33e9a0}: java.lang.invoke.DirectMethodHandle$Holder.invokeSpecialIFC(Ljava/lang/Object;Ljava/lang/Object;I)I> (0x000000008c33e9a0) thrown at [/scratch/opt/mach5/mesos/work_dir/slaves/83bb4d84-382c-4ea
Event: 0.395 Thread 0x00007f4974011800 Exception <a 'java/lang/NoSuchMethodError'{0x000000008bdcfa98}: java.lang.invoke.DirectMethodHandle$Holder.invokeStatic(Ljava/lang/Object;Ljava/lang/Object;Ljava/lang/Object;Ljava/lang/Object;Ljava/lang/Object;Ljava/lang/Object;Ljava/lang/Object;Ljava/lan
Event: 0.399 Thread 0x00007f4974011800 Exception <a 'java/lang/NoSuchMethodError'{0x000000008bdeb108}: java.lang.invoke.DirectMethodHandle$Holder.invokeStatic(Ljava/lang/Object;Ljava/lang/Object;Ljava/lang/Object;Ljava/lang/Object;Ljava/lang/Object;Ljava/lang/Object;Ljava/lang/Object;Ljava/lan
Event: 0.404 Thread 0x00007f4974011800 Exception <a 'java/lang/NoSuchMethodError'{0x000000008bc06bb0}: java.lang.invoke.DirectMethodHandle$Holder.invokeStatic(Ljava/lang/Object;Ljava/lang/Object;Ljava/lang/Object;Ljava/lang/Object;Ljava/lang/Object;Ljava/lang/Object;Ljava/lang/Object;Ljava/lan
Event: 0.608 Thread 0x00007f4974011800 Exception <a 'java/lang/NoSuchMethodError'{0x000000008b9ebdd8}: java.lang.invoke.DirectMethodHandle$Holder.invokeStaticInit(Ljava/lang/Object;Ljava/lang/Object;Ljava/lang/Object;)I> (0x000000008b9ebdd8) thrown at [/scratch/opt/mach5/mesos/work_dir/slaves/
Event: 0.610 Thread 0x00007f4974011800 Exception <a 'java/lang/NoSuchMethodError'{0x000000008b9f7700}: java.lang.invoke.DirectMethodHandle$Holder.invokeSpecial(Ljava/lang/Object;Ljava/lang/Object;)V> (0x000000008b9f7700) thrown at [/scratch/opt/mach5/mesos/work_dir/slaves/83bb4d84-382c-4ead-b5
Event: 0.709 Thread 0x00007f4974011800 Exception <a 'java/lang/NoSuchMethodError'{0x000000008b8ba098}: java.lang.invoke.DirectMethodHandle$Holder.invokeStatic(Ljava/lang/Object;Ljava/lang/Object;Ljava/lang/Object;I)Ljava/lang/Object;> (0x000000008b8ba098) thrown at [/scratch/opt/mach5/mesos/wo
Event: 0.710 Thread 0x00007f4974011800 Exception <a 'java/lang/NoSuchMethodError'{0x000000008b8bdd10}: java.lang.invoke.DirectMethodHandle$Holder.invokeSpecial(Ljava/lang/Object;Ljava/lang/Object;Ljava/lang/Object;Ljava/lang/Object;I)Ljava/lang/Object;> (0x000000008b8bdd10) thrown at [/scratch
Event: 0.710 Thread 0x00007f4974011800 Exception <a 'java/lang/NoSuchMethodError'{0x000000008b8c11a0}: java.lang.invoke.Invokers$Holder.linkToTargetMethod(Ljava/lang/Object;Ljava/lang/Object;ILjava/lang/Object;)Ljava/lang/Object;> (0x000000008b8c11a0) thrown at [/scratch/opt/mach5/mesos/work_d

Events (10 events):
Event: 0.716 Executing VM operation: RevokeBias
Event: 0.716 Executing VM operation: RevokeBias done
Event: 0.716 Executing VM operation: RevokeBias
Event: 0.716 Executing VM operation: RevokeBias done
Event: 0.716 Executing VM operation: RevokeBias
Event: 0.716 Executing VM operation: RevokeBias done
Event: 0.716 Executing VM operation: RevokeBias
Event: 0.716 Executing VM operation: RevokeBias done
Event: 0.716 Executing VM operation: RevokeBias
Event: 0.716 Executing VM operation: RevokeBias done


Dynamic libraries:
00400000-00401000 r-xp 00000000 08:07 25209                              /usr/local/java/jdk-11.0.1/bin/java
00600000-00601000 r--p 00000000 08:07 25209                              /usr/local/java/jdk-11.0.1/bin/java
00601000-00602000 rw-p 00001000 08:07 25209                              /usr/local/java/jdk-11.0.1/bin/java
0145f000-01480000 rw-p 00000000 00:00 0                                  [heap]
84a00000-8c600000 rw-p 00000000 00:00 0 
8c600000-100000000 ---p 00000000 00:00 0 
100000000-100120000 rw-p 00000000 00:00 0 
100120000-140000000 ---p 00000000 00:00 0 
7f48d0000000-7f48d0021000 rw-p 00000000 00:00 0 
7f48d0021000-7f48d4000000 ---p 00000000 00:00 0 
7f48d8000000-7f48d8021000 rw-p 00000000 00:00 0 
7f48d8021000-7f48dc000000 ---p 00000000 00:00 0 
7f48dc000000-7f48dc021000 rw-p 00000000 00:00 0 
7f48dc021000-7f48e0000000 ---p 00000000 00:00 0 
7f48e0000000-7f48e0021000 rw-p 00000000 00:00 0 
7f48e0021000-7f48e4000000 ---p 00000000 00:00 0 
7f48e4000000-7f48e4021000 rw-p 00000000 00:00 0 
7f48e4021000-7f48e8000000 ---p 00000000 00:00 0 
7f48e8000000-7f48e8021000 rw-p 00000000 00:00 0 
7f48e8021000-7f48ec000000 ---p 00000000 00:00 0 
7f48ec000000-7f48ec021000 rw-p 00000000 00:00 0 
7f48ec021000-7f48f0000000 ---p 00000000 00:00 0 
7f48f0000000-7f48f0030000 rw-p 00000000 00:00 0 
7f48f0030000-7f48f4000000 ---p 00000000 00:00 0 
7f48f4893000-7f48f4894000 ---p 00000000 00:00 0 
7f48f4894000-7f48f4995000 rw-p 00000000 00:00 0 
7f48f4995000-7f48f4996000 ---p 00000000 00:00 0 
7f48f4996000-7f48f4a97000 rw-p 00000000 00:00 0 
7f48f4a97000-7f48f4a98000 ---p 00000000 00:00 0 
7f48f4a98000-7f48f4b99000 rw-p 00000000 00:00 0 
7f48f4b99000-7f48f4b9d000 ---p 00000000 00:00 0 
7f48f4b9d000-7f48f4c9a000 rw-p 00000000 00:00 0 
7f48f4c9a000-7f48f4c9e000 ---p 00000000 00:00 0 
7f48f4c9e000-7f48f4d9b000 rw-p 00000000 00:00 0 
7f48f4d9b000-7f48f4ebb000 rw-s 00000000 00:32 98103                      /run/user/1000/wayland-cursor-shared-MAG3Oo (deleted)
7f48f4ebb000-7f48f4ebc000 ---p 00000000 00:00 0 
7f48f4ebc000-7f48f56bc000 rw-p 00000000 00:00 0 
7f48f56bc000-7f48f56bd000 ---p 00000000 00:00 0 
7f48f56bd000-7f48f5ebd000 rw-p 00000000 00:00 0 
7f48f5ebd000-7f48f5ebe000 ---p 00000000 00:00 0 
7f48f5ebe000-7f48f66be000 rw-p 00000000 00:00 0 
7f48f66be000-7f48f66ca000 r-xp 00000000 08:07 264844                     /usr/lib64/gio/modules/libdconfsettings.so
7f48f66ca000-7f48f68c9000 ---p 0000c000 08:07 264844                     /usr/lib64/gio/modules/libdconfsettings.so
7f48f68c9000-7f48f68ca000 r--p 0000b000 08:07 264844                     /usr/lib64/gio/modules/libdconfsettings.so
7f48f68ca000-7f48f690b000 rw-p 00000000 00:00 0 
7f48f690b000-7f48f6acb000 ---p 00000000 00:00 0 
7f48f6acb000-7f48f6ad0000 r-xp 00000000 08:07 19425                      /usr/lib64/libXtst.so.6.1.0
7f48f6ad0000-7f48f6ccf000 ---p 00005000 08:07 19425                      /usr/lib64/libXtst.so.6.1.0
7f48f6ccf000-7f48f6cd0000 r--p 00004000 08:07 19425                      /usr/lib64/libXtst.so.6.1.0
7f48f6cd0000-7f48f6cd1000 rw-p 00005000 08:07 19425                      /usr/lib64/libXtst.so.6.1.0
7f48f6cd1000-7f48f6cd2000 r-xp 00000000 08:07 18158                      /usr/lib64/libgthread-2.0.so.0.5600.3
7f48f6cd2000-7f48f6ed1000 ---p 00001000 08:07 18158                      /usr/lib64/libgthread-2.0.so.0.5600.3
7f48f6ed1000-7f48f6ed2000 r--p 00000000 08:07 18158                      /usr/lib64/libgthread-2.0.so.0.5600.3
7f48f6ed2000-7f48f6ed3000 rw-p 00000000 00:00 0 
7f48f6ed3000-7f48f6f16000 r-xp 00000000 08:06 3407878                    /home/mauricioriva/javafx/openjfx-11.0.1_linux-x64_bin-sdk/javafx-sdk-11.0.1/lib/libglassgtk3.so
7f48f6f16000-7f48f7116000 ---p 00043000 08:06 3407878                    /home/mauricioriva/javafx/openjfx-11.0.1_linux-x64_bin-sdk/javafx-sdk-11.0.1/lib/libglassgtk3.so
7f48f7116000-7f48f7118000 r--p 00043000 08:06 3407878                    /home/mauricioriva/javafx/openjfx-11.0.1_linux-x64_bin-sdk/javafx-sdk-11.0.1/lib/libglassgtk3.so
7f48f7118000-7f48f7119000 rw-p 00045000 08:06 3407878                    /home/mauricioriva/javafx/openjfx-11.0.1_linux-x64_bin-sdk/javafx-sdk-11.0.1/lib/libglassgtk3.so
7f48f7119000-7f48f711a000 rw-p 00000000 00:00 0 
7f48f711a000-7f48f7139000 r-xp 00000000 08:07 18109                      /usr/lib64/libgpg-error.so.0.24.2
7f48f7139000-7f48f7338000 ---p 0001f000 08:07 18109                      /usr/lib64/libgpg-error.so.0.24.2
7f48f7338000-7f48f7339000 r--p 0001e000 08:07 18109                      /usr/lib64/libgpg-error.so.0.24.2
7f48f7339000-7f48f733a000 rw-p 0001f000 08:07 18109                      /usr/lib64/libgpg-error.so.0.24.2
7f48f733a000-7f48f744f000 r-xp 00000000 08:07 18055                      /usr/lib64/libgcrypt.so.20.2.3
7f48f744f000-7f48f764e000 ---p 00115000 08:07 18055                      /usr/lib64/libgcrypt.so.20.2.3
7f48f764e000-7f48f7650000 r--p 00114000 08:07 18055                      /usr/lib64/libgcrypt.so.20.2.3
7f48f7650000-7f48f7655000 rw-p 00116000 08:07 18055                      /usr/lib64/libgcrypt.so.20.2.3
7f48f7655000-7f48f7659000 r-xp 00000000 08:07 19534                      /usr/lib64/libcap.so.2.25
7f48f7659000-7f48f7858000 ---p 00004000 08:07 19534                      /usr/lib64/libcap.so.2.25
7f48f7858000-7f48f7859000 r--p 00003000 08:07 19534                      /usr/lib64/libcap.so.2.25
7f48f7859000-7f48f785a000 rw-p 00004000 08:07 19534                      /usr/lib64/libcap.so.2.25
7f48f785a000-7f48f7870000 r-xp 00000000 08:07 19953                      /usr/lib64/liblz4.so.1.8.1
7f48f7870000-7f48f7a6f000 ---p 00016000 08:07 19953                      /usr/lib64/liblz4.so.1.8.1
7f48f7a6f000-7f48f7a70000 r--p 00015000 08:07 19953                      /usr/lib64/liblz4.so.1.8.1
7f48f7a70000-7f48f7a71000 rw-p 00000000 00:00 0 
7f48f7a71000-7f48f7a96000 r-xp 00000000 08:07 18278                      /usr/lib64/liblzma.so.5.2.4
7f48f7a96000-7f48f7c96000 ---p 00025000 08:07 18278                      /usr/lib64/liblzma.so.5.2.4
7f48f7c96000-7f48f7c97000 r--p 00025000 08:07 18278                      /usr/lib64/liblzma.so.5.2.4
7f48f7c97000-7f48f7c98000 rw-p 00000000 00:00 0 
7f48f7c98000-7f48f7ce3000 r-xp 00000000 08:07 17855                      /usr/lib64/libblkid.so.1.1.0
7f48f7ce3000-7f48f7ee2000 ---p 0004b000 08:07 17855                      /usr/lib64/libblkid.so.1.1.0
7f48f7ee2000-7f48f7ee7000 r--p 0004a000 08:07 17855                      /usr/lib64/libblkid.so.1.1.0
7f48f7ee7000-7f48f7ee8000 rw-p 0004f000 08:07 17855                      /usr/lib64/libblkid.so.1.1.0
7f48f7ee8000-7f48f7ee9000 rw-p 00000000 00:00 0 
7f48f7ee9000-7f48f7eef000 r-xp 00000000 08:07 19600                      /usr/lib64/libdatrie.so.1.3.2
7f48f7eef000-7f48f80ee000 ---p 00006000 08:07 19600                      /usr/lib64/libdatrie.so.1.3.2
7f48f80ee000-7f48f80ef000 r--p 00005000 08:07 19600                      /usr/lib64/libdatrie.so.1.3.2
7f48f80ef000-7f48f80f0000 rw-p 00000000 00:00 0 
7f48f80f0000-7f48f811a000 r-xp 00000000 08:07 19780                      /usr/lib64/libgraphite2.so.3.0.1
7f48f811a000-7f48f8319000 ---p 0002a000 08:07 19780                      /usr/lib64/libgraphite2.so.3.0.1
7f48f8319000-7f48f831b000 r--p 00029000 08:07 19780                      /usr/lib64/libgraphite2.so.3.0.1
7f48f831b000-7f48f831c000 rw-p 00000000 00:00 0 
7f48f831c000-7f48f83b5000 r-xp 00000000 08:07 18536                      /usr/lib64/libsystemd.so.0.22.0
7f48f83b5000-7f48f85b4000 ---p 00099000 08:07 18536                      /usr/lib64/libsystemd.so.0.22.0
7f48f85b4000-7f48f85b7000 r--p 00098000 08:07 18536                      /usr/lib64/libsystemd.so.0.22.0
7f48f85b7000-7f48f85b8000 rw-p 0009b000 08:07 18536                      /usr/lib64/libsystemd.so.0.22.0
7f48f85b8000-7f48f85b9000 rw-p 00000000 00:00 0 
7f48f85b9000-7f48f85c9000 r-xp 00000000 08:07 19519                      /usr/lib64/libbz2.so.1.0.6
7f48f85c9000-7f48f87c8000 ---p 00010000 08:07 19519                      /usr/lib64/libbz2.so.1.0.6
7f48f87c8000-7f48f87c9000 r--p 0000f000 08:07 19519                      /usr/lib64/libbz2.so.1.0.6
7f48f87c9000-7f48f87ca000 rw-p 00010000 08:07 19519                      /usr/lib64/libbz2.so.1.0.6
7f48f87ca000-7f48f8820000 r-xp 00000000 08:07 18299                      /usr/lib64/libmount.so.1.1.0
7f48f8820000-7f48f8a1f000 ---p 00056000 08:07 18299                      /usr/lib64/libmount.so.1.1.0
7f48f8a1f000-7f48f8a22000 r--p 00055000 08:07 18299                      /usr/lib64/libmount.so.1.1.0
7f48f8a22000-7f48f8a23000 rw-p 00058000 08:07 18299                      /usr/lib64/libmount.so.1.1.0
7f48f8a23000-7f48f8a24000 rw-p 00000000 00:00 0 
7f48f8a24000-7f48f8a37000 r-xp 00000000 08:07 18425                      /usr/lib64/libresolv-2.27.so
7f48f8a37000-7f48f8c37000 ---p 00013000 08:07 18425                      /usr/lib64/libresolv-2.27.so
7f48f8c37000-7f48f8c38000 r--p 00013000 08:07 18425                      /usr/lib64/libresolv-2.27.so
7f48f8c38000-7f48f8c39000 rw-p 00014000 08:07 18425                      /usr/lib64/libresolv-2.27.so
7f48f8c39000-7f48f8c3b000 rw-p 00000000 00:00 0 
7f48f8c3b000-7f48f8c41000 r-xp 00000000 08:07 18598                      /usr/lib64/libuuid.so.1.3.0
7f48f8c41000-7f48f8e40000 ---p 00006000 08:07 18598                      /usr/lib64/libuuid.so.1.3.0
7f48f8e40000-7f48f8e41000 r--p 00005000 08:07 18598                      /usr/lib64/libuuid.so.1.3.0
7f48f8e41000-7f48f8e42000 rw-p 00000000 00:00 0 
7f48f8e42000-7f48f8e5d000 r-xp 00000000 08:07 18036                      /usr/lib64/libfribidi.so.0.4.0
7f48f8e5d000-7f48f905c000 ---p 0001b000 08:07 18036                      /usr/lib64/libfribidi.so.0.4.0
7f48f905c000-7f48f905d000 r--p 0001a000 08:07 18036                      /usr/lib64/libfribidi.so.0.4.0
7f48f905d000-7f48f905e000 rw-p 0001b000 08:07 18036                      /usr/lib64/libfribidi.so.0.4.0
7f48f905e000-7f48f9066000 r-xp 00000000 08:07 18549                      /usr/lib64/libthai.so.0.3.1
7f48f9066000-7f48f9266000 ---p 00008000 08:07 18549                      /usr/lib64/libthai.so.0.3.1
7f48f9266000-7f48f9267000 r--p 00008000 08:07 18549                      /usr/lib64/libthai.so.0.3.1
7f48f9267000-7f48f9268000 rw-p 00009000 08:07 18549                      /usr/lib64/libthai.so.0.3.1
7f48f9268000-7f48f930a000 r-xp 00000000 08:07 19847                      /usr/lib64/libharfbuzz.so.0.10705.0
7f48f930a000-7f48f950a000 ---p 000a2000 08:07 19847                      /usr/lib64/libharfbuzz.so.0.10705.0
7f48f950a000-7f48f950c000 r--p 000a2000 08:07 19847                      /usr/lib64/libharfbuzz.so.0.10705.0
7f48f950c000-7f48f950d000 rw-p 000a4000 08:07 19847                      /usr/lib64/libharfbuzz.so.0.10705.0
7f48f950d000-7f48f9514000 r-xp 00000000 08:07 19677                      /usr/lib64/libffi.so.6.0.2
7f48f9514000-7f48f9714000 ---p 00007000 08:07 19677                      /usr/lib64/libffi.so.6.0.2
7f48f9714000-7f48f9715000 r--p 00007000 08:07 19677                      /usr/lib64/libffi.so.6.0.2
7f48f9715000-7f48f9716000 rw-p 00008000 08:07 19677                      /usr/lib64/libffi.so.6.0.2
7f48f9716000-7f48f9766000 r-xp 00000000 08:07 17942                      /usr/lib64/libdbus-1.so.3.19.8
7f48f9766000-7f48f9965000 ---p 00050000 08:07 17942                      /usr/lib64/libdbus-1.so.3.19.8
7f48f9965000-7f48f9967000 r--p 0004f000 08:07 17942                      /usr/lib64/libdbus-1.so.3.19.8
7f48f9967000-7f48f9968000 rw-p 00051000 08:07 17942                      /usr/lib64/libdbus-1.so.3.19.8
7f48f9968000-7f48f9996000 r-xp 00000000 08:07 19464                      /usr/lib64/libatspi.so.0.0.1
7f48f9996000-7f48f9b95000 ---p 0002e000 08:07 19464                      /usr/lib64/libatspi.so.0.0.1
7f48f9b95000-7f48f9b99000 r--p 0002d000 08:07 19464                      /usr/lib64/libatspi.so.0.0.1
7f48f9b99000-7f48f9b9a000 rw-p 00031000 08:07 19464                      /usr/lib64/libatspi.so.0.0.1
7f48f9b9a000-7f48f9ba3000 r-xp 00000000 08:07 19423                      /usr/lib64/libXrender.so.1.3.0
7f48f9ba3000-7f48f9da3000 ---p 00009000 08:07 19423                      /usr/lib64/libXrender.so.1.3.0
7f48f9da3000-7f48f9da4000 r--p 00009000 08:07 19423                      /usr/lib64/libXrender.so.1.3.0
7f48f9da4000-7f48f9da5000 rw-p 0000a000 08:07 19423                      /usr/lib64/libXrender.so.1.3.0
7f48f9da5000-7f48f9db1000 r-xp 00000000 08:07 20394                      /usr/lib64/libxcb-render.so.0.0.0
7f48f9db1000-7f48f9fb1000 ---p 0000c000 08:07 20394                      /usr/lib64/libxcb-render.so.0.0.0
7f48f9fb1000-7f48f9fb2000 r--p 0000c000 08:07 20394                      /usr/lib64/libxcb-render.so.0.0.0
7f48f9fb2000-7f48f9fb3000 rw-p 0000d000 08:07 20394                      /usr/lib64/libxcb-render.so.0.0.0
7f48f9fb3000-7f48f9fb5000 r-xp 00000000 08:07 20398                      /usr/lib64/libxcb-shm.so.0.0.0
7f48f9fb5000-7f48fa1b5000 ---p 00002000 08:07 20398                      /usr/lib64/libxcb-shm.so.0.0.0
7f48fa1b5000-7f48fa1b6000 r--p 00002000 08:07 20398                      /usr/lib64/libxcb-shm.so.0.0.0
7f48fa1b6000-7f48fa1b7000 rw-p 00003000 08:07 20398                      /usr/lib64/libxcb-shm.so.0.0.0
7f48fa1b7000-7f48fa1ea000 r-xp 00000000 08:07 18414                      /usr/lib64/libpng16.so.16.34.0
7f48fa1ea000-7f48fa3e9000 ---p 00033000 08:07 18414                      /usr/lib64/libpng16.so.16.34.0
7f48fa3e9000-7f48fa3ea000 r--p 00032000 08:07 18414                      /usr/lib64/libpng16.so.16.34.0
7f48fa3ea000-7f48fa3eb000 rw-p 00000000 00:00 0 
7f48fa3eb000-7f48fa488000 r-xp 00000000 08:07 18405                      /usr/lib64/libpixman-1.so.0.34.0
7f48fa488000-7f48fa688000 ---p 0009d000 08:07 18405                      /usr/lib64/libpixman-1.so.0.34.0
7f48fa688000-7f48fa690000 r--p 0009d000 08:07 18405                      /usr/lib64/libpixman-1.so.0.34.0
7f48fa690000-7f48fa691000 rw-p 000a5000 08:07 18405                      /usr/lib64/libpixman-1.so.0.34.0
7f48fa691000-7f48fa740000 r-xp 00000000 08:07 19698                      /usr/lib64/libfreetype.so.6.14.0
7f48fa740000-7f48fa940000 ---p 000af000 08:07 19698                      /usr/lib64/libfreetype.so.6.14.0
7f48fa940000-7f48fa947000 r--p 000af000 08:07 19698                      /usr/lib64/libfreetype.so.6.14.0
7f48fa947000-7f48fa948000 rw-p 00000000 00:00 0 
7f48fa948000-7f48fa9b8000 r-xp 00000000 08:07 18392                      /usr/lib64/libpcre.so.1.2.10
7f48fa9b8000-7f48fabb7000 ---p 00070000 08:07 18392                      /usr/lib64/libpcre.so.1.2.10
7f48fabb7000-7f48fabb8000 r--p 0006f000 08:07 18392                      /usr/lib64/libpcre.so.1.2.10
7f48fabb8000-7f48fabb9000 rw-p 00070000 08:07 18392                      /usr/lib64/libpcre.so.1.2.10
7f48fabb9000-7f48fabba000 r-xp 00000000 08:07 20355                      /usr/lib64/libwayland-egl.so.1.0.0
7f48fabba000-7f48fadb9000 ---p 00001000 08:07 20355                      /usr/lib64/libwayland-egl.so.1.0.0
7f48fadb9000-7f48fadba000 r--p 00000000 08:07 20355                      /usr/lib64/libwayland-egl.so.1.0.0
7f48fadba000-7f48fadbb000 rw-p 00000000 00:00 0 
7f48fadbb000-7f48fadbf000 r-xp 00000000 08:07 20354                      /usr/lib64/libwayland-cursor.so.0.0.0
7f48fadbf000-7f48fafbe000 ---p 00004000 08:07 20354                      /usr/lib64/libwayland-cursor.so.0.0.0
7f48fafbe000-7f48fafbf000 r--p 00003000 08:07 20354                      /usr/lib64/libwayland-cursor.so.0.0.0
7f48fafbf000-7f48fafc3000 rw-p 00004000 08:07 20354                      /usr/lib64/libwayland-cursor.so.0.0.0
7f48fafc3000-7f48fb001000 r-xp 00000000 08:07 18695                      /usr/lib64/libxkbcommon.so.0.0.0
7f48fb001000-7f48fb200000 ---p 0003e000 08:07 18695                      /usr/lib64/libxkbcommon.so.0.0.0
7f48fb200000-7f48fb202000 r--p 0003d000 08:07 18695                      /usr/lib64/libxkbcommon.so.0.0.0
7f48fb202000-7f48fb203000 rw-p 00000000 00:00 0 
7f48fb203000-7f48fb205000 r-xp 00000000 08:07 19409                      /usr/lib64/libXcomposite.so.1.0.0
7f48fb205000-7f48fb404000 ---p 00002000 08:07 19409                      /usr/lib64/libXcomposite.so.1.0.0
7f48fb404000-7f48fb405000 r--p 00001000 08:07 19409                      /usr/lib64/libXcomposite.so.1.0.0
7f48fb405000-7f48fb406000 rw-p 00000000 00:00 0 
7f48fb406000-7f48fb40f000 r-xp 00000000 08:07 19410                      /usr/lib64/libXcursor.so.1.0.2
7f48fb40f000-7f48fb60f000 ---p 00009000 08:07 19410                      /usr/lib64/libXcursor.so.1.0.2
7f48fb60f000-7f48fb610000 r--p 00009000 08:07 19410                      /usr/lib64/libXcursor.so.1.0.2
7f48fb610000-7f48fb611000 rw-p 00000000 00:00 0 
7f48fb611000-7f48fb61b000 r-xp 00000000 08:07 19422                      /usr/lib64/libXrandr.so.2.2.0
7f48fb61b000-7f48fb81a000 ---p 0000a000 08:07 19422                      /usr/lib64/libXrandr.so.2.2.0
7f48fb81a000-7f48fb81b000 r--p 00009000 08:07 19422                      /usr/lib64/libXrandr.so.2.2.0
7f48fb81b000-7f48fb81c000 rw-p 0000a000 08:07 19422                      /usr/lib64/libXrandr.so.2.2.0
7f48fb81c000-7f48fb81e000 r-xp 00000000 08:07 19418                      /usr/lib64/libXinerama.so.1.0.0
7f48fb81e000-7f48fba1d000 ---p 00002000 08:07 19418                      /usr/lib64/libXinerama.so.1.0.0
7f48fba1d000-7f48fba1e000 r--p 00001000 08:07 19418                      /usr/lib64/libXinerama.so.1.0.0
7f48fba1e000-7f48fba1f000 rw-p 00002000 08:07 19418                      /usr/lib64/libXinerama.so.1.0.0
7f48fba1f000-7f48fbb34000 r-xp 00000000 08:07 18087                      /usr/lib64/libglib-2.0.so.0.5600.3
7f48fbb34000-7f48fbd34000 ---p 00115000 08:07 18087                      /usr/lib64/libglib-2.0.so.0.5600.3
7f48fbd34000-7f48fbd35000 r--p 00115000 08:07 18087                      /usr/lib64/libglib-2.0.so.0.5600.3
7f48fbd35000-7f48fbd36000 rw-p 00116000 08:07 18087                      /usr/lib64/libglib-2.0.so.0.5600.3
7f48fbd36000-7f48fbd37000 rw-p 00000000 00:00 0 
7f48fbd37000-7f48fbd88000 r-xp 00000000 08:07 18105                      /usr/lib64/libgobject-2.0.so.0.5600.3
7f48fbd88000-7f48fbf87000 ---p 00051000 08:07 18105                      /usr/lib64/libgobject-2.0.so.0.5600.3
7f48fbf87000-7f48fbf88000 r--p 00050000 08:07 18105                      /usr/lib64/libgobject-2.0.so.0.5600.3
7f48fbf88000-7f48fbf89000 rw-p 00051000 08:07 18105                      /usr/lib64/libgobject-2.0.so.0.5600.3
7f48fbf89000-7f48fc124000 r-xp 00000000 08:07 18081                      /usr/lib64/libgio-2.0.so.0.5600.3
7f48fc124000-7f48fc324000 ---p 0019b000 08:07 18081                      /usr/lib64/libgio-2.0.so.0.5600.3
7f48fc324000-7f48fc32b000 r--p 0019b000 08:07 18081                      /usr/lib64/libgio-2.0.so.0.5600.3
7f48fc32b000-7f48fc32c000 rw-p 001a2000 08:07 18081                      /usr/lib64/libgio-2.0.so.0.5600.3
7f48fc32c000-7f48fc32e000 rw-p 00000000 00:00 0 
7f48fc32e000-7f48fc36f000 r-xp 00000000 08:07 18028                      /usr/lib64/libfontconfig.so.1.11.1
7f48fc36f000-7f48fc56f000 ---p 00041000 08:07 18028                      /usr/lib64/libfontconfig.so.1.11.1
7f48fc56f000-7f48fc571000 r--p 00041000 08:07 18028                      /usr/lib64/libfontconfig.so.1.11.1
7f48fc571000-7f48fc572000 rw-p 00043000 08:07 18028                      /usr/lib64/libfontconfig.so.1.11.1
7f48fc572000-7f48fc5b6000 r-xp 00000000 08:07 18379                      /usr/lib64/libpango-1.0.so.0.4200.3
7f48fc5b6000-7f48fc7b5000 ---p 00044000 08:07 18379                      /usr/lib64/libpango-1.0.so.0.4200.3
7f48fc7b5000-7f48fc7b8000 r--p 00043000 08:07 18379                      /usr/lib64/libpango-1.0.so.0.4200.3
7f48fc7b8000-7f48fc7b9000 rw-p 00046000 08:07 18379                      /usr/lib64/libpango-1.0.so.0.4200.3
7f48fc7b9000-7f48fc7cd000 r-xp 00000000 08:07 18381                      /usr/lib64/libpangoft2-1.0.so.0.4200.3
7f48fc7cd000-7f48fc9cd000 ---p 00014000 08:07 18381                      /usr/lib64/libpangoft2-1.0.so.0.4200.3
7f48fc9cd000-7f48fc9ce000 r--p 00014000 08:07 18381                      /usr/lib64/libpangoft2-1.0.so.0.4200.3
7f48fc9ce000-7f48fc9cf000 rw-p 00000000 00:00 0 
7f48fc9cf000-7f48fcaf3000 r-xp 00000000 08:07 17995                      /usr/lib64/libepoxy.so.0.0.0
7f48fcaf3000-7f48fccf2000 ---p 00124000 08:07 17995                      /usr/lib64/libepoxy.so.0.0.0
7f48fccf2000-7f48fccfa000 r--p 00123000 08:07 17995                      /usr/lib64/libepoxy.so.0.0.0
7f48fccfa000-7f48fcd01000 rw-p 0012b000 08:07 17995                      /usr/lib64/libepoxy.so.0.0.0
7f48fcd01000-7f48fcd0e000 r-xp 00000000 08:07 20353                      /usr/lib64/libwayland-client.so.0.3.0
7f48fcd0e000-7f48fcf0d000 ---p 0000d000 08:07 20353                      /usr/lib64/libwayland-client.so.0.3.0
7f48fcf0d000-7f48fcf0f000 r--p 0000c000 08:07 20353                      /usr/lib64/libwayland-client.so.0.3.0
7f48fcf0f000-7f48fcf10000 rw-p 0000e000 08:07 20353                      /usr/lib64/libwayland-client.so.0.3.0
7f48fcf10000-7f48fcf3d000 r-xp 00000000 08:07 19459                      /usr/lib64/libatk-bridge-2.0.so.0.0.0
7f48fcf3d000-7f48fd13d000 ---p 0002d000 08:07 19459                      /usr/lib64/libatk-bridge-2.0.so.0.0.0
7f48fd13d000-7f48fd13e000 r--p 0002d000 08:07 19459                      /usr/lib64/libatk-bridge-2.0.so.0.0.0
7f48fd13e000-7f48fd13f000 rw-p 0002e000 08:07 19459                      /usr/lib64/libatk-bridge-2.0.so.0.0.0
7f48fd13f000-7f48fd140000 rw-p 00000000 00:00 0 
7f48fd140000-7f48fd163000 r-xp 00000000 08:07 19458                      /usr/lib64/libatk-1.0.so.0.22810.1
7f48fd163000-7f48fd363000 ---p 00023000 08:07 19458                      /usr/lib64/libatk-1.0.so.0.22810.1
7f48fd363000-7f48fd366000 r--p 00023000 08:07 19458                      /usr/lib64/libatk-1.0.so.0.22810.1
7f48fd366000-7f48fd367000 rw-p 00026000 08:07 19458                      /usr/lib64/libatk-1.0.so.0.22810.1
7f48fd367000-7f48fd38e000 r-xp 00000000 08:07 19725                      /usr/lib64/libgdk_pixbuf-2.0.so.0.3612.0
7f48fd38e000-7f48fd58d000 ---p 00027000 08:07 19725                      /usr/lib64/libgdk_pixbuf-2.0.so.0.3612.0
7f48fd58d000-7f48fd58e000 r--p 00026000 08:07 19725                      /usr/lib64/libgdk_pixbuf-2.0.so.0.3612.0
7f48fd58e000-7f48fd58f000 rw-p 00027000 08:07 19725                      /usr/lib64/libgdk_pixbuf-2.0.so.0.3612.0
7f48fd58f000-7f48fd6aa000 r-xp 00000000 08:07 17871                      /usr/lib64/libcairo.so.2.11512.0
7f48fd6aa000-7f48fd8a9000 ---p 0011b000 08:07 17871                      /usr/lib64/libcairo.so.2.11512.0
7f48fd8a9000-7f48fd8ad000 r--p 0011a000 08:07 17871                      /usr/lib64/libcairo.so.2.11512.0
7f48fd8ad000-7f48fd8ae000 rw-p 0011e000 08:07 17871                      /usr/lib64/libcairo.so.2.11512.0
7f48fd8ae000-7f48fd8af000 rw-p 00000000 00:00 0 
7f48fd8af000-7f48fd8b6000 r-xp 00000000 08:07 17869                      /usr/lib64/libcairo-gobject.so.2.11512.0
7f48fd8b6000-7f48fdab5000 ---p 00007000 08:07 17869                      /usr/lib64/libcairo-gobject.so.2.11512.0
7f48fdab5000-7f48fdab7000 r--p 00006000 08:07 17869                      /usr/lib64/libcairo-gobject.so.2.11512.0
7f48fdab7000-7f48fdab8000 rw-p 00000000 00:00 0 
7f48fdab8000-7f48fdac8000 r-xp 00000000 08:07 19417                      /usr/lib64/libXi.so.6.1.0
7f48fdac8000-7f48fdcc7000 ---p 00010000 08:07 19417                      /usr/lib64/libXi.so.6.1.0
7f48fdcc7000-7f48fdcc8000 r--p 0000f000 08:07 19417                      /usr/lib64/libXi.so.6.1.0
7f48fdcc8000-7f48fdcc9000 rw-p 00010000 08:07 19417                      /usr/lib64/libXi.so.6.1.0
7f48fdcc9000-7f48fdcd5000 r-xp 00000000 08:07 18380                      /usr/lib64/libpangocairo-1.0.so.0.4200.3
7f48fdcd5000-7f48fded5000 ---p 0000c000 08:07 18380                      /usr/lib64/libpangocairo-1.0.so.0.4200.3
7f48fded5000-7f48fded6000 r--p 0000c000 08:07 18380                      /usr/lib64/libpangocairo-1.0.so.0.4200.3
7f48fded6000-7f48fded7000 rw-p 0000d000 08:07 18380                      /usr/lib64/libpangocairo-1.0.so.0.4200.3
7f48fded7000-7f48fdeda000 r-xp 00000000 08:07 18092                      /usr/lib64/libgmodule-2.0.so.0.5600.3
7f48fdeda000-7f48fe0d9000 ---p 00003000 08:07 18092                      /usr/lib64/libgmodule-2.0.so.0.5600.3
7f48fe0d9000-7f48fe0da000 r--p 00002000 08:07 18092                      /usr/lib64/libgmodule-2.0.so.0.5600.3
7f48fe0da000-7f48fe0db000 rw-p 00003000 08:07 18092                      /usr/lib64/libgmodule-2.0.so.0.5600.3
7f48fe0db000-7f48fe1c9000 r-xp 00000000 08:07 19723                      /usr/lib64/libgdk-3.so.0.2200.30
7f48fe1c9000-7f48fe3c9000 ---p 000ee000 08:07 19723                      /usr/lib64/libgdk-3.so.0.2200.30
7f48fe3c9000-7f48fe3d1000 r--p 000ee000 08:07 19723                      /usr/lib64/libgdk-3.so.0.2200.30
7f48fe3d1000-7f48fe3d3000 rw-p 000f6000 08:07 19723                      /usr/lib64/libgdk-3.so.0.2200.30
7f48fe3d3000-7f48fead3000 r-xp 00000000 08:07 19824                      /usr/lib64/libgtk-3.so.0.2200.30
7f48fead3000-7f48fecd2000 ---p 00700000 08:07 19824                      /usr/lib64/libgtk-3.so.0.2200.30
7f48fecd2000-7f48fece2000 r--p 006ff000 08:07 19824                      /usr/lib64/libgtk-3.so.0.2200.30
7f48fece2000-7f48fece4000 rw-p 0070f000 08:07 19824                      /usr/lib64/libgtk-3.so.0.2200.30
7f48fece4000-7f48fece9000 rw-p 00000000 00:00 0 
7f48fece9000-7f48fecea000 r-xp 00000000 08:06 3407884                    /home/mauricioriva/javafx/openjfx-11.0.1_linux-x64_bin-sdk/javafx-sdk-11.0.1/lib/libglass.so
7f48fecea000-7f48feeea000 ---p 00001000 08:06 3407884                    /home/mauricioriva/javafx/openjfx-11.0.1_linux-x64_bin-sdk/javafx-sdk-11.0.1/lib/libglass.so
7f48feeea000-7f48feeeb000 r--p 00001000 08:06 3407884                    /home/mauricioriva/javafx/openjfx-11.0.1_linux-x64_bin-sdk/javafx-sdk-11.0.1/lib/libglass.so
7f48feeeb000-7f48feeec000 rw-p 00002000 08:06 3407884                    /home/mauricioriva/javafx/openjfx-11.0.1_linux-x64_bin-sdk/javafx-sdk-11.0.1/lib/libglass.so
7f48feeec000-7f48feef4000 r-xp 00000000 08:07 20093                      /usr/lib64/libpciaccess.so.0.11.1
7f48feef4000-7f48ff0f4000 ---p 00008000 08:07 20093                      /usr/lib64/libpciaccess.so.0.11.1
7f48ff0f4000-7f48ff0f5000 r--p 00008000 08:07 20093                      /usr/lib64/libpciaccess.so.0.11.1
7f48ff0f5000-7f48ff0f6000 rw-p 00000000 00:00 0 
7f48ff0f6000-7f48ff279000 r-xp 00000000 08:07 18531                      /usr/lib64/libstdc++.so.6.0.25
7f48ff279000-7f48ff478000 ---p 00183000 08:07 18531                      /usr/lib64/libstdc++.so.6.0.25
7f48ff478000-7f48ff482000 r--p 00182000 08:07 18531                      /usr/lib64/libstdc++.so.6.0.25
7f48ff482000-7f48ff484000 rw-p 0018c000 08:07 18531                      /usr/lib64/libstdc++.so.6.0.25
7f48ff484000-7f48ff488000 rw-p 00000000 00:00 0 
7f48ff488000-7f48ffd01000 r-xp 00000000 08:07 264378                     /usr/lib64/dri/i965_dri.so
7f48ffd01000-7f48fff00000 ---p 00879000 08:07 264378                     /usr/lib64/dri/i965_dri.so
7f48fff00000-7f48fff51000 r--p 00878000 08:07 264378                     /usr/lib64/dri/i965_dri.so
7f48fff51000-7f48fff5b000 rw-p 008c9000 08:07 264378                     /usr/lib64/dri/i965_dri.so
7f48fff5b000-7f4900000000 rw-p 00000000 00:00 0 
7f4900000000-7f4900021000 rw-p 00000000 00:00 0 
7f4900021000-7f4904000000 ---p 00000000 00:00 0 
7f4904000000-7f4904363000 rw-p 00000000 00:00 0 
7f4904363000-7f4908000000 ---p 00000000 00:00 0 
7f4908000000-7f4908358000 rw-p 00000000 00:00 0 
7f4908358000-7f490c000000 ---p 00000000 00:00 0 
7f490c000000-7f490c021000 rw-p 00000000 00:00 0 
7f490c021000-7f4910000000 ---p 00000000 00:00 0 
7f4910000000-7f4910021000 rw-p 00000000 00:00 0 
7f4910021000-7f4914000000 ---p 00000000 00:00 0 
7f4914000000-7f4914021000 rw-p 00000000 00:00 0 
7f4914021000-7f4918000000 ---p 00000000 00:00 0 
7f4918000000-7f49182ca000 rw-p 00000000 00:00 0 
7f49182ca000-7f491c000000 ---p 00000000 00:00 0 
7f491c000000-7f491c1c1000 rw-p 00000000 00:00 0 
7f491c1c1000-7f4920000000 ---p 00000000 00:00 0 
7f4920000000-7f4920021000 rw-p 00000000 00:00 0 
7f4920021000-7f4924000000 ---p 00000000 00:00 0 
7f49240c8000-7f49240df000 r-xp 00000000 08:07 23782                      /usr/lib64/libgcc_s-8-20181011.so.1
7f49240df000-7f49242de000 ---p 00017000 08:07 23782                      /usr/lib64/libgcc_s-8-20181011.so.1
7f49242de000-7f49242df000 r--p 00016000 08:07 23782                      /usr/lib64/libgcc_s-8-20181011.so.1
7f49242df000-7f49242e0000 rw-p 00017000 08:07 23782                      /usr/lib64/libgcc_s-8-20181011.so.1
7f49242e0000-7f49242eb000 r-xp 00000000 08:07 17971                      /usr/lib64/libdrm_radeon.so.1.0.1
7f49242eb000-7f49244ea000 ---p 0000b000 08:07 17971                      /usr/lib64/libdrm_radeon.so.1.0.1
7f49244ea000-7f49244eb000 r--p 0000a000 08:07 17971                      /usr/lib64/libdrm_radeon.so.1.0.1
7f49244eb000-7f49244ec000 rw-p 00000000 00:00 0 
7f49244ec000-7f49244f3000 r-xp 00000000 08:07 17970                      /usr/lib64/libdrm_nouveau.so.2.0.0
7f49244f3000-7f49246f3000 ---p 00007000 08:07 17970                      /usr/lib64/libdrm_nouveau.so.2.0.0
7f49246f3000-7f49246f4000 r--p 00007000 08:07 17970                      /usr/lib64/libdrm_nouveau.so.2.0.0
7f49246f4000-7f49246f5000 rw-p 00000000 00:00 0 
7f49246f5000-7f4924717000 r-xp 00000000 08:07 17969                      /usr/lib64/libdrm_intel.so.1.0.0
7f4924717000-7f4924916000 ---p 00022000 08:07 17969                      /usr/lib64/libdrm_intel.so.1.0.0
7f4924916000-7f4924917000 r--p 00021000 08:07 17969                      /usr/lib64/libdrm_intel.so.1.0.0
7f4924917000-7f4924918000 rw-p 00022000 08:07 17969                      /usr/lib64/libdrm_intel.so.1.0.0
7f4924918000-7f492499a000 r-xp 00000000 08:07 18394                      /usr/lib64/libpcre2-8.so.0.7.1
7f492499a000-7f4924b9a000 ---p 00082000 08:07 18394                      /usr/lib64/libpcre2-8.so.0.7.1
7f4924b9a000-7f4924b9b000 r--p 00082000 08:07 18394                      /usr/lib64/libpcre2-8.so.0.7.1
7f4924b9b000-7f4924b9c000 rw-p 00083000 08:07 18394                      /usr/lib64/libpcre2-8.so.0.7.1
7f4924b9c000-7f4924bac000 r-xp 00000000 08:07 17967                      /usr/lib64/libdrm.so.2.4.0
7f4924bac000-7f4924dab000 ---p 00010000 08:07 17967                      /usr/lib64/libdrm.so.2.4.0
7f4924dab000-7f4924dac000 r--p 0000f000 08:07 17967                      /usr/lib64/libdrm.so.2.4.0
7f4924dac000-7f4924dad000 rw-p 00000000 00:00 0 
7f4924dad000-7f4924db2000 r-xp 00000000 08:07 19431                      /usr/lib64/libXxf86vm.so.1.0.0
7f4924db2000-7f4924fb1000 ---p 00005000 08:07 19431                      /usr/lib64/libXxf86vm.so.1.0.0
7f4924fb1000-7f4924fb2000 r--p 00004000 08:07 19431                      /usr/lib64/libXxf86vm.so.1.0.0
7f4924fb2000-7f4924fb3000 rw-p 00005000 08:07 19431                      /usr/lib64/libXxf86vm.so.1.0.0
7f4924fb3000-7f4924fb7000 r-xp 00000000 08:07 20383                      /usr/lib64/libxcb-dri2.so.0.0.0
7f4924fb7000-7f49251b6000 ---p 00004000 08:07 20383                      /usr/lib64/libxcb-dri2.so.0.0.0
7f49251b6000-7f49251b7000 r--p 00003000 08:07 20383                      /usr/lib64/libxcb-dri2.so.0.0.0
7f49251b7000-7f49251b8000 rw-p 00004000 08:07 20383                      /usr/lib64/libxcb-dri2.so.0.0.0
7f49251b8000-7f49251d0000 r-xp 00000000 08:07 20386                      /usr/lib64/libxcb-glx.so.0.0.0
7f49251d0000-7f49253d0000 ---p 00018000 08:07 20386                      /usr/lib64/libxcb-glx.so.0.0.0
7f49253d0000-7f49253d2000 r--p 00018000 08:07 20386                      /usr/lib64/libxcb-glx.so.0.0.0
7f49253d2000-7f49253d3000 rw-p 0001a000 08:07 20386                      /usr/lib64/libxcb-glx.so.0.0.0
7f49253d3000-7f49253d4000 r-xp 00000000 08:07 19405                      /usr/lib64/libX11-xcb.so.1.0.0
7f49253d4000-7f49255d3000 ---p 00001000 08:07 19405                      /usr/lib64/libX11-xcb.so.1.0.0
7f49255d3000-7f49255d4000 r--p 00000000 08:07 19405                      /usr/lib64/libX11-xcb.so.1.0.0
7f49255d4000-7f49255d5000 rw-p 00000000 00:00 0 
7f49255d5000-7f49255da000 r-xp 00000000 08:07 19414                      /usr/lib64/libXfixes.so.3.1.0
7f49255da000-7f49257d9000 ---p 00005000 08:07 19414                      /usr/lib64/libXfixes.so.3.1.0
7f49257d9000-7f49257da000 r--p 00004000 08:07 19414                      /usr/lib64/libXfixes.so.3.1.0
7f49257da000-7f49257db000 rw-p 00005000 08:07 19414                      /usr/lib64/libXfixes.so.3.1.0
7f49257db000-7f49257dd000 r-xp 00000000 08:07 19411                      /usr/lib64/libXdamage.so.1.1.0
7f49257dd000-7f49259dc000 ---p 00002000 08:07 19411                      /usr/lib64/libXdamage.so.1.1.0
7f49259dc000-7f49259dd000 r--p 00001000 08:07 19411                      /usr/lib64/libXdamage.so.1.1.0
7f49259dd000-7f49259de000 rw-p 00000000 00:00 0 
7f49259de000-7f4925a04000 r-xp 00000000 08:07 19272                      /usr/lib64/libselinux.so.1
7f4925a04000-7f4925c03000 ---p 00026000 08:07 19272                      /usr/lib64/libselinux.so.1
7f4925c03000-7f4925c04000 r--p 00025000 08:07 19272                      /usr/lib64/libselinux.so.1
7f4925c04000-7f4925c05000 rw-p 00026000 08:07 19272                      /usr/lib64/libselinux.so.1
7f4925c05000-7f4925c07000 rw-p 00000000 00:00 0 
7f4925c07000-7f4925c33000 r-xp 00000000 08:07 18086                      /usr/lib64/libglapi.so.0.0.0
7f4925c33000-7f4925e32000 ---p 0002c000 08:07 18086                      /usr/lib64/libglapi.so.0.0.0
7f4925e32000-7f4925e36000 r--p 0002b000 08:07 18086                      /usr/lib64/libglapi.so.0.0.0
7f4925e36000-7f4925e37000 rw-p 0002f000 08:07 18086                      /usr/lib64/libglapi.so.0.0.0
7f4925e37000-7f4925e38000 rw-p 00000000 00:00 0 
7f4925e38000-7f4925e39000 r-xp 00000000 08:07 20442                      /usr/lib64/libxshmfence.so.1.0.0
7f4925e39000-7f4926039000 ---p 00001000 08:07 20442                      /usr/lib64/libxshmfence.so.1.0.0
7f4926039000-7f492603a000 r--p 00001000 08:07 20442                      /usr/lib64/libxshmfence.so.1.0.0
7f492603a000-7f492603b000 rw-p 00000000 00:00 0 
7f492603b000-7f4926041000 r-xp 00000000 08:07 20399                      /usr/lib64/libxcb-sync.so.1.0.0
7f4926041000-7f4926240000 ---p 00006000 08:07 20399                      /usr/lib64/libxcb-sync.so.1.0.0
7f4926240000-7f4926241000 r--p 00005000 08:07 20399                      /usr/lib64/libxcb-sync.so.1.0.0
7f4926241000-7f4926242000 rw-p 00006000 08:07 20399                      /usr/lib64/libxcb-sync.so.1.0.0
7f4926242000-7f4926244000 r-xp 00000000 08:07 20390                      /usr/lib64/libxcb-present.so.0.0.0
7f4926244000-7f4926443000 ---p 00002000 08:07 20390                      /usr/lib64/libxcb-present.so.0.0.0
7f4926443000-7f4926444000 r--p 00001000 08:07 20390                      /usr/lib64/libxcb-present.so.0.0.0
7f4926444000-7f4926445000 rw-p 00002000 08:07 20390                      /usr/lib64/libxcb-present.so.0.0.0
7f4926445000-7f492644c000 r-xp 00000000 08:07 20402                      /usr/lib64/libxcb-xfixes.so.0.0.0
7f492644c000-7f492664b000 ---p 00007000 08:07 20402                      /usr/lib64/libxcb-xfixes.so.0.0.0
7f492664b000-7f492664c000 r--p 00006000 08:07 20402                      /usr/lib64/libxcb-xfixes.so.0.0.0
7f492664c000-7f492664d000 rw-p 00007000 08:07 20402                      /usr/lib64/libxcb-xfixes.so.0.0.0
7f492664d000-7f4926650000 r-xp 00000000 08:07 20384                      /usr/lib64/libxcb-dri3.so.0.0.0
7f4926650000-7f4926850000 ---p 00003000 08:07 20384                      /usr/lib64/libxcb-dri3.so.0.0.0
7f4926850000-7f4926851000 r--p 00003000 08:07 20384                      /usr/lib64/libxcb-dri3.so.0.0.0
7f4926851000-7f4926852000 rw-p 00004000 08:07 20384                      /usr/lib64/libxcb-dri3.so.0.0.0
7f4926852000-7f492688a000 r-xp 00000000 08:07 19670                      /usr/lib64/libexpat.so.1.6.7
7f492688a000-7f4926a8a000 ---p 00038000 08:07 19670                      /usr/lib64/libexpat.so.1.6.7
7f4926a8a000-7f4926a8c000 r--p 00038000 08:07 19670                      /usr/lib64/libexpat.so.1.6.7
7f4926a8c000-7f4926a8d000 rw-p 00000000 00:00 0 
7f4926a8d000-7f4926aff000 r-xp 00000000 08:07 17665                      /usr/lib64/libGLX_mesa.so.0.0.0
7f4926aff000-7f4926cff000 ---p 00072000 08:07 17665                      /usr/lib64/libGLX_mesa.so.0.0.0
7f4926cff000-7f4926d02000 r--p 00072000 08:07 17665                      /usr/lib64/libGLX_mesa.so.0.0.0
7f4926d02000-7f4926d03000 rw-p 00075000 08:07 17665                      /usr/lib64/libGLX_mesa.so.0.0.0
7f4926d03000-7f4926d05000 r-xp 00000000 08:07 19408                      /usr/lib64/libXau.so.6.0.0
7f4926d05000-7f4926f05000 ---p 00002000 08:07 19408                      /usr/lib64/libXau.so.6.0.0
7f4926f05000-7f4926f06000 r--p 00002000 08:07 19408                      /usr/lib64/libXau.so.6.0.0
7f4926f06000-7f4926f07000 rw-p 00000000 00:00 0 
7f4926f07000-7f4926f77000 r-xp 00000000 08:07 17666                      /usr/lib64/libGLdispatch.so.0.0.0
7f4926f77000-7f4927177000 ---p 00070000 08:07 17666                      /usr/lib64/libGLdispatch.so.0.0.0
7f4927177000-7f49271a0000 r--p 00070000 08:07 17666                      /usr/lib64/libGLdispatch.so.0.0.0
7f49271a0000-7f49271a1000 rw-p 00099000 08:07 17666                      /usr/lib64/libGLdispatch.so.0.0.0
7f49271a1000-7f49271c1000 rw-p 00000000 00:00 0 
7f49271c1000-7f49271d2000 r-xp 00000000 08:07 19413                      /usr/lib64/libXext.so.6.4.0
7f49271d2000-7f49273d1000 ---p 00011000 08:07 19413                      /usr/lib64/libXext.so.6.4.0
7f49273d1000-7f49273d2000 r--p 00010000 08:07 19413                      /usr/lib64/libXext.so.6.4.0
7f49273d2000-7f49273d3000 rw-p 00011000 08:07 19413                      /usr/lib64/libXext.so.6.4.0
7f49273d3000-7f49273e3000 r-xp 00000000 08:07 17663                      /usr/lib64/libGLX.so.0.0.0
7f49273e3000-7f49275e3000 ---p 00010000 08:07 17663                      /usr/lib64/libGLX.so.0.0.0
7f49275e3000-7f49275e4000 r--p 00010000 08:07 17663                      /usr/lib64/libGLX.so.0.0.0
7f49275e4000-7f49275e5000 rw-p 00011000 08:07 17663                      /usr/lib64/libGLX.so.0.0.0
7f49275e5000-7f4927605000 rw-p 00000000 00:00 0 
7f4927605000-7f492762c000 r-xp 00000000 08:07 20410                      /usr/lib64/libxcb.so.1.1.0
7f492762c000-7f492782c000 ---p 00027000 08:07 20410                      /usr/lib64/libxcb.so.1.1.0
7f492782c000-7f492782d000 r--p 00027000 08:07 20410                      /usr/lib64/libxcb.so.1.1.0
7f492782d000-7f492782e000 rw-p 00028000 08:07 20410                      /usr/lib64/libxcb.so.1.1.0
7f492782e000-7f4934000000 r--p 00000000 08:07 1871                       /usr/lib/locale/locale-archive
7f4934000000-7f4934021000 rw-p 00000000 00:00 0 
7f4934021000-7f4938000000 ---p 00000000 00:00 0 
7f4938000000-7f4938021000 rw-p 00000000 00:00 0 
7f4938021000-7f493c000000 ---p 00000000 00:00 0 
7f493c000000-7f493c021000 rw-p 00000000 00:00 0 
7f493c021000-7f4940000000 ---p 00000000 00:00 0 
7f4940000000-7f4940021000 rw-p 00000000 00:00 0 
7f4940021000-7f4944000000 ---p 00000000 00:00 0 
7f4944000000-7f4944021000 rw-p 00000000 00:00 0 
7f4944021000-7f4948000000 ---p 00000000 00:00 0 
7f4948000000-7f4948021000 rw-p 00000000 00:00 0 
7f4948021000-7f494c000000 ---p 00000000 00:00 0 
7f494c0ed000-7f494c162000 r-xp 00000000 08:07 17660                      /usr/lib64/libGL.so.1.7.0
7f494c162000-7f494c361000 ---p 00075000 08:07 17660                      /usr/lib64/libGL.so.1.7.0
7f494c361000-7f494c37c000 r--p 00074000 08:07 17660                      /usr/lib64/libGL.so.1.7.0
7f494c37c000-7f494c37d000 rw-p 0008f000 08:07 17660                      /usr/lib64/libGL.so.1.7.0
7f494c37d000-7f494c37e000 rw-p 00000000 00:00 0 
7f494c37e000-7f494c4b8000 r-xp 00000000 08:07 19406                      /usr/lib64/libX11.so.6.3.0
7f494c4b8000-7f494c6b8000 ---p 0013a000 08:07 19406                      /usr/lib64/libX11.so.6.3.0
7f494c6b8000-7f494c6bb000 r--p 0013a000 08:07 19406                      /usr/lib64/libX11.so.6.3.0
7f494c6bb000-7f494c6bf000 rw-p 0013d000 08:07 19406                      /usr/lib64/libX11.so.6.3.0
7f494c6bf000-7f494c6cb000 r-xp 00000000 08:06 3407886                    /home/mauricioriva/javafx/openjfx-11.0.1_linux-x64_bin-sdk/javafx-sdk-11.0.1/lib/libprism_es2.so
7f494c6cb000-7f494c8ca000 ---p 0000c000 08:06 3407886                    /home/mauricioriva/javafx/openjfx-11.0.1_linux-x64_bin-sdk/javafx-sdk-11.0.1/lib/libprism_es2.so
7f494c8ca000-7f494c8cb000 r--p 0000b000 08:06 3407886                    /home/mauricioriva/javafx/openjfx-11.0.1_linux-x64_bin-sdk/javafx-sdk-11.0.1/lib/libprism_es2.so
7f494c8cb000-7f494c8cc000 rw-p 0000c000 08:06 3407886                    /home/mauricioriva/javafx/openjfx-11.0.1_linux-x64_bin-sdk/javafx-sdk-11.0.1/lib/libprism_es2.so
7f494c8cc000-7f494c8d0000 ---p 00000000 00:00 0 
7f494c8d0000-7f494c9cd000 rw-p 00000000 00:00 0 
7f494c9cd000-7f494c9ce000 ---p 00000000 00:00 0 
7f494c9ce000-7f494cacf000 rw-p 00000000 00:00 0 
7f494cacf000-7f494cad3000 ---p 00000000 00:00 0 
7f494cad3000-7f494cbd0000 rw-p 00000000 00:00 0 
7f494cbd0000-7f494cbd4000 ---p 00000000 00:00 0 
7f494cbd4000-7f494ccd1000 rw-p 00000000 00:00 0 
7f494ccd1000-7f494ccd5000 ---p 00000000 00:00 0 
7f494ccd5000-7f494cdd2000 rw-p 00000000 00:00 0 
7f494cdd2000-7f494cde8000 r-xp 00000000 08:07 25623                      /usr/local/java/jdk-11.0.1/lib/libnet.so
7f494cde8000-7f494cfe7000 ---p 00016000 08:07 25623                      /usr/local/java/jdk-11.0.1/lib/libnet.so
7f494cfe7000-7f494cfe8000 r--p 00015000 08:07 25623                      /usr/local/java/jdk-11.0.1/lib/libnet.so
7f494cfe8000-7f494cfe9000 rw-p 00016000 08:07 25623                      /usr/local/java/jdk-11.0.1/lib/libnet.so
7f494cfe9000-7f494cff9000 r-xp 00000000 08:07 25624                      /usr/local/java/jdk-11.0.1/lib/libnio.so
7f494cff9000-7f494d1f8000 ---p 00010000 08:07 25624                      /usr/local/java/jdk-11.0.1/lib/libnio.so
7f494d1f8000-7f494d1f9000 r--p 0000f000 08:07 25624                      /usr/local/java/jdk-11.0.1/lib/libnio.so
7f494d1f9000-7f494d1fa000 rw-p 00010000 08:07 25624                      /usr/local/java/jdk-11.0.1/lib/libnio.so
7f494d1fa000-7f494d1fe000 ---p 00000000 00:00 0 
7f494d1fe000-7f494d2fb000 rw-p 00000000 00:00 0 
7f494d2fb000-7f494d2ff000 ---p 00000000 00:00 0 
7f494d2ff000-7f494d3fc000 rw-p 00000000 00:00 0 
7f494d3fc000-7f494d400000 ---p 00000000 00:00 0 
7f494d400000-7f494d4fd000 rw-p 00000000 00:00 0 
7f494d4fd000-7f494d501000 ---p 00000000 00:00 0 
7f494d501000-7f494d5fe000 rw-p 00000000 00:00 0 
7f494d5fe000-7f494d602000 ---p 00000000 00:00 0 
7f494d602000-7f494d6ff000 rw-p 00000000 00:00 0 
7f494d6ff000-7f494d703000 ---p 00000000 00:00 0 
7f494d703000-7f4950000000 rw-p 00000000 00:00 0 
7f4950000000-7f4950021000 rw-p 00000000 00:00 0 
7f4950021000-7f4954000000 ---p 00000000 00:00 0 
7f49540cd000-7f49540ce000 ---p 00000000 00:00 0 
7f49540ce000-7f4954440000 rw-p 00000000 00:00 0 
7f4954440000-7f4956128000 ---p 00000000 00:00 0 
7f4956128000-7f4956318000 rw-p 00000000 00:00 0 
7f4956318000-7f4958000000 ---p 00000000 00:00 0 
7f4958000000-7f4958021000 rw-p 00000000 00:00 0 
7f4958021000-7f495c000000 ---p 00000000 00:00 0 
7f495c003000-7f495c05e000 rw-p 00000000 00:00 0 
7f495c05e000-7f495c05f000 ---p 00000000 00:00 0 
7f495c05f000-7f495c160000 rw-p 00000000 00:00 0 
7f495c160000-7f495c161000 ---p 00000000 00:00 0 
7f495c161000-7f495c666000 rw-p 00000000 00:00 0 
7f495c666000-7f495c667000 ---p 00000000 00:00 0 
7f495c667000-7f495c768000 rw-p 00000000 00:00 0 
7f495c768000-7f495c769000 ---p 00000000 00:00 0 
7f495c769000-7f495c8a8000 rw-p 00000000 00:00 0 
7f495c8a8000-7f495cc45000 ---p 00000000 00:00 0 
7f495cc45000-7f495ceb5000 rwxp 00000000 00:00 0 
7f495ceb5000-7f495d1d5000 ---p 00000000 00:00 0 
7f495d1d5000-7f495d445000 rwxp 00000000 00:00 0 
7f495d445000-7f496470d000 ---p 00000000 00:00 0 
7f496470d000-7f496497d000 rwxp 00000000 00:00 0 
7f496497d000-7f496bc45000 ---p 00000000 00:00 0 
7f496bc45000-7f4974000000 r--s 00000000 08:07 25634                      /usr/local/java/jdk-11.0.1/lib/modules
7f4974000000-7f4974450000 rw-p 00000000 00:00 0 
7f4974450000-7f4978000000 ---p 00000000 00:00 0 
7f4978006000-7f4978007000 r--p 00000000 08:07 399500                     /etc/dconf/db/distro
7f4978007000-7f4978008000 r--p 00000000 08:07 394576                     /etc/dconf/db/site
7f4978008000-7f4978009000 r--p 00000000 08:07 394575                     /etc/dconf/db/local
7f4978009000-7f497800c000 r--p 00000000 08:06 5010911                    /home/mauricioriva/.config/dconf/user
7f497800c000-7f497803a000 r--p 00000000 08:07 263350                     /usr/share/glib-2.0/schemas/gschemas.compiled
7f497803a000-7f497803f000 rw-s 00000000 00:2a 96250                      /i915 (deleted)
7f497803f000-7f4978043000 rw-s 00000000 00:2a 96242                      /i915 (deleted)
7f4978043000-7f4978048000 rw-s 00000000 00:2a 96239                      /i915 (deleted)
7f4978048000-7f4978086000 rw-p 00000000 00:00 0 
7f4978086000-7f4978423000 ---p 00000000 00:00 0 
7f4978423000-7f4978461000 rw-p 00000000 00:00 0 
7f4978461000-7f49787fe000 ---p 00000000 00:00 0 
7f49787fe000-7f4978c02000 rw-p 00000000 00:00 0 
7f4978c02000-7f4978c03000 ---p 00000000 00:00 0 
7f4978c03000-7f4978d09000 rw-p 00000000 00:00 0 
7f4978d09000-7f4978def000 ---p 00000000 00:00 0 
7f4978def000-7f4978df4000 rw-p 00000000 00:00 0 
7f4978df4000-7f4978eda000 ---p 00000000 00:00 0 
7f4978eda000-7f4978ef5000 r-xp 00000000 08:07 25615                      /usr/local/java/jdk-11.0.1/lib/libjimage.so
7f4978ef5000-7f49790f4000 ---p 0001b000 08:07 25615                      /usr/local/java/jdk-11.0.1/lib/libjimage.so
7f49790f4000-7f49790f6000 r--p 0001a000 08:07 25615                      /usr/local/java/jdk-11.0.1/lib/libjimage.so
7f49790f6000-7f49790f7000 rw-p 0001c000 08:07 25615                      /usr/local/java/jdk-11.0.1/lib/libjimage.so
7f49790f7000-7f49790fe000 r-xp 00000000 08:07 25633                      /usr/local/java/jdk-11.0.1/lib/libzip.so
7f49790fe000-7f49792fd000 ---p 00007000 08:07 25633                      /usr/local/java/jdk-11.0.1/lib/libzip.so
7f49792fd000-7f49792fe000 r--p 00006000 08:07 25633                      /usr/local/java/jdk-11.0.1/lib/libzip.so
7f49792fe000-7f49792ff000 rw-p 00007000 08:07 25633                      /usr/local/java/jdk-11.0.1/lib/libzip.so
7f49792ff000-7f497930a000 r-xp 00000000 08:07 18348                      /usr/lib64/libnss_files-2.27.so
7f497930a000-7f4979509000 ---p 0000b000 08:07 18348                      /usr/lib64/libnss_files-2.27.so
7f4979509000-7f497950a000 r--p 0000a000 08:07 18348                      /usr/lib64/libnss_files-2.27.so
7f497950a000-7f497950b000 rw-p 0000b000 08:07 18348                      /usr/lib64/libnss_files-2.27.so
7f497950b000-7f4979511000 rw-p 00000000 00:00 0 
7f4979511000-7f4979519000 r-xp 00000000 08:07 34048                      /usr/lib64/libnss_sss.so.2
7f4979519000-7f4979718000 ---p 00008000 08:07 34048                      /usr/lib64/libnss_sss.so.2
7f4979718000-7f4979719000 r--p 00007000 08:07 34048                      /usr/lib64/libnss_sss.so.2
7f4979719000-7f497971a000 rw-p 00008000 08:07 34048                      /usr/lib64/libnss_sss.so.2
7f497971a000-7f4979745000 r-xp 00000000 08:07 25611                      /usr/local/java/jdk-11.0.1/lib/libjava.so
7f4979745000-7f4979944000 ---p 0002b000 08:07 25611                      /usr/local/java/jdk-11.0.1/lib/libjava.so
7f4979944000-7f4979945000 r--p 0002a000 08:07 25611                      /usr/local/java/jdk-11.0.1/lib/libjava.so
7f4979945000-7f4979947000 rw-p 0002b000 08:07 25611                      /usr/local/java/jdk-11.0.1/lib/libjava.so
7f4979947000-7f4979954000 r-xp 00000000 08:07 25632                      /usr/local/java/jdk-11.0.1/lib/libverify.so
7f4979954000-7f4979b53000 ---p 0000d000 08:07 25632                      /usr/local/java/jdk-11.0.1/lib/libverify.so
7f4979b53000-7f4979b55000 r--p 0000c000 08:07 25632                      /usr/local/java/jdk-11.0.1/lib/libverify.so
7f4979b55000-7f4979b56000 rw-p 0000e000 08:07 25632                      /usr/local/java/jdk-11.0.1/lib/libverify.so
7f4979b56000-7f4979b5d000 r-xp 00000000 08:07 18455                      /usr/lib64/librt-2.27.so
7f4979b5d000-7f4979d5c000 ---p 00007000 08:07 18455                      /usr/lib64/librt-2.27.so
7f4979d5c000-7f4979d5d000 r--p 00006000 08:07 18455                      /usr/lib64/librt-2.27.so
7f4979d5d000-7f4979d5e000 rw-p 00007000 08:07 18455                      /usr/lib64/librt-2.27.so
7f4979d5e000-7f4979ef0000 r-xp 00000000 08:07 17956                      /usr/lib64/libm-2.27.so
7f4979ef0000-7f497a0f0000 ---p 00192000 08:07 17956                      /usr/lib64/libm-2.27.so
7f497a0f0000-7f497a0f1000 r--p 00192000 08:07 17956                      /usr/lib64/libm-2.27.so
7f497a0f1000-7f497a0f2000 rw-p 00193000 08:07 17956                      /usr/lib64/libm-2.27.so
7f497a0f2000-7f497b27a000 r-xp 00000000 08:07 25645                      /usr/local/java/jdk-11.0.1/lib/server/libjvm.so
7f497b27a000-7f497b47a000 ---p 01188000 08:07 25645                      /usr/local/java/jdk-11.0.1/lib/server/libjvm.so
7f497b47a000-7f497b544000 r--p 01188000 08:07 25645                      /usr/local/java/jdk-11.0.1/lib/server/libjvm.so
7f497b544000-7f497b57e000 rw-p 01252000 08:07 25645                      /usr/local/java/jdk-11.0.1/lib/server/libjvm.so
7f497b57e000-7f497b5d4000 rw-p 00000000 00:00 0 
7f497b5d4000-7f497b789000 r-xp 00000000 08:07 17801                      /usr/lib64/libc-2.27.so
7f497b789000-7f497b989000 ---p 001b5000 08:07 17801                      /usr/lib64/libc-2.27.so
7f497b989000-7f497b98d000 r--p 001b5000 08:07 17801                      /usr/lib64/libc-2.27.so
7f497b98d000-7f497b98f000 rw-p 001b9000 08:07 17801                      /usr/lib64/libc-2.27.so
7f497b98f000-7f497b993000 rw-p 00000000 00:00 0 
7f497b993000-7f497b996000 r-xp 00000000 08:07 17867                      /usr/lib64/libdl-2.27.so
7f497b996000-7f497bb95000 ---p 00003000 08:07 17867                      /usr/lib64/libdl-2.27.so
7f497bb95000-7f497bb96000 r--p 00002000 08:07 17867                      /usr/lib64/libdl-2.27.so
7f497bb96000-7f497bb97000 rw-p 00003000 08:07 17867                      /usr/lib64/libdl-2.27.so
7f497bb97000-7f497bba6000 r-xp 00000000 08:07 25596                      /usr/local/java/jdk-11.0.1/lib/jli/libjli.so
7f497bba6000-7f497bda6000 ---p 0000f000 08:07 25596                      /usr/local/java/jdk-11.0.1/lib/jli/libjli.so
7f497bda6000-7f497bda7000 r--p 0000f000 08:07 25596                      /usr/local/java/jdk-11.0.1/lib/jli/libjli.so
7f497bda7000-7f497bda8000 rw-p 00010000 08:07 25596                      /usr/local/java/jdk-11.0.1/lib/jli/libjli.so
7f497bda8000-7f497bdc1000 r-xp 00000000 08:07 18349                      /usr/lib64/libpthread-2.27.so
7f497bdc1000-7f497bfc1000 ---p 00019000 08:07 18349                      /usr/lib64/libpthread-2.27.so
7f497bfc1000-7f497bfc2000 r--p 00019000 08:07 18349                      /usr/lib64/libpthread-2.27.so
7f497bfc2000-7f497bfc3000 rw-p 0001a000 08:07 18349                      /usr/lib64/libpthread-2.27.so
7f497bfc3000-7f497bfc7000 rw-p 00000000 00:00 0 
7f497bfc7000-7f497bfdd000 r-xp 00000000 08:07 18719                      /usr/lib64/libz.so.1.2.11
7f497bfdd000-7f497c1dc000 ---p 00016000 08:07 18719                      /usr/lib64/libz.so.1.2.11
7f497c1dc000-7f497c1dd000 r--p 00015000 08:07 18719                      /usr/lib64/libz.so.1.2.11
7f497c1dd000-7f497c1de000 rw-p 00000000 00:00 0 
7f497c1de000-7f497c205000 r-xp 00000000 08:07 21349                      /usr/lib64/ld-2.27.so
7f497c205000-7f497c206000 r--s 00000000 00:32 92677                      /run/user/1000/dconf/user
7f497c206000-7f497c207000 r--p 00000000 08:07 295367                     /usr/share/locale/en/LC_MESSAGES/gtk30.mo
7f497c207000-7f497c208000 rwxp 00000000 00:00 0 
7f497c208000-7f497c2e5000 rw-p 00000000 00:00 0 
7f497c2e5000-7f497c2e9000 ---p 00000000 00:00 0 
7f497c2e9000-7f497c3ea000 rw-p 00000000 00:00 0 
7f497c3ea000-7f497c3ee000 rw-s 00000000 00:2a 96240                      /i915 (deleted)
7f497c3ee000-7f497c3f3000 rw-p 00000000 00:00 0 
7f497c3f3000-7f497c3fa000 ---p 00000000 00:00 0 
7f497c3fa000-7f497c402000 rw-s 00000000 00:2d 96233                      /tmp/hsperfdata_mauricioriva/9725
7f497c402000-7f497c403000 ---p 00000000 00:00 0 
7f497c403000-7f497c404000 r--p 00000000 00:00 0 
7f497c404000-7f497c405000 r--p 00026000 08:07 21349                      /usr/lib64/ld-2.27.so
7f497c405000-7f497c406000 rw-p 00027000 08:07 21349                      /usr/lib64/ld-2.27.so
7f497c406000-7f497c407000 rw-p 00000000 00:00 0 
7ffe09cfd000-7ffe09d1f000 rw-p 00000000 00:00 0                          [stack]
7ffe09d71000-7ffe09d74000 r--p 00000000 00:00 0                          [vvar]
7ffe09d74000-7ffe09d76000 r-xp 00000000 00:00 0                          [vdso]
ffffffffff600000-ffffffffff601000 r-xp 00000000 00:00 0                  [vsyscall]


VM Arguments:
jvm_args: --module-path=/home/mauricioriva/javafx/openjfx-11.0.1_linux-x64_bin-sdk/javafx-sdk-11.0.1/lib --add-modules=javafx.controls 
java_command: sistemasolar.SistemaSolar
java_class_path (initial): .
Launcher Type: SUN_STANDARD

[Global flags]
     intx CICompilerCount                          = 3                                         {product} {ergonomic}
     uint ConcGCThreads                            = 1                                         {product} {ergonomic}
     uint G1ConcRefinementThreads                  = 4                                         {product} {ergonomic}
   size_t G1HeapRegionSize                         = 1048576                                   {product} {ergonomic}
    uintx GCDrainStackTargetSize                   = 64                                        {product} {ergonomic}
   size_t InitialHeapSize                          = 130023424                                 {product} {ergonomic}
   size_t MarkStackSize                            = 4194304                                   {product} {ergonomic}
   size_t MaxHeapSize                              = 2069889024                                {product} {ergonomic}
   size_t MaxNewSize                               = 1241513984                                {product} {ergonomic}
   size_t MinHeapDeltaBytes                        = 1048576                                   {product} {ergonomic}
    uintx NonNMethodCodeHeapSize                   = 5830092                                {pd product} {ergonomic}
    uintx NonProfiledCodeHeapSize                  = 122914074                              {pd product} {ergonomic}
    uintx ProfiledCodeHeapSize                     = 122914074                              {pd product} {ergonomic}
    uintx ReservedCodeCacheSize                    = 251658240                              {pd product} {ergonomic}
     bool SegmentedCodeCache                       = true                                      {product} {ergonomic}
     bool UseCompressedClassPointers               = true                                 {lp64_product} {ergonomic}
     bool UseCompressedOops                        = true                                 {lp64_product} {ergonomic}
     bool UseG1GC                                  = true                                      {product} {ergonomic}

Logging:
Log output configuration:
 #0: stdout all=warning uptime,level,tags
 #1: stderr all=off uptime,level,tags

Environment Variables:
JAVA_HOME=/usr/local/java/jdk-11.0.1
PATH=/usr/share/Modules/bin:/usr/local/bin:/usr/local/sbin:/usr/bin:/usr/sbin:/home/mauricioriva/.cabal/bin:/var/lib/snapd/snap/bin:/home/mauricioriva/bin:/usr/local/java/jdk-11.0.1/bin:/home/mauricioriva/.local/bin:/home/mauricioriva/bin
USERNAME=mauricioriva
SHELL=/bin/bash
DISPLAY=:0

Signal Handlers:
SIGSEGV: [libjvm.so+0xe5ac10], sa_mask[0]=11111111011111111101111111111110, sa_flags=SA_RESTART|SA_SIGINFO
SIGBUS: [libjvm.so+0xe5ac10], sa_mask[0]=11111111011111111101111111111110, sa_flags=SA_RESTART|SA_SIGINFO
SIGFPE: [libjvm.so+0xe5ac10], sa_mask[0]=11111111011111111101111111111110, sa_flags=SA_RESTART|SA_SIGINFO
SIGPIPE: SIG_IGN, sa_mask[0]=00000000000010000000000000000000, sa_flags=SA_RESTART
SIGXFSZ: [libjvm.so+0xc30d00], sa_mask[0]=11111111011111111101111111111110, sa_flags=SA_RESTART|SA_SIGINFO
SIGILL: [libjvm.so+0xe5ac10], sa_mask[0]=11111111011111111101111111111110, sa_flags=SA_RESTART|SA_SIGINFO
SIGUSR2: [libjvm.so+0xc30ba0], sa_mask[0]=00000000000000000000000000000000, sa_flags=SA_RESTART|SA_SIGINFO
SIGHUP: [libjvm.so+0xc30f00], sa_mask[0]=11111111011111111101111111111110, sa_flags=SA_RESTART|SA_SIGINFO
SIGINT: [libjvm.so+0xc30f00], sa_mask[0]=11111111011111111101111111111110, sa_flags=SA_RESTART|SA_SIGINFO
SIGTERM: [libjvm.so+0xc30f00], sa_mask[0]=11111111011111111101111111111110, sa_flags=SA_RESTART|SA_SIGINFO
SIGQUIT: [libjvm.so+0xc30f00], sa_mask[0]=11111111011111111101111111111110, sa_flags=SA_RESTART|SA_SIGINFO


---------------  S Y S T E M  ---------------

OS:Fedora release 28 (Twenty Eight)
uname:Linux 4.18.16-200.fc28.x86_64 #1 SMP Sat Oct 20 23:53:47 UTC 2018 x86_64
libc:glibc 2.27 NPTL 2.27 
rlimit: STACK 8192k, CORE infinity, NPROC 31290, NOFILE 4096, AS infinity, DATA infinity, FSIZE infinity
load average:0.56 0.63 0.57

/proc/meminfo:
MemTotal:        8080240 kB
MemFree:         4077832 kB
MemAvailable:    5647976 kB
Buffers:          110556 kB
Cached:          1975868 kB
SwapCached:            0 kB
Active:          2068356 kB
Inactive:        1520792 kB
Active(anon):    1508472 kB
Inactive(anon):   353108 kB
Active(file):     559884 kB
Inactive(file):  1167684 kB
Unevictable:          16 kB
Mlocked:              16 kB
SwapTotal:       6309884 kB
SwapFree:        6309884 kB
Dirty:            263260 kB
Writeback:             0 kB
AnonPages:       1502836 kB
Mapped:           517384 kB
Shmem:            358872 kB
Slab:             245772 kB
SReclaimable:     131012 kB
SUnreclaim:       114760 kB
KernelStack:       14352 kB
PageTables:        61748 kB
NFS_Unstable:          0 kB
Bounce:                0 kB
WritebackTmp:          0 kB
CommitLimit:    10350004 kB
Committed_AS:    7732784 kB
VmallocTotal:   34359738367 kB
VmallocUsed:           0 kB
VmallocChunk:          0 kB
HardwareCorrupted:     0 kB
AnonHugePages:         0 kB
ShmemHugePages:        0 kB
ShmemPmdMapped:        0 kB
CmaTotal:              0 kB
CmaFree:               0 kB
HugePages_Total:       0
HugePages_Free:        0
HugePages_Rsvd:        0
HugePages_Surp:        0
Hugepagesize:       2048 kB
Hugetlb:               0 kB
DirectMap4k:      243196 kB
DirectMap2M:     5961728 kB
DirectMap1G:     3145728 kB


/proc/sys/kernel/threads-max (system-wide limit on the number of threads):
62581


/proc/sys/vm/max_map_count (maximum number of memory map areas a process may have):
65530


/proc/sys/kernel/pid_max (system-wide limit on number of process identifiers):
32768


container (cgroup) information:
container_type: cgroupv1
cpu_cpuset_cpus: 0-3
cpu_memory_nodes: 0
active_processor_count: 4
cpu_quota: -1
cpu_period: 100000
cpu_shares: -1
memory_limit_in_bytes: -1
memory_and_swap_limit_in_bytes: -1
memory_soft_limit_in_bytes: -1
memory_usage_in_bytes: 814891008
memory_max_usage_in_bytes: 847872000


CPU:total 4 (initial active 4) (2 cores per cpu, 2 threads per core) family 6 model 61 stepping 4, cmov, cx8, fxsr, mmx, sse, sse2, sse3, ssse3, sse4.1, sse4.2, popcnt, avx, avx2, aes, clmul, erms, 3dnowpref, lzcnt, ht, tsc, tscinvbit, bmi1, bmi2, adx, fma
CPU Model and flags from /proc/cpuinfo:
model name	: Intel(R) Core(TM) i3-5005U CPU @ 2.00GHz
flags		: fpu vme de pse tsc msr pae mce cx8 apic sep mtrr pge mca cmov pat pse36 clflush dts acpi mmx fxsr sse sse2 ss ht tm pbe syscall nx pdpe1gb rdtscp lm constant_tsc arch_perfmon pebs bts rep_good nopl xtopology nonstop_tsc cpuid aperfmperf pni pclmulqdq dtes64 monitor ds_cpl vmx est tm2 ssse3 sdbg fma cx16 xtpr pdcm pcid sse4_1 sse4_2 x2apic movbe popcnt tsc_deadline_timer aes xsave avx f16c rdrand lahf_lm abm 3dnowprefetch cpuid_fault epb invpcid_single pti ssbd ibrs ibpb stibp tpr_shadow vnmi flexpriority ept vpid fsgsbase tsc_adjust bmi1 avx2 smep bmi2 erms invpcid rdseed adx smap intel_pt xsaveopt dtherm arat pln pts flush_l1d

Memory: 4k page, physical 8080240k(4077832k free), swap 6309884k(6309884k free)

vm_info: Java HotSpot(TM) 64-Bit Server VM (11.0.1+13-LTS) for linux-amd64 JRE (11.0.1+13-LTS), built on Oct  6 2018 05:13:05 by "mach5one" with gcc 7.3.0

END.
